#
# There is insufficient memory for the Java Runtime Environment to continue.
# Native memory allocation (malloc) failed to allocate 573248 bytes for Chunk::new
# Possible reasons:
#   The system is out of physical RAM or swap space
#   The process is running with CompressedOops enabled, and the Java Heap may be blocking the growth of the native heap
# Possible solutions:
#   Reduce memory load on the system
#   Increase physical memory or swap space
#   Check if swap backing store is full
#   Decrease Java heap size (-Xmx/-Xms)
#   Decrease number of Java threads
#   Decrease Java thread stack sizes (-Xss)
#   Set larger code cache with -XX:ReservedCodeCacheSize=
#   JVM is running with Unscaled Compressed Oops mode in which the Java heap is
#     placed in the first 4GB address space. The Java Heap base address is the
#     maximum limit for the native heap growth. Please use -XX:HeapBaseMinAddress
#     to set the Java Heap base and to place the Java Heap above 4GB virtual address.
# This output file may be truncated or incomplete.
#
#  Out of Memory Error (arena.cpp:191), pid=28796, tid=24024
#
# JRE version: OpenJDK Runtime Environment Temurin-17.0.9+9 (17.0.9+9) (build 17.0.9+9)
# Java VM: OpenJDK 64-Bit Server VM Temurin-17.0.9+9 (17.0.9+9, mixed mode, tiered, compressed oops, compressed class ptrs, parallel gc, windows-amd64)
# No core dump will be written. Minidumps are not enabled by default on client versions of Windows
#

---------------  S U M M A R Y ------------

Command Line: --add-modules=ALL-SYSTEM --add-opens=java.base/java.util=ALL-UNNAMED --add-opens=java.base/java.lang=ALL-UNNAMED --add-opens=java.base/sun.nio.fs=ALL-UNNAMED -Declipse.application=org.eclipse.jdt.ls.core.id1 -Dosgi.bundles.defaultStartLevel=4 -Declipse.product=org.eclipse.jdt.ls.core.product -Djava.import.generatesMetadataFilesAtProjectRoot=false -DDetectVMInstallationsJob.disabled=true -Dfile.encoding=utf8 -XX:+UseParallelGC -XX:GCTimeRatio=4 -XX:AdaptiveSizePolicyWeight=90 -Dsun.zip.disableMemoryMapping=true -Xmx1G -Xms100m -Xlog:disable -javaagent:c:\Users\Avinash.kote\.vscode\extensions\redhat.java-1.25.1-win32-x64\lombok\lombok-1.18.30.jar c:\Users\Avinash.kote\.vscode\extensions\redhat.java-1.25.1-win32-x64\server\plugins\org.eclipse.equinox.launcher_1.6.600.v20231106-1826.jar -configuration c:\Users\Avinash.kote\AppData\Roaming\Code\User\globalStorage\redhat.java\1.25.1\config_ss_win -data c:\Users\Avinash.kote\AppData\Roaming\Code\User\workspaceStorage\531a7c8171398f6ade8ede72f21d7438\redhat.java\ss_ws --stdio

Host: Intel(R) Core(TM) i3-8130U CPU @ 2.20GHz, 4 cores, 7G,  Windows 10 , 64 bit Build 19041 (10.0.19041.1806)
Time: Sat Dec 23 16:01:48 2023 India Standard Time elapsed time: 6.961741 seconds (0d 0h 0m 6s)

---------------  T H R E A D  ---------------

Current thread (0x000002876515b680):  JavaThread "C2 CompilerThread0" daemon [_thread_in_native, id=24024, stack(0x000000b11e200000,0x000000b11e300000)]


Current CompileTask:
C2:   6961  784   !   4       java.util.jar.Attributes::read (498 bytes)

Stack: [0x000000b11e200000,0x000000b11e300000]
Native frames: (J=compiled Java code, j=interpreted, Vv=VM code, C=native code)
V  [jvm.dll+0x67cf49]
V  [jvm.dll+0x83478a]
V  [jvm.dll+0x83624e]
V  [jvm.dll+0x8368b3]
V  [jvm.dll+0x247f1f]
V  [jvm.dll+0xac43c]
V  [jvm.dll+0xaca8c]
V  [jvm.dll+0x367067]
V  [jvm.dll+0x3313ba]
V  [jvm.dll+0x33085a]
V  [jvm.dll+0x21a5b1]
V  [jvm.dll+0x2199d1]
V  [jvm.dll+0x1a57cd]
V  [jvm.dll+0x2297ae]
V  [jvm.dll+0x22797c]
V  [jvm.dll+0x7e9877]
V  [jvm.dll+0x7e3c3a]
V  [jvm.dll+0x67be35]
C  [ucrtbase.dll+0x21bb2]
C  [KERNEL32.DLL+0x17034]
C  [ntdll.dll+0x52651]


---------------  P R O C E S S  ---------------

Threads class SMR info:
_java_thread_list=0x000002876a6494f0, length=12, elements={
0x00000287512eca70, 0x000002875139b5c0, 0x000002875139bf80, 0x0000028765157000,
0x00000287651578d0, 0x00000287651581a0, 0x0000028765158a70, 0x000002876515b680,
0x000002876a35bea0, 0x000002876a37a3f0, 0x000002876a3e96a0, 0x000002876a643b70
}

Java Threads: ( => current thread )
  0x00000287512eca70 JavaThread "main" [_thread_in_native, id=25120, stack(0x000000b11d900000,0x000000b11da00000)]
  0x000002875139b5c0 JavaThread "Reference Handler" daemon [_thread_blocked, id=22828, stack(0x000000b11dc00000,0x000000b11dd00000)]
  0x000002875139bf80 JavaThread "Finalizer" daemon [_thread_blocked, id=10604, stack(0x000000b11dd00000,0x000000b11de00000)]
  0x0000028765157000 JavaThread "Signal Dispatcher" daemon [_thread_blocked, id=29052, stack(0x000000b11de00000,0x000000b11df00000)]
  0x00000287651578d0 JavaThread "Attach Listener" daemon [_thread_blocked, id=8520, stack(0x000000b11df00000,0x000000b11e000000)]
  0x00000287651581a0 JavaThread "Service Thread" daemon [_thread_blocked, id=18524, stack(0x000000b11e000000,0x000000b11e100000)]
  0x0000028765158a70 JavaThread "Monitor Deflation Thread" daemon [_thread_blocked, id=26484, stack(0x000000b11e100000,0x000000b11e200000)]
=>0x000002876515b680 JavaThread "C2 CompilerThread0" daemon [_thread_in_native, id=24024, stack(0x000000b11e200000,0x000000b11e300000)]
  0x000002876a35bea0 JavaThread "C1 CompilerThread0" daemon [_thread_blocked, id=19060, stack(0x000000b11e300000,0x000000b11e400000)]
  0x000002876a37a3f0 JavaThread "Sweeper thread" daemon [_thread_blocked, id=27892, stack(0x000000b11e400000,0x000000b11e500000)]
  0x000002876a3e96a0 JavaThread "Common-Cleaner" daemon [_thread_blocked, id=17772, stack(0x000000b11e500000,0x000000b11e600000)]
  0x000002876a643b70 JavaThread "Notification Thread" daemon [_thread_blocked, id=24980, stack(0x000000b11e600000,0x000000b11e700000)]

Other Threads:
  0x000002876511f1f0 VMThread "VM Thread" [stack: 0x000000b11db00000,0x000000b11dc00000] [id=28052]
  0x000002876a6df7c0 WatcherThread [stack: 0x000000b11e700000,0x000000b11e800000] [id=26276]
  0x00000287512faba0 GCTaskThread "GC Thread#0" [stack: 0x000000b11da00000,0x000000b11db00000] [id=27248]

Threads with active compile tasks:
C2 CompilerThread0     7210  784   !   4       java.util.jar.Attributes::read (498 bytes)

VM state: not at safepoint (normal execution)

VM Mutex/Monitor currently owned by a thread: None

Heap address: 0x00000000c0000000, size: 1024 MB, Compressed Oops mode: 32-bit

CDS archive(s) not mapped
Compressed class space mapped at: 0x0000000100000000-0x0000000140000000, reserved size: 1073741824
Narrow klass base: 0x0000000000000000, Narrow klass shift: 3, Narrow klass range: 0x140000000

GC Precious Log:
 CPUs: 4 total, 4 available
 Memory: 8048M
 Large Page Support: Disabled
 NUMA Support: Disabled
 Compressed Oops: Enabled (32-bit)
 Alignments: Space 512K, Generation 512K, Heap 2M
 Heap Min Capacity: 100M
 Heap Initial Capacity: 100M
 Heap Max Capacity: 1G
 Pre-touch: Disabled
 Parallel Workers: 4

Heap:
 PSYoungGen      total 29696K, used 21839K [0x00000000eab00000, 0x00000000ecc00000, 0x0000000100000000)
  eden space 25600K, 85% used [0x00000000eab00000,0x00000000ec053d28,0x00000000ec400000)
  from space 4096K, 0% used [0x00000000ec800000,0x00000000ec800000,0x00000000ecc00000)
  to   space 4096K, 0% used [0x00000000ec400000,0x00000000ec400000,0x00000000ec800000)
 ParOldGen       total 68608K, used 0K [0x00000000c0000000, 0x00000000c4300000, 0x00000000eab00000)
  object space 68608K, 0% used [0x00000000c0000000,0x00000000c0000000,0x00000000c4300000)
 Metaspace       used 10088K, committed 10304K, reserved 1114112K
  class space    used 1006K, committed 1088K, reserved 1048576K

Card table byte_map: [0x0000028750cb0000,0x0000028750ec0000] _byte_map_base: 0x00000287506b0000

Marking Bits: (ParMarkBitMap*) 0x00007fffc507d0b0
 Begin Bits: [0x0000028762f80000, 0x0000028763f80000)
 End Bits:   [0x0000028763f80000, 0x0000028764f80000)

Polling page: 0x0000028750aa0000

Metaspace:

Usage:
  Non-class:      8.87 MB used.
      Class:   1006.97 KB used.
       Both:      9.85 MB used.

Virtual space:
  Non-class space:       64.00 MB reserved,       9.00 MB ( 14%) committed,  1 nodes.
      Class space:        1.00 GB reserved,       1.06 MB ( <1%) committed,  1 nodes.
             Both:        1.06 GB reserved,      10.06 MB ( <1%) committed. 

Chunk freelists:
   Non-Class:  6.67 MB
       Class:  14.99 MB
        Both:  21.66 MB

MaxMetaspaceSize: unlimited
CompressedClassSpaceSize: 1.00 GB
Initial GC threshold: 21.00 MB
Current GC threshold: 21.00 MB
CDS: off
MetaspaceReclaimPolicy: balanced
 - commit_granule_bytes: 65536.
 - commit_granule_words: 8192.
 - virtual_space_node_default_size: 8388608.
 - enlarge_chunks_in_place: 1.
 - new_chunks_are_fully_committed: 0.
 - uncommit_free_chunks: 1.
 - use_allocation_guard: 0.
 - handle_deallocations: 1.


Internal statistics:

num_allocs_failed_limit: 0.
num_arena_births: 14.
num_arena_deaths: 0.
num_vsnodes_births: 2.
num_vsnodes_deaths: 0.
num_space_committed: 161.
num_space_uncommitted: 0.
num_chunks_returned_to_freelist: 0.
num_chunks_taken_from_freelist: 69.
num_chunk_merges: 0.
num_chunk_splits: 41.
num_chunks_enlarged: 32.
num_inconsistent_stats: 0.

CodeHeap 'non-profiled nmethods': size=120000Kb used=316Kb max_used=316Kb free=119684Kb
 bounds [0x000002875ba50000, 0x000002875bcc0000, 0x0000028762f80000]
CodeHeap 'profiled nmethods': size=120000Kb used=1365Kb max_used=1365Kb free=118634Kb
 bounds [0x0000028753f80000, 0x00000287541f0000, 0x000002875b4b0000]
CodeHeap 'non-nmethods': size=5760Kb used=1135Kb max_used=1156Kb free=4624Kb
 bounds [0x000002875b4b0000, 0x000002875b720000, 0x000002875ba50000]
 total_blobs=1244 nmethods=819 adapters=340
 compilation: enabled
              stopped_count=0, restarted_count=0
 full_count=0

Compilation events (20 events):
Event: 6.728 Thread 0x000002876a35bea0  789       3       java.util.jar.Attributes::entrySet (10 bytes)
Event: 6.728 Thread 0x000002876a35bea0 nmethod 789 0x00000287540c5c90 code [0x00000287540c5e40, 0x00000287540c6008]
Event: 6.728 Thread 0x000002876a35bea0  790       3       java.util.LinkedHashMap::entrySet (27 bytes)
Event: 6.729 Thread 0x000002876a35bea0 nmethod 790 0x00000287540c6110 code [0x00000287540c62e0, 0x00000287540c6658]
Event: 6.729 Thread 0x000002876a35bea0  791       3       java.util.LinkedHashMap$LinkedEntrySet::iterator (12 bytes)
Event: 6.730 Thread 0x000002876a35bea0 nmethod 791 0x00000287540c6790 code [0x00000287540c6940, 0x00000287540c6c18]
Event: 6.730 Thread 0x000002876a35bea0  792       3       java.util.HashMap::putMapEntries (167 bytes)
Event: 6.732 Thread 0x000002876a35bea0 nmethod 792 0x00000287540c6d90 code [0x00000287540c7060, 0x00000287540c7e48]
Event: 6.732 Thread 0x000002876a35bea0  793       3       java.util.LinkedHashMap::<init> (16 bytes)
Event: 6.732 Thread 0x000002876a35bea0 nmethod 793 0x00000287540c8210 code [0x00000287540c83c0, 0x00000287540c8628]
Event: 6.733 Thread 0x000002876a35bea0  794       3       java.util.jar.Attributes::clone (9 bytes)
Event: 6.733 Thread 0x000002876a35bea0 nmethod 794 0x00000287540c8790 code [0x00000287540c8960, 0x00000287540c8de8]
Event: 6.744 Thread 0x000002876a35bea0  796       3       java.lang.ref.SoftReference::get (29 bytes)
Event: 6.744 Thread 0x000002876a35bea0 nmethod 796 0x00000287540c9010 code [0x00000287540c91a0, 0x00000287540c9358]
Event: 6.845 Thread 0x000002876515b680 nmethod 783 0x000002875ba9b710 code [0x000002875ba9b960, 0x000002875ba9cc30]
Event: 6.846 Thread 0x000002876515b680  795       4       sun.security.util.ManifestDigester::findSection (181 bytes)
Event: 6.859 Thread 0x000002876515b680 nmethod 795 0x000002875ba9d490 code [0x000002875ba9d620, 0x000002875ba9d918]
Event: 6.859 Thread 0x000002876515b680  784   !   4       java.util.jar.Attributes::read (498 bytes)
Event: 6.928 Thread 0x000002876a35bea0  797       3       java.util.concurrent.ConcurrentHashMap$Node::<init> (14 bytes)
Event: 6.929 Thread 0x000002876a35bea0 nmethod 797 0x00000287540c9410 code [0x00000287540c95c0, 0x00000287540c97d8]

GC Heap History (0 events):
No events

Dll operation events (8 events):
Event: 0.145 Loaded shared library c:\Users\Avinash.kote\.vscode\extensions\redhat.java-1.25.1-win32-x64\jre\17.0.9-win32-x86_64\bin\java.dll
Event: 0.965 Loaded shared library c:\Users\Avinash.kote\.vscode\extensions\redhat.java-1.25.1-win32-x64\jre\17.0.9-win32-x86_64\bin\zip.dll
Event: 1.178 Loaded shared library C:\Users\Avinash.kote\.vscode\extensions\redhat.java-1.25.1-win32-x64\jre\17.0.9-win32-x86_64\bin\instrument.dll
Event: 1.466 Loaded shared library C:\Users\Avinash.kote\.vscode\extensions\redhat.java-1.25.1-win32-x64\jre\17.0.9-win32-x86_64\bin\net.dll
Event: 1.532 Loaded shared library C:\Users\Avinash.kote\.vscode\extensions\redhat.java-1.25.1-win32-x64\jre\17.0.9-win32-x86_64\bin\nio.dll
Event: 1.599 Loaded shared library C:\Users\Avinash.kote\.vscode\extensions\redhat.java-1.25.1-win32-x64\jre\17.0.9-win32-x86_64\bin\zip.dll
Event: 1.905 Loaded shared library C:\Users\Avinash.kote\.vscode\extensions\redhat.java-1.25.1-win32-x64\jre\17.0.9-win32-x86_64\bin\jimage.dll
Event: 2.452 Loaded shared library c:\Users\Avinash.kote\.vscode\extensions\redhat.java-1.25.1-win32-x64\jre\17.0.9-win32-x86_64\bin\verify.dll

Deoptimization events (20 events):
Event: 6.739 Thread 0x00000287512eca70 DEOPT PACKING pc=0x000002875408f780 sp=0x000000b11d9fda80
Event: 6.739 Thread 0x00000287512eca70 DEOPT UNPACKING pc=0x000002875b506e43 sp=0x000000b11d9fcef0 mode 0
Event: 6.739 Thread 0x00000287512eca70 DEOPT PACKING pc=0x000002875408f780 sp=0x000000b11d9fda80
Event: 6.739 Thread 0x00000287512eca70 DEOPT UNPACKING pc=0x000002875b506e43 sp=0x000000b11d9fcef0 mode 0
Event: 6.739 Thread 0x00000287512eca70 DEOPT PACKING pc=0x000002875408f780 sp=0x000000b11d9fda80
Event: 6.739 Thread 0x00000287512eca70 DEOPT UNPACKING pc=0x000002875b506e43 sp=0x000000b11d9fcef0 mode 0
Event: 6.740 Thread 0x00000287512eca70 DEOPT PACKING pc=0x000002875408f780 sp=0x000000b11d9fda80
Event: 6.740 Thread 0x00000287512eca70 DEOPT UNPACKING pc=0x000002875b506e43 sp=0x000000b11d9fcef0 mode 0
Event: 6.740 Thread 0x00000287512eca70 DEOPT PACKING pc=0x000002875408f780 sp=0x000000b11d9fda80
Event: 6.740 Thread 0x00000287512eca70 DEOPT UNPACKING pc=0x000002875b506e43 sp=0x000000b11d9fcef0 mode 0
Event: 6.740 Thread 0x00000287512eca70 DEOPT PACKING pc=0x000002875408f780 sp=0x000000b11d9fda80
Event: 6.740 Thread 0x00000287512eca70 DEOPT UNPACKING pc=0x000002875b506e43 sp=0x000000b11d9fcef0 mode 0
Event: 6.741 Thread 0x00000287512eca70 DEOPT PACKING pc=0x000002875408f780 sp=0x000000b11d9fda80
Event: 6.742 Thread 0x00000287512eca70 DEOPT UNPACKING pc=0x000002875b506e43 sp=0x000000b11d9fcef0 mode 0
Event: 6.743 Thread 0x00000287512eca70 DEOPT PACKING pc=0x000002875408f780 sp=0x000000b11d9fda80
Event: 6.743 Thread 0x00000287512eca70 DEOPT UNPACKING pc=0x000002875b506e43 sp=0x000000b11d9fcef0 mode 0
Event: 6.743 Thread 0x00000287512eca70 DEOPT PACKING pc=0x000002875408f780 sp=0x000000b11d9fda80
Event: 6.743 Thread 0x00000287512eca70 DEOPT UNPACKING pc=0x000002875b506e43 sp=0x000000b11d9fcef0 mode 0
Event: 6.744 Thread 0x00000287512eca70 DEOPT PACKING pc=0x000002875408f780 sp=0x000000b11d9fda80
Event: 6.744 Thread 0x00000287512eca70 DEOPT UNPACKING pc=0x000002875b506e43 sp=0x000000b11d9fcef0 mode 0

Classes unloaded (0 events):
No events

Classes redefined (0 events):
No events

Internal exceptions (9 events):
Event: 0.651 Thread 0x00000287512eca70 Exception <a 'java/lang/NoSuchMethodError'{0x00000000eacb24e8}: 'void java.lang.invoke.DirectMethodHandle$Holder.invokeStatic(java.lang.Object, java.lang.Object, java.lang.Object)'> (0x00000000eacb24e8) 
thrown [s\src\hotspot\share\interpreter\linkResolver.cpp, line 759]
Event: 2.790 Thread 0x00000287512eca70 Exception <a 'java/lang/reflect/InvocationTargetException'{0x00000000eafe4e20}> (0x00000000eafe4e20) 
thrown [s\src\hotspot\share\runtime\reflection.cpp, line 1121]
Event: 4.704 Thread 0x00000287512eca70 Exception <a 'java/lang/ClassNotFoundException'{0x00000000eb846f90}: sun/net/www/protocol/c/Handler> (0x00000000eb846f90) 
thrown [s\src\hotspot\share\classfile\systemDictionary.cpp, line 256]
Event: 4.849 Thread 0x00000287512eca70 Exception <a 'java/io/FileNotFoundException'{0x00000000eb85a320}> (0x00000000eb85a320) 
thrown [s\src\hotspot\share\prims\jni.cpp, line 516]
Event: 4.850 Thread 0x00000287512eca70 Exception <a 'java/io/FileNotFoundException'{0x00000000eb85b088}> (0x00000000eb85b088) 
thrown [s\src\hotspot\share\prims\jni.cpp, line 516]
Event: 4.851 Thread 0x00000287512eca70 Exception <a 'java/io/FileNotFoundException'{0x00000000eb85bdd0}> (0x00000000eb85bdd0) 
thrown [s\src\hotspot\share\prims\jni.cpp, line 516]
Event: 4.852 Thread 0x00000287512eca70 Exception <a 'java/io/FileNotFoundException'{0x00000000eb85cae8}> (0x00000000eb85cae8) 
thrown [s\src\hotspot\share\prims\jni.cpp, line 516]
Event: 4.962 Thread 0x00000287512eca70 Implicit null exception at 0x000002875ba8b972 to 0x000002875ba8bec0
Event: 4.971 Thread 0x00000287512eca70 Exception <a 'java/io/FileNotFoundException'{0x00000000eb8959b8}> (0x00000000eb8959b8) 
thrown [s\src\hotspot\share\prims\jni.cpp, line 516]

VM Operations (18 events):
Event: 0.717 Executing VM operation: HandshakeAllThreads
Event: 0.718 Executing VM operation: HandshakeAllThreads done
Event: 1.729 Executing VM operation: Cleanup
Event: 1.729 Executing VM operation: Cleanup done
Event: 1.990 Executing VM operation: HandshakeAllThreads
Event: 1.990 Executing VM operation: HandshakeAllThreads done
Event: 3.000 Executing VM operation: Cleanup
Event: 3.000 Executing VM operation: Cleanup done
Event: 4.006 Executing VM operation: Cleanup
Event: 4.052 Executing VM operation: Cleanup done
Event: 4.638 Executing VM operation: HandshakeAllThreads
Event: 4.638 Executing VM operation: HandshakeAllThreads done
Event: 4.672 Executing VM operation: HandshakeAllThreads
Event: 4.672 Executing VM operation: HandshakeAllThreads done
Event: 5.673 Executing VM operation: Cleanup
Event: 5.673 Executing VM operation: Cleanup done
Event: 6.687 Executing VM operation: Cleanup
Event: 6.687 Executing VM operation: Cleanup done

Events (20 events):
Event: 6.822 loading class jdk/internal/logger/LazyLoggers$1 done
Event: 6.822 loading class jdk/internal/logger/LazyLoggers$LazyLoggerFactories
Event: 6.822 loading class jdk/internal/logger/LazyLoggers$LazyLoggerFactories done
Event: 6.822 loading class jdk/internal/logger/DefaultLoggerFinder
Event: 6.822 loading class java/lang/System$LoggerFinder
Event: 6.822 loading class java/lang/System$LoggerFinder done
Event: 6.822 loading class jdk/internal/logger/DefaultLoggerFinder done
Event: 6.822 loading class jdk/internal/logger/DefaultLoggerFinder$1
Event: 6.822 loading class jdk/internal/logger/DefaultLoggerFinder$1 done
Event: 6.822 loading class jdk/internal/logger/BootstrapLogger
Event: 6.823 loading class sun/util/logging/PlatformLogger$Bridge
Event: 6.852 loading class sun/util/logging/PlatformLogger$Bridge done
Event: 6.852 loading class sun/util/logging/PlatformLogger$ConfigurableBridge
Event: 6.853 loading class sun/util/logging/PlatformLogger$ConfigurableBridge done
Event: 6.853 loading class jdk/internal/logger/BootstrapLogger done
Event: 6.853 loading class jdk/internal/logger/BootstrapLogger$DetectBackend
Event: 6.853 loading class jdk/internal/logger/BootstrapLogger$DetectBackend done
Event: 6.853 loading class jdk/internal/logger/BootstrapLogger$DetectBackend$1
Event: 6.859 loading class jdk/internal/logger/BootstrapLogger$DetectBackend$1 done
Event: 6.929 loading class java/util/concurrent/CopyOnWriteArrayList$COWIterator


Dynamic libraries:
0x00007ff7b4b20000 - 0x00007ff7b4b2e000 	c:\Users\Avinash.kote\.vscode\extensions\redhat.java-1.25.1-win32-x64\jre\17.0.9-win32-x86_64\bin\java.exe
0x00007ff83f330000 - 0x00007ff83f528000 	C:\WINDOWS\SYSTEM32\ntdll.dll
0x00007ff83dd10000 - 0x00007ff83ddcd000 	C:\WINDOWS\System32\KERNEL32.DLL
0x00007ff83cd00000 - 0x00007ff83cfce000 	C:\WINDOWS\System32\KERNELBASE.dll
0x0000000056790000 - 0x0000000056825000 	C:\WINDOWS\System32\SYSFER.DLL
0x00007ff83eb00000 - 0x00007ff83ebae000 	C:\WINDOWS\System32\ADVAPI32.dll
0x00007ff83dee0000 - 0x00007ff83df7e000 	C:\WINDOWS\System32\msvcrt.dll
0x00007ff83e920000 - 0x00007ff83e9bc000 	C:\WINDOWS\System32\sechost.dll
0x00007ff83e700000 - 0x00007ff83e825000 	C:\WINDOWS\System32\RPCRT4.dll
0x00007ff83cc00000 - 0x00007ff83cd00000 	C:\WINDOWS\System32\ucrtbase.dll
0x00007ff832470000 - 0x00007ff832487000 	c:\Users\Avinash.kote\.vscode\extensions\redhat.java-1.25.1-win32-x64\jre\17.0.9-win32-x86_64\bin\jli.dll
0x00007ff825880000 - 0x00007ff82589b000 	c:\Users\Avinash.kote\.vscode\extensions\redhat.java-1.25.1-win32-x64\jre\17.0.9-win32-x86_64\bin\VCRUNTIME140.dll
0x00007ff83dae0000 - 0x00007ff83dc80000 	C:\WINDOWS\System32\USER32.dll
0x00007ff83d2e0000 - 0x00007ff83d302000 	C:\WINDOWS\System32\win32u.dll
0x00007ff81fcf0000 - 0x00007ff81ff8a000 	C:\WINDOWS\WinSxS\amd64_microsoft.windows.common-controls_6595b64144ccf1df_6.0.19041.1110_none_60b5254171f9507e\COMCTL32.dll
0x00007ff83dc80000 - 0x00007ff83dcaa000 	C:\WINDOWS\System32\GDI32.dll
0x00007ff83caf0000 - 0x00007ff83cbfb000 	C:\WINDOWS\System32\gdi32full.dll
0x00007ff83ca50000 - 0x00007ff83caed000 	C:\WINDOWS\System32\msvcp_win.dll
0x00007ff83df80000 - 0x00007ff83dfb0000 	C:\WINDOWS\System32\IMM32.DLL
0x00007ff825980000 - 0x00007ff82598c000 	c:\Users\Avinash.kote\.vscode\extensions\redhat.java-1.25.1-win32-x64\jre\17.0.9-win32-x86_64\bin\vcruntime140_1.dll
0x00007ff807bc0000 - 0x00007ff807c4d000 	c:\Users\Avinash.kote\.vscode\extensions\redhat.java-1.25.1-win32-x64\jre\17.0.9-win32-x86_64\bin\msvcp140.dll
0x00007fffc44e0000 - 0x00007fffc5141000 	c:\Users\Avinash.kote\.vscode\extensions\redhat.java-1.25.1-win32-x64\jre\17.0.9-win32-x86_64\bin\server\jvm.dll
0x00007ff83c8c0000 - 0x00007ff83c90b000 	C:\WINDOWS\SYSTEM32\POWRPROF.dll
0x00007ff837610000 - 0x00007ff837619000 	C:\WINDOWS\SYSTEM32\WSOCK32.dll
0x00007ff83e830000 - 0x00007ff83e89b000 	C:\WINDOWS\System32\WS2_32.dll
0x00007ff820250000 - 0x00007ff820277000 	C:\WINDOWS\SYSTEM32\WINMM.dll
0x00007ff8371b0000 - 0x00007ff8371ba000 	C:\WINDOWS\SYSTEM32\VERSION.dll
0x00007ff83c8a0000 - 0x00007ff83c8b2000 	C:\WINDOWS\SYSTEM32\UMPDC.dll
0x00007ff83a970000 - 0x00007ff83a982000 	C:\WINDOWS\SYSTEM32\kernel.appcore.dll
0x00007ff825950000 - 0x00007ff82595a000 	c:\Users\Avinash.kote\.vscode\extensions\redhat.java-1.25.1-win32-x64\jre\17.0.9-win32-x86_64\bin\jimage.dll
0x00007ff81e230000 - 0x00007ff81e414000 	C:\WINDOWS\SYSTEM32\DBGHELP.DLL
0x00007ff81e830000 - 0x00007ff81e85c000 	C:\WINDOWS\SYSTEM32\dbgcore.DLL
0x00007ff83d250000 - 0x00007ff83d2d2000 	C:\WINDOWS\System32\bcryptPrimitives.dll
0x00007ff825650000 - 0x00007ff82565e000 	c:\Users\Avinash.kote\.vscode\extensions\redhat.java-1.25.1-win32-x64\jre\17.0.9-win32-x86_64\bin\instrument.dll
0x00007ff81a370000 - 0x00007ff81a395000 	c:\Users\Avinash.kote\.vscode\extensions\redhat.java-1.25.1-win32-x64\jre\17.0.9-win32-x86_64\bin\java.dll
0x00007ff8224d0000 - 0x00007ff8224e8000 	c:\Users\Avinash.kote\.vscode\extensions\redhat.java-1.25.1-win32-x64\jre\17.0.9-win32-x86_64\bin\zip.dll
0x00007ff83d390000 - 0x00007ff83dad4000 	C:\WINDOWS\System32\SHELL32.dll
0x00007ff83ab70000 - 0x00007ff83b304000 	C:\WINDOWS\SYSTEM32\windows.storage.dll
0x00007ff83e3a0000 - 0x00007ff83e6f4000 	C:\WINDOWS\System32\combase.dll
0x00007ff83c3e0000 - 0x00007ff83c410000 	C:\WINDOWS\SYSTEM32\Wldp.dll
0x00007ff83e0f0000 - 0x00007ff83e19d000 	C:\WINDOWS\System32\SHCORE.dll
0x00007ff83e8c0000 - 0x00007ff83e915000 	C:\WINDOWS\System32\shlwapi.dll
0x00007ff83c990000 - 0x00007ff83c9af000 	C:\WINDOWS\SYSTEM32\profapi.dll
0x00007ff81e980000 - 0x00007ff81e999000 	C:\Users\Avinash.kote\.vscode\extensions\redhat.java-1.25.1-win32-x64\jre\17.0.9-win32-x86_64\bin\net.dll
0x00007ff834b60000 - 0x00007ff834c6a000 	C:\WINDOWS\SYSTEM32\WINHTTP.dll
0x00007ff83c140000 - 0x00007ff83c1aa000 	C:\WINDOWS\system32\mswsock.dll
0x00007ff81cd50000 - 0x00007ff81cd66000 	C:\Users\Avinash.kote\.vscode\extensions\redhat.java-1.25.1-win32-x64\jre\17.0.9-win32-x86_64\bin\nio.dll
0x00007ff8255b0000 - 0x00007ff8255c0000 	c:\Users\Avinash.kote\.vscode\extensions\redhat.java-1.25.1-win32-x64\jre\17.0.9-win32-x86_64\bin\verify.dll

dbghelp: loaded successfully - version: 4.0.5 - missing functions: none
symbol engine: initialized successfully - sym options: 0x614 - pdb path: .;c:\Users\Avinash.kote\.vscode\extensions\redhat.java-1.25.1-win32-x64\jre\17.0.9-win32-x86_64\bin;C:\WINDOWS\SYSTEM32;C:\WINDOWS\WinSxS\amd64_microsoft.windows.common-controls_6595b64144ccf1df_6.0.19041.1110_none_60b5254171f9507e;c:\Users\Avinash.kote\.vscode\extensions\redhat.java-1.25.1-win32-x64\jre\17.0.9-win32-x86_64\bin\server

VM Arguments:
jvm_args: --add-modules=ALL-SYSTEM --add-opens=java.base/java.util=ALL-UNNAMED --add-opens=java.base/java.lang=ALL-UNNAMED --add-opens=java.base/sun.nio.fs=ALL-UNNAMED -Declipse.application=org.eclipse.jdt.ls.core.id1 -Dosgi.bundles.defaultStartLevel=4 -Declipse.product=org.eclipse.jdt.ls.core.product -Djava.import.generatesMetadataFilesAtProjectRoot=false -DDetectVMInstallationsJob.disabled=true -Dfile.encoding=utf8 -XX:+UseParallelGC -XX:GCTimeRatio=4 -XX:AdaptiveSizePolicyWeight=90 -Dsun.zip.disableMemoryMapping=true -Xmx1G -Xms100m -Xlog:disable -javaagent:c:\Users\Avinash.kote\.vscode\extensions\redhat.java-1.25.1-win32-x64\lombok\lombok-1.18.30.jar 
java_command: c:\Users\Avinash.kote\.vscode\extensions\redhat.java-1.25.1-win32-x64\server\plugins\org.eclipse.equinox.launcher_1.6.600.v20231106-1826.jar -configuration c:\Users\Avinash.kote\AppData\Roaming\Code\User\globalStorage\redhat.java\1.25.1\config_ss_win -data c:\Users\Avinash.kote\AppData\Roaming\Code\User\workspaceStorage\531a7c8171398f6ade8ede72f21d7438\redhat.java\ss_ws --stdio
java_class_path (initial): c:\Users\Avinash.kote\.vscode\extensions\redhat.java-1.25.1-win32-x64\server\plugins\org.eclipse.equinox.launcher_1.6.600.v20231106-1826.jar
Launcher Type: SUN_STANDARD

[Global flags]
    uintx AdaptiveSizePolicyWeight                 = 90                                        {product} {command line}
     intx CICompilerCount                          = 3                                         {product} {ergonomic}
    uintx GCTimeRatio                              = 4                                         {product} {command line}
   size_t InitialHeapSize                          = 104857600                                 {product} {command line}
   size_t MaxHeapSize                              = 1073741824                                {product} {command line}
   size_t MaxNewSize                               = 357564416                                 {product} {ergonomic}
   size_t MinHeapDeltaBytes                        = 524288                                    {product} {ergonomic}
   size_t MinHeapSize                              = 104857600                                 {product} {command line}
   size_t NewSize                                  = 34603008                                  {product} {ergonomic}
    uintx NonNMethodCodeHeapSize                   = 5832780                                {pd product} {ergonomic}
    uintx NonProfiledCodeHeapSize                  = 122912730                              {pd product} {ergonomic}
   size_t OldSize                                  = 70254592                                  {product} {ergonomic}
    uintx ProfiledCodeHeapSize                     = 122912730                              {pd product} {ergonomic}
    uintx ReservedCodeCacheSize                    = 251658240                              {pd product} {ergonomic}
     bool SegmentedCodeCache                       = true                                      {product} {ergonomic}
   size_t SoftMaxHeapSize                          = 1073741824                             {manageable} {ergonomic}
     bool UseCompressedClassPointers               = true                           {product lp64_product} {ergonomic}
     bool UseCompressedOops                        = true                           {product lp64_product} {ergonomic}
     bool UseLargePagesIndividualAllocation        = false                                  {pd product} {ergonomic}
     bool UseParallelGC                            = true                                      {product} {command line}

Logging:
Log output configuration:
 #0: stdout all=off uptime,level,tags
 #1: stderr all=off uptime,level,tags

Environment Variables:
JAVA_HOME=C:\Program Files\Java\jdk-14.0.2
PATH=C:\Program Files (x86)\Intel\Intel(R) Management Engine Components\iCLS\;C:\Program Files\Intel\Intel(R) Management Engine Components\iCLS\;C:\WINDOWS\system32;C:\WINDOWS;C:\WINDOWS\System32\Wbem;C:\WINDOWS\System32\WindowsPowerShell\v1.0\;C:\WINDOWS\System32\OpenSSH\;C:\Program Files (x86)\Intel\Intel(R) Management Engine Components\DAL;C:\Program Files\Intel\Intel(R) Management Engine Components\DAL;C:\Program Files\Java\jdk-14.0.2\bin;C:\Program Files\Java\jdk-14.0.2\bin;C:\Program Files\nodejs\;C:\ProgramData\chocolatey\bin;C:\Users\Avinash.kote\AppData\Local\Microsoft\WindowsApps;C:\Users\Avinash.kote\AppData\Local\Programs\Microsoft VS Code\bin;C:\Users\Avinash.kote\AppData\Local\Programs\Git\cmd
USERNAME=Avinash.kote
OS=Windows_NT
PROCESSOR_IDENTIFIER=Intel64 Family 6 Model 142 Stepping 10, GenuineIntel
TMP=C:\Users\AVINAS~1.KOT\AppData\Local\Temp
TEMP=C:\Users\AVINAS~1.KOT\AppData\Local\Temp



Periodic native trim disabled


---------------  S Y S T E M  ---------------

OS:
 Windows 10 , 64 bit Build 19041 (10.0.19041.1806)
OS uptime: 18 days 5:26 hours

CPU: total 4 (initial active 4) (2 cores per cpu, 2 threads per core) family 6 model 142 stepping 10 microcode 0xb4, cx8, cmov, fxsr, ht, mmx, 3dnowpref, sse, sse2, sse3, ssse3, sse4.1, sse4.2, popcnt, lzcnt, tsc, tscinvbit, avx, avx2, aes, erms, clmul, bmi1, bmi2, adx, fma, vzeroupper, clflush, clflushopt
Processor Information for all 4 processors :
  Max Mhz: 2208, Current Mhz: 2208, Mhz Limit: 2208

Memory: 4k page, system-wide physical 8048M (259M free)
TotalPageFile size 32624M (AvailPageFile size 0M)
current process WorkingSet (physical memory assigned to process): 66M, peak: 66M
current process commit charge ("private bytes"): 185M, peak: 185M

vm_info: OpenJDK 64-Bit Server VM (17.0.9+9) for windows-amd64 JRE (17.0.9+9), built on Oct 26 2023 14:01:42 by "admin" with MS VC++ 16.10 / 16.11 (VS2019)

END.
