#
# There is insufficient memory for the Java Runtime Environment to continue.
# Native memory allocation (malloc) failed to allocate 527856 bytes for Chunk::new
# Possible reasons:
#   The system is out of physical RAM or swap space
#   The process is running with CompressedOops enabled, and the Java Heap may be blocking the growth of the native heap
# Possible solutions:
#   Reduce memory load on the system
#   Increase physical memory or swap space
#   Check if swap backing store is full
#   Decrease Java heap size (-Xmx/-Xms)
#   Decrease number of Java threads
#   Decrease Java thread stack sizes (-Xss)
#   Set larger code cache with -XX:ReservedCodeCacheSize=
#   JVM is running with Unscaled Compressed Oops mode in which the Java heap is
#     placed in the first 4GB address space. The Java Heap base address is the
#     maximum limit for the native heap growth. Please use -XX:HeapBaseMinAddress
#     to set the Java Heap base and to place the Java Heap above 4GB virtual address.
# This output file may be truncated or incomplete.
#
#  Out of Memory Error (arena.cpp:191), pid=20064, tid=29484
#
# JRE version: OpenJDK Runtime Environment Temurin-17.0.9+9 (17.0.9+9) (build 17.0.9+9)
# Java VM: OpenJDK 64-Bit Server VM Temurin-17.0.9+9 (17.0.9+9, mixed mode, tiered, compressed oops, compressed class ptrs, parallel gc, windows-amd64)
# No core dump will be written. Minidumps are not enabled by default on client versions of Windows
#

---------------  S U M M A R Y ------------

Command Line: --add-modules=ALL-SYSTEM --add-opens=java.base/java.util=ALL-UNNAMED --add-opens=java.base/java.lang=ALL-UNNAMED --add-opens=java.base/sun.nio.fs=ALL-UNNAMED -Declipse.application=org.eclipse.jdt.ls.core.id1 -Dosgi.bundles.defaultStartLevel=4 -Declipse.product=org.eclipse.jdt.ls.core.product -Djava.import.generatesMetadataFilesAtProjectRoot=false -DDetectVMInstallationsJob.disabled=true -Dfile.encoding=utf8 -XX:+UseParallelGC -XX:GCTimeRatio=4 -XX:AdaptiveSizePolicyWeight=90 -Dsun.zip.disableMemoryMapping=true -Xmx1G -Xms100m -Xlog:disable -javaagent:c:\Users\Avinash.kote\.vscode\extensions\redhat.java-1.25.1-win32-x64\lombok\lombok-1.18.30.jar -XX:+HeapDumpOnOutOfMemoryError -XX:HeapDumpPath=c:\Users\Avinash.kote\AppData\Roaming\Code\User\workspaceStorage\531a7c8171398f6ade8ede72f21d7438\redhat.java -Daether.dependencyCollector.impl=bf c:\Users\Avinash.kote\.vscode\extensions\redhat.java-1.25.1-win32-x64\server\plugins\org.eclipse.equinox.launcher_1.6.600.v20231106-1826.jar -configuration c:\Users\Avinash.kote\AppData\Roaming\Code\User\globalStorage\redhat.java\1.25.1\config_win -data c:\Users\Avinash.kote\AppData\Roaming\Code\User\workspaceStorage\531a7c8171398f6ade8ede72f21d7438\redhat.java\jdt_ws --stdio

Host: Intel(R) Core(TM) i3-8130U CPU @ 2.20GHz, 4 cores, 7G,  Windows 10 , 64 bit Build 19041 (10.0.19041.1806)
Time: Sat Dec 23 16:01:48 2023 India Standard Time elapsed time: 16.940150 seconds (0d 0h 0m 16s)

---------------  T H R E A D  ---------------

Current thread (0x000002422e4fbaa0):  JavaThread "C2 CompilerThread0" daemon [_thread_in_native, id=29484, stack(0x0000005311c00000,0x0000005311d00000)]


Current CompileTask:
C2:  16940  778   !   4       java.util.jar.Attributes::read (498 bytes)

Stack: [0x0000005311c00000,0x0000005311d00000]
Native frames: (J=compiled Java code, j=interpreted, Vv=VM code, C=native code)
V  [jvm.dll+0x67cf49]
V  [jvm.dll+0x83478a]
V  [jvm.dll+0x83624e]
V  [jvm.dll+0x8368b3]
V  [jvm.dll+0x247f1f]
V  [jvm.dll+0xac43c]
V  [jvm.dll+0xaca8c]
V  [jvm.dll+0x367012]
V  [jvm.dll+0x3313ba]
V  [jvm.dll+0x33085a]
V  [jvm.dll+0x21a5b1]
V  [jvm.dll+0x2199d1]
V  [jvm.dll+0x1a57cd]
V  [jvm.dll+0x2297ae]
V  [jvm.dll+0x22797c]
V  [jvm.dll+0x7e9877]
V  [jvm.dll+0x7e3c3a]
V  [jvm.dll+0x67be35]
C  [ucrtbase.dll+0x21bb2]
C  [KERNEL32.DLL+0x17034]
C  [ntdll.dll+0x52651]


---------------  P R O C E S S  ---------------

Threads class SMR info:
_java_thread_list=0x000002423396eb80, length=12, elements={
0x000002421a67a330, 0x000002421a72e660, 0x000002422e4bab50, 0x000002422e4e7260,
0x000002422e4e8270, 0x000002422e4e95a0, 0x000002422e4fadf0, 0x000002422e4fbaa0,
0x000002422e4fd540, 0x0000024233658070, 0x00000242337b8c50, 0x00000242337b9160
}

Java Threads: ( => current thread )
  0x000002421a67a330 JavaThread "main" [_thread_in_native, id=1364, stack(0x0000005311300000,0x0000005311400000)]
  0x000002421a72e660 JavaThread "Reference Handler" daemon [_thread_blocked, id=5856, stack(0x0000005311600000,0x0000005311700000)]
  0x000002422e4bab50 JavaThread "Finalizer" daemon [_thread_blocked, id=29116, stack(0x0000005311700000,0x0000005311800000)]
  0x000002422e4e7260 JavaThread "Signal Dispatcher" daemon [_thread_blocked, id=29612, stack(0x0000005311800000,0x0000005311900000)]
  0x000002422e4e8270 JavaThread "Attach Listener" daemon [_thread_blocked, id=27436, stack(0x0000005311900000,0x0000005311a00000)]
  0x000002422e4e95a0 JavaThread "Service Thread" daemon [_thread_blocked, id=13596, stack(0x0000005311a00000,0x0000005311b00000)]
  0x000002422e4fadf0 JavaThread "Monitor Deflation Thread" daemon [_thread_blocked, id=17548, stack(0x0000005311b00000,0x0000005311c00000)]
=>0x000002422e4fbaa0 JavaThread "C2 CompilerThread0" daemon [_thread_in_native, id=29484, stack(0x0000005311c00000,0x0000005311d00000)]
  0x000002422e4fd540 JavaThread "C1 CompilerThread0" daemon [_thread_blocked, id=23420, stack(0x0000005311d00000,0x0000005311e00000)]
  0x0000024233658070 JavaThread "Sweeper thread" daemon [_thread_blocked, id=23192, stack(0x0000005311e00000,0x0000005311f00000)]
  0x00000242337b8c50 JavaThread "Common-Cleaner" daemon [_thread_blocked, id=19296, stack(0x0000005311f00000,0x0000005312000000)]
  0x00000242337b9160 JavaThread "Notification Thread" daemon [_thread_blocked, id=25100, stack(0x0000005312000000,0x0000005312100000)]

Other Threads:
  0x000002422e4a59c0 VMThread "VM Thread" [stack: 0x0000005311500000,0x0000005311600000] [id=22556]
  0x0000024233a072f0 WatcherThread [stack: 0x0000005312100000,0x0000005312200000] [id=23508]
  0x000002421a6910f0 GCTaskThread "GC Thread#0" [stack: 0x0000005311400000,0x0000005311500000] [id=11156]

Threads with active compile tasks:
C2 CompilerThread0    17187  778   !   4       java.util.jar.Attributes::read (498 bytes)

VM state: not at safepoint (normal execution)

VM Mutex/Monitor currently owned by a thread: None

Heap address: 0x00000000c0000000, size: 1024 MB, Compressed Oops mode: 32-bit

CDS archive(s) not mapped
Compressed class space mapped at: 0x0000000100000000-0x0000000140000000, reserved size: 1073741824
Narrow klass base: 0x0000000000000000, Narrow klass shift: 3, Narrow klass range: 0x140000000

GC Precious Log:
 CPUs: 4 total, 4 available
 Memory: 8048M
 Large Page Support: Disabled
 NUMA Support: Disabled
 Compressed Oops: Enabled (32-bit)
 Alignments: Space 512K, Generation 512K, Heap 2M
 Heap Min Capacity: 100M
 Heap Initial Capacity: 100M
 Heap Max Capacity: 1G
 Pre-touch: Disabled
 Parallel Workers: 4

Heap:
 PSYoungGen      total 29696K, used 21870K [0x00000000eab00000, 0x00000000ecc00000, 0x0000000100000000)
  eden space 25600K, 85% used [0x00000000eab00000,0x00000000ec05bb98,0x00000000ec400000)
  from space 4096K, 0% used [0x00000000ec800000,0x00000000ec800000,0x00000000ecc00000)
  to   space 4096K, 0% used [0x00000000ec400000,0x00000000ec400000,0x00000000ec800000)
 ParOldGen       total 68608K, used 0K [0x00000000c0000000, 0x00000000c4300000, 0x00000000eab00000)
  object space 68608K, 0% used [0x00000000c0000000,0x00000000c0000000,0x00000000c4300000)
 Metaspace       used 10098K, committed 10304K, reserved 1114112K
  class space    used 1007K, committed 1088K, reserved 1048576K

Card table byte_map: [0x000002421a040000,0x000002421a250000] _byte_map_base: 0x0000024219a40000

Marking Bits: (ParMarkBitMap*) 0x00007fffc507d0b0
 Begin Bits: [0x000002422c310000, 0x000002422d310000)
 End Bits:   [0x000002422d310000, 0x000002422e310000)

Polling page: 0x0000024219e30000

Metaspace:

Usage:
  Non-class:      8.88 MB used.
      Class:   1007.54 KB used.
       Both:      9.86 MB used.

Virtual space:
  Non-class space:       64.00 MB reserved,       9.00 MB ( 14%) committed,  1 nodes.
      Class space:        1.00 GB reserved,       1.06 MB ( <1%) committed,  1 nodes.
             Both:        1.06 GB reserved,      10.06 MB ( <1%) committed. 

Chunk freelists:
   Non-Class:  6.67 MB
       Class:  14.99 MB
        Both:  21.66 MB

MaxMetaspaceSize: unlimited
CompressedClassSpaceSize: 1.00 GB
Initial GC threshold: 21.00 MB
Current GC threshold: 21.00 MB
CDS: off
MetaspaceReclaimPolicy: balanced
 - commit_granule_bytes: 65536.
 - commit_granule_words: 8192.
 - virtual_space_node_default_size: 8388608.
 - enlarge_chunks_in_place: 1.
 - new_chunks_are_fully_committed: 0.
 - uncommit_free_chunks: 1.
 - use_allocation_guard: 0.
 - handle_deallocations: 1.


Internal statistics:

num_allocs_failed_limit: 0.
num_arena_births: 14.
num_arena_deaths: 0.
num_vsnodes_births: 2.
num_vsnodes_deaths: 0.
num_space_committed: 161.
num_space_uncommitted: 0.
num_chunks_returned_to_freelist: 0.
num_chunks_taken_from_freelist: 69.
num_chunk_merges: 0.
num_chunk_splits: 41.
num_chunks_enlarged: 32.
num_inconsistent_stats: 0.

CodeHeap 'non-profiled nmethods': size=120000Kb used=307Kb max_used=307Kb free=119692Kb
 bounds [0x0000024224de0000, 0x0000024225050000, 0x000002422c310000]
CodeHeap 'profiled nmethods': size=120000Kb used=1333Kb max_used=1333Kb free=118666Kb
 bounds [0x000002421d310000, 0x000002421d580000, 0x0000024224840000]
CodeHeap 'non-nmethods': size=5760Kb used=1136Kb max_used=1156Kb free=4623Kb
 bounds [0x0000024224840000, 0x0000024224ab0000, 0x0000024224de0000]
 total_blobs=1236 nmethods=811 adapters=340
 compilation: enabled
              stopped_count=0, restarted_count=0
 full_count=0

Compilation events (20 events):
Event: 16.716 Thread 0x000002422e4fd540  782       3       java.util.LinkedHashMap$LinkedEntryIterator::next (5 bytes)
Event: 16.717 Thread 0x000002422e4fd540 nmethod 782 0x000002421d44e510 code [0x000002421d44e6c0, 0x000002421d44e848]
Event: 16.717 Thread 0x000002422e4fd540  783       3       java.util.LinkedHashMap$LinkedHashIterator::<init> (31 bytes)
Event: 16.717 Thread 0x000002422e4fd540 nmethod 783 0x000002421d44e910 code [0x000002421d44eaa0, 0x000002421d44ec58]
Event: 16.717 Thread 0x000002422e4fd540  784       3       java.util.jar.Attributes::entrySet (10 bytes)
Event: 16.717 Thread 0x000002422e4fd540 nmethod 784 0x000002421d44ed10 code [0x000002421d44eec0, 0x000002421d44f088]
Event: 16.717 Thread 0x000002422e4fd540  785       3       java.util.LinkedHashMap::entrySet (27 bytes)
Event: 16.718 Thread 0x000002422e4fd540 nmethod 785 0x000002421d44f190 code [0x000002421d44f360, 0x000002421d44f6d8]
Event: 16.718 Thread 0x000002422e4fd540  786       3       java.util.LinkedHashMap$LinkedEntrySet::iterator (12 bytes)
Event: 16.718 Thread 0x000002422e4fd540 nmethod 786 0x000002421d44f810 code [0x000002421d44f9c0, 0x000002421d44fc98]
Event: 16.718 Thread 0x000002422e4fd540  787       3       java.util.HashMap::putMapEntries (167 bytes)
Event: 16.720 Thread 0x000002422e4fd540 nmethod 787 0x000002421d44fe10 code [0x000002421d4500e0, 0x000002421d450ec8]
Event: 16.722 Thread 0x000002422e4fd540  788       3       java.util.LinkedHashMap::<init> (16 bytes)
Event: 16.722 Thread 0x000002422e4fd540 nmethod 788 0x000002421d451290 code [0x000002421d451440, 0x000002421d4516a8]
Event: 16.722 Thread 0x000002422e4fd540  789       3       java.util.jar.Attributes::clone (9 bytes)
Event: 16.723 Thread 0x000002422e4fd540 nmethod 789 0x000002421d451810 code [0x000002421d4519e0, 0x000002421d451e68]
Event: 16.824 Thread 0x000002422e4fbaa0 nmethod 777 0x0000024224e29510 code [0x0000024224e29760, 0x0000024224e2aa30]
Event: 16.824 Thread 0x000002422e4fbaa0  790       4       sun.security.util.ManifestDigester::findSection (181 bytes)
Event: 16.837 Thread 0x000002422e4fbaa0 nmethod 790 0x0000024224e2b290 code [0x0000024224e2b420, 0x0000024224e2b6f8]
Event: 16.837 Thread 0x000002422e4fbaa0  778   !   4       java.util.jar.Attributes::read (498 bytes)

GC Heap History (0 events):
No events

Dll operation events (8 events):
Event: 0.918 Loaded shared library c:\Users\Avinash.kote\.vscode\extensions\redhat.java-1.25.1-win32-x64\jre\17.0.9-win32-x86_64\bin\java.dll
Event: 10.941 Loaded shared library c:\Users\Avinash.kote\.vscode\extensions\redhat.java-1.25.1-win32-x64\jre\17.0.9-win32-x86_64\bin\zip.dll
Event: 11.148 Loaded shared library C:\Users\Avinash.kote\.vscode\extensions\redhat.java-1.25.1-win32-x64\jre\17.0.9-win32-x86_64\bin\instrument.dll
Event: 11.482 Loaded shared library C:\Users\Avinash.kote\.vscode\extensions\redhat.java-1.25.1-win32-x64\jre\17.0.9-win32-x86_64\bin\net.dll
Event: 11.512 Loaded shared library C:\Users\Avinash.kote\.vscode\extensions\redhat.java-1.25.1-win32-x64\jre\17.0.9-win32-x86_64\bin\nio.dll
Event: 11.558 Loaded shared library C:\Users\Avinash.kote\.vscode\extensions\redhat.java-1.25.1-win32-x64\jre\17.0.9-win32-x86_64\bin\zip.dll
Event: 11.875 Loaded shared library C:\Users\Avinash.kote\.vscode\extensions\redhat.java-1.25.1-win32-x64\jre\17.0.9-win32-x86_64\bin\jimage.dll
Event: 12.430 Loaded shared library c:\Users\Avinash.kote\.vscode\extensions\redhat.java-1.25.1-win32-x64\jre\17.0.9-win32-x86_64\bin\verify.dll

Deoptimization events (20 events):
Event: 16.727 Thread 0x000002421a67a330 DEOPT PACKING pc=0x000002421d41bf00 sp=0x00000053113fd520
Event: 16.727 Thread 0x000002421a67a330 DEOPT UNPACKING pc=0x0000024224896e43 sp=0x00000053113fc990 mode 0
Event: 16.727 Thread 0x000002421a67a330 DEOPT PACKING pc=0x000002421d41bf00 sp=0x00000053113fd520
Event: 16.727 Thread 0x000002421a67a330 DEOPT UNPACKING pc=0x0000024224896e43 sp=0x00000053113fc990 mode 0
Event: 16.728 Thread 0x000002421a67a330 DEOPT PACKING pc=0x000002421d41bf00 sp=0x00000053113fd520
Event: 16.728 Thread 0x000002421a67a330 DEOPT UNPACKING pc=0x0000024224896e43 sp=0x00000053113fc990 mode 0
Event: 16.728 Thread 0x000002421a67a330 DEOPT PACKING pc=0x000002421d41bf00 sp=0x00000053113fd520
Event: 16.728 Thread 0x000002421a67a330 DEOPT UNPACKING pc=0x0000024224896e43 sp=0x00000053113fc990 mode 0
Event: 16.729 Thread 0x000002421a67a330 DEOPT PACKING pc=0x000002421d41bf00 sp=0x00000053113fd520
Event: 16.729 Thread 0x000002421a67a330 DEOPT UNPACKING pc=0x0000024224896e43 sp=0x00000053113fc990 mode 0
Event: 16.729 Thread 0x000002421a67a330 DEOPT PACKING pc=0x000002421d41bf00 sp=0x00000053113fd520
Event: 16.729 Thread 0x000002421a67a330 DEOPT UNPACKING pc=0x0000024224896e43 sp=0x00000053113fc990 mode 0
Event: 16.729 Thread 0x000002421a67a330 DEOPT PACKING pc=0x000002421d41bf00 sp=0x00000053113fd520
Event: 16.729 Thread 0x000002421a67a330 DEOPT UNPACKING pc=0x0000024224896e43 sp=0x00000053113fc990 mode 0
Event: 16.729 Thread 0x000002421a67a330 DEOPT PACKING pc=0x000002421d41bf00 sp=0x00000053113fd520
Event: 16.729 Thread 0x000002421a67a330 DEOPT UNPACKING pc=0x0000024224896e43 sp=0x00000053113fc990 mode 0
Event: 16.729 Thread 0x000002421a67a330 DEOPT PACKING pc=0x000002421d41bf00 sp=0x00000053113fd520
Event: 16.729 Thread 0x000002421a67a330 DEOPT UNPACKING pc=0x0000024224896e43 sp=0x00000053113fc990 mode 0
Event: 16.730 Thread 0x000002421a67a330 DEOPT PACKING pc=0x000002421d41bf00 sp=0x00000053113fd520
Event: 16.730 Thread 0x000002421a67a330 DEOPT UNPACKING pc=0x0000024224896e43 sp=0x00000053113fc990 mode 0

Classes unloaded (0 events):
No events

Classes redefined (0 events):
No events

Internal exceptions (9 events):
Event: 10.631 Thread 0x000002421a67a330 Exception <a 'java/lang/NoSuchMethodError'{0x00000000eacb28a0}: 'void java.lang.invoke.DirectMethodHandle$Holder.invokeStatic(java.lang.Object, java.lang.Object, java.lang.Object)'> (0x00000000eacb28a0) 
thrown [s\src\hotspot\share\interpreter\linkResolver.cpp, line 759]
Event: 12.748 Thread 0x000002421a67a330 Exception <a 'java/lang/reflect/InvocationTargetException'{0x00000000eafe3b18}> (0x00000000eafe3b18) 
thrown [s\src\hotspot\share\runtime\reflection.cpp, line 1121]
Event: 14.712 Thread 0x000002421a67a330 Exception <a 'java/lang/ClassNotFoundException'{0x00000000eb8448d8}: sun/net/www/protocol/c/Handler> (0x00000000eb8448d8) 
thrown [s\src\hotspot\share\classfile\systemDictionary.cpp, line 256]
Event: 14.850 Thread 0x000002421a67a330 Exception <a 'java/io/FileNotFoundException'{0x00000000eb85f880}> (0x00000000eb85f880) 
thrown [s\src\hotspot\share\prims\jni.cpp, line 516]
Event: 14.851 Thread 0x000002421a67a330 Exception <a 'java/io/FileNotFoundException'{0x00000000eb8605e8}> (0x00000000eb8605e8) 
thrown [s\src\hotspot\share\prims\jni.cpp, line 516]
Event: 14.852 Thread 0x000002421a67a330 Exception <a 'java/io/FileNotFoundException'{0x00000000eb861330}> (0x00000000eb861330) 
thrown [s\src\hotspot\share\prims\jni.cpp, line 516]
Event: 14.856 Thread 0x000002421a67a330 Exception <a 'java/io/FileNotFoundException'{0x00000000eb862048}> (0x00000000eb862048) 
thrown [s\src\hotspot\share\prims\jni.cpp, line 516]
Event: 14.944 Thread 0x000002421a67a330 Implicit null exception at 0x0000024224e18672 to 0x0000024224e18bc0
Event: 15.024 Thread 0x000002421a67a330 Exception <a 'java/io/FileNotFoundException'{0x00000000eb89af10}> (0x00000000eb89af10) 
thrown [s\src\hotspot\share\prims\jni.cpp, line 516]

VM Operations (20 events):
Event: 10.013 Executing VM operation: Cleanup
Event: 10.092 Executing VM operation: Cleanup done
Event: 10.684 Executing VM operation: HandshakeAllThreads
Event: 10.685 Executing VM operation: HandshakeAllThreads done
Event: 11.680 Executing VM operation: Cleanup
Event: 11.680 Executing VM operation: Cleanup done
Event: 11.968 Executing VM operation: HandshakeAllThreads
Event: 11.968 Executing VM operation: HandshakeAllThreads done
Event: 12.978 Executing VM operation: Cleanup
Event: 12.979 Executing VM operation: Cleanup done
Event: 13.984 Executing VM operation: Cleanup
Event: 14.030 Executing VM operation: Cleanup done
Event: 14.623 Executing VM operation: HandshakeAllThreads
Event: 14.623 Executing VM operation: HandshakeAllThreads done
Event: 14.706 Executing VM operation: HandshakeAllThreads
Event: 14.706 Executing VM operation: HandshakeAllThreads done
Event: 15.717 Executing VM operation: Cleanup
Event: 15.717 Executing VM operation: Cleanup done
Event: 16.727 Executing VM operation: Cleanup
Event: 16.728 Executing VM operation: Cleanup done

Events (20 events):
Event: 16.800 loading class jdk/internal/logger/LazyLoggers$1 done
Event: 16.800 loading class jdk/internal/logger/LazyLoggers$LazyLoggerFactories
Event: 16.800 loading class jdk/internal/logger/LazyLoggers$LazyLoggerFactories done
Event: 16.800 loading class jdk/internal/logger/DefaultLoggerFinder
Event: 16.801 loading class java/lang/System$LoggerFinder
Event: 16.801 loading class java/lang/System$LoggerFinder done
Event: 16.801 loading class jdk/internal/logger/DefaultLoggerFinder done
Event: 16.801 loading class jdk/internal/logger/DefaultLoggerFinder$1
Event: 16.801 loading class jdk/internal/logger/DefaultLoggerFinder$1 done
Event: 16.801 loading class jdk/internal/logger/BootstrapLogger
Event: 16.801 loading class sun/util/logging/PlatformLogger$Bridge
Event: 16.832 loading class sun/util/logging/PlatformLogger$Bridge done
Event: 16.832 loading class sun/util/logging/PlatformLogger$ConfigurableBridge
Event: 16.835 loading class sun/util/logging/PlatformLogger$ConfigurableBridge done
Event: 16.838 loading class jdk/internal/logger/BootstrapLogger done
Event: 16.839 loading class jdk/internal/logger/BootstrapLogger$DetectBackend
Event: 16.839 loading class jdk/internal/logger/BootstrapLogger$DetectBackend done
Event: 16.839 loading class jdk/internal/logger/BootstrapLogger$DetectBackend$1
Event: 16.839 loading class jdk/internal/logger/BootstrapLogger$DetectBackend$1 done
Event: 16.910 loading class java/util/concurrent/CopyOnWriteArrayList$COWIterator


Dynamic libraries:
0x00007ff7b4b20000 - 0x00007ff7b4b2e000 	c:\Users\Avinash.kote\.vscode\extensions\redhat.java-1.25.1-win32-x64\jre\17.0.9-win32-x86_64\bin\java.exe
0x00007ff83f330000 - 0x00007ff83f528000 	C:\WINDOWS\SYSTEM32\ntdll.dll
0x00007ff83dd10000 - 0x00007ff83ddcd000 	C:\WINDOWS\System32\KERNEL32.DLL
0x00007ff83cd00000 - 0x00007ff83cfce000 	C:\WINDOWS\System32\KERNELBASE.dll
0x0000000056790000 - 0x0000000056825000 	C:\WINDOWS\System32\SYSFER.DLL
0x00007ff83eb00000 - 0x00007ff83ebae000 	C:\WINDOWS\System32\ADVAPI32.dll
0x00007ff83dee0000 - 0x00007ff83df7e000 	C:\WINDOWS\System32\msvcrt.dll
0x00007ff83e920000 - 0x00007ff83e9bc000 	C:\WINDOWS\System32\sechost.dll
0x00007ff83e700000 - 0x00007ff83e825000 	C:\WINDOWS\System32\RPCRT4.dll
0x00007ff83cc00000 - 0x00007ff83cd00000 	C:\WINDOWS\System32\ucrtbase.dll
0x00007ff832470000 - 0x00007ff832487000 	c:\Users\Avinash.kote\.vscode\extensions\redhat.java-1.25.1-win32-x64\jre\17.0.9-win32-x86_64\bin\jli.dll
0x00007ff83dae0000 - 0x00007ff83dc80000 	C:\WINDOWS\System32\USER32.dll
0x00007ff83d2e0000 - 0x00007ff83d302000 	C:\WINDOWS\System32\win32u.dll
0x00007ff83dc80000 - 0x00007ff83dcaa000 	C:\WINDOWS\System32\GDI32.dll
0x00007ff83caf0000 - 0x00007ff83cbfb000 	C:\WINDOWS\System32\gdi32full.dll
0x00007ff83ca50000 - 0x00007ff83caed000 	C:\WINDOWS\System32\msvcp_win.dll
0x00007ff825880000 - 0x00007ff82589b000 	c:\Users\Avinash.kote\.vscode\extensions\redhat.java-1.25.1-win32-x64\jre\17.0.9-win32-x86_64\bin\VCRUNTIME140.dll
0x00007ff81fcf0000 - 0x00007ff81ff8a000 	C:\WINDOWS\WinSxS\amd64_microsoft.windows.common-controls_6595b64144ccf1df_6.0.19041.1110_none_60b5254171f9507e\COMCTL32.dll
0x00007ff83df80000 - 0x00007ff83dfb0000 	C:\WINDOWS\System32\IMM32.DLL
0x00007ff825980000 - 0x00007ff82598c000 	c:\Users\Avinash.kote\.vscode\extensions\redhat.java-1.25.1-win32-x64\jre\17.0.9-win32-x86_64\bin\vcruntime140_1.dll
0x00007ff807bc0000 - 0x00007ff807c4d000 	c:\Users\Avinash.kote\.vscode\extensions\redhat.java-1.25.1-win32-x64\jre\17.0.9-win32-x86_64\bin\msvcp140.dll
0x00007fffc44e0000 - 0x00007fffc5141000 	c:\Users\Avinash.kote\.vscode\extensions\redhat.java-1.25.1-win32-x64\jre\17.0.9-win32-x86_64\bin\server\jvm.dll
0x00007ff83c8c0000 - 0x00007ff83c90b000 	C:\WINDOWS\SYSTEM32\POWRPROF.dll
0x00007ff837610000 - 0x00007ff837619000 	C:\WINDOWS\SYSTEM32\WSOCK32.dll
0x00007ff83e830000 - 0x00007ff83e89b000 	C:\WINDOWS\System32\WS2_32.dll
0x00007ff820250000 - 0x00007ff820277000 	C:\WINDOWS\SYSTEM32\WINMM.dll
0x00007ff8371b0000 - 0x00007ff8371ba000 	C:\WINDOWS\SYSTEM32\VERSION.dll
0x00007ff83c8a0000 - 0x00007ff83c8b2000 	C:\WINDOWS\SYSTEM32\UMPDC.dll
0x00007ff83a970000 - 0x00007ff83a982000 	C:\WINDOWS\SYSTEM32\kernel.appcore.dll
0x00007ff825950000 - 0x00007ff82595a000 	c:\Users\Avinash.kote\.vscode\extensions\redhat.java-1.25.1-win32-x64\jre\17.0.9-win32-x86_64\bin\jimage.dll
0x00007ff81e230000 - 0x00007ff81e414000 	C:\WINDOWS\SYSTEM32\DBGHELP.DLL
0x00007ff81e830000 - 0x00007ff81e85c000 	C:\WINDOWS\SYSTEM32\dbgcore.DLL
0x00007ff83d250000 - 0x00007ff83d2d2000 	C:\WINDOWS\System32\bcryptPrimitives.dll
0x00007ff825650000 - 0x00007ff82565e000 	c:\Users\Avinash.kote\.vscode\extensions\redhat.java-1.25.1-win32-x64\jre\17.0.9-win32-x86_64\bin\instrument.dll
0x00007ff81a370000 - 0x00007ff81a395000 	c:\Users\Avinash.kote\.vscode\extensions\redhat.java-1.25.1-win32-x64\jre\17.0.9-win32-x86_64\bin\java.dll
0x00007ff8224d0000 - 0x00007ff8224e8000 	c:\Users\Avinash.kote\.vscode\extensions\redhat.java-1.25.1-win32-x64\jre\17.0.9-win32-x86_64\bin\zip.dll
0x00007ff83d390000 - 0x00007ff83dad4000 	C:\WINDOWS\System32\SHELL32.dll
0x00007ff83ab70000 - 0x00007ff83b304000 	C:\WINDOWS\SYSTEM32\windows.storage.dll
0x00007ff83e3a0000 - 0x00007ff83e6f4000 	C:\WINDOWS\System32\combase.dll
0x00007ff83c3e0000 - 0x00007ff83c410000 	C:\WINDOWS\SYSTEM32\Wldp.dll
0x00007ff83e0f0000 - 0x00007ff83e19d000 	C:\WINDOWS\System32\SHCORE.dll
0x00007ff83e8c0000 - 0x00007ff83e915000 	C:\WINDOWS\System32\shlwapi.dll
0x00007ff83c990000 - 0x00007ff83c9af000 	C:\WINDOWS\SYSTEM32\profapi.dll
0x00007ff81e980000 - 0x00007ff81e999000 	C:\Users\Avinash.kote\.vscode\extensions\redhat.java-1.25.1-win32-x64\jre\17.0.9-win32-x86_64\bin\net.dll
0x00007ff834b60000 - 0x00007ff834c6a000 	C:\WINDOWS\SYSTEM32\WINHTTP.dll
0x00007ff83c140000 - 0x00007ff83c1aa000 	C:\WINDOWS\system32\mswsock.dll
0x00007ff81cd50000 - 0x00007ff81cd66000 	C:\Users\Avinash.kote\.vscode\extensions\redhat.java-1.25.1-win32-x64\jre\17.0.9-win32-x86_64\bin\nio.dll
0x00007ff8255b0000 - 0x00007ff8255c0000 	c:\Users\Avinash.kote\.vscode\extensions\redhat.java-1.25.1-win32-x64\jre\17.0.9-win32-x86_64\bin\verify.dll

dbghelp: loaded successfully - version: 4.0.5 - missing functions: none
symbol engine: initialized successfully - sym options: 0x614 - pdb path: .;c:\Users\Avinash.kote\.vscode\extensions\redhat.java-1.25.1-win32-x64\jre\17.0.9-win32-x86_64\bin;C:\WINDOWS\SYSTEM32;C:\WINDOWS\WinSxS\amd64_microsoft.windows.common-controls_6595b64144ccf1df_6.0.19041.1110_none_60b5254171f9507e;c:\Users\Avinash.kote\.vscode\extensions\redhat.java-1.25.1-win32-x64\jre\17.0.9-win32-x86_64\bin\server

VM Arguments:
jvm_args: --add-modules=ALL-SYSTEM --add-opens=java.base/java.util=ALL-UNNAMED --add-opens=java.base/java.lang=ALL-UNNAMED --add-opens=java.base/sun.nio.fs=ALL-UNNAMED -Declipse.application=org.eclipse.jdt.ls.core.id1 -Dosgi.bundles.defaultStartLevel=4 -Declipse.product=org.eclipse.jdt.ls.core.product -Djava.import.generatesMetadataFilesAtProjectRoot=false -DDetectVMInstallationsJob.disabled=true -Dfile.encoding=utf8 -XX:+UseParallelGC -XX:GCTimeRatio=4 -XX:AdaptiveSizePolicyWeight=90 -Dsun.zip.disableMemoryMapping=true -Xmx1G -Xms100m -Xlog:disable -javaagent:c:\Users\Avinash.kote\.vscode\extensions\redhat.java-1.25.1-win32-x64\lombok\lombok-1.18.30.jar -XX:+HeapDumpOnOutOfMemoryError -XX:HeapDumpPath=c:\Users\Avinash.kote\AppData\Roaming\Code\User\workspaceStorage\531a7c8171398f6ade8ede72f21d7438\redhat.java -Daether.dependencyCollector.impl=bf 
java_command: c:\Users\Avinash.kote\.vscode\extensions\redhat.java-1.25.1-win32-x64\server\plugins\org.eclipse.equinox.launcher_1.6.600.v20231106-1826.jar -configuration c:\Users\Avinash.kote\AppData\Roaming\Code\User\globalStorage\redhat.java\1.25.1\config_win -data c:\Users\Avinash.kote\AppData\Roaming\Code\User\workspaceStorage\531a7c8171398f6ade8ede72f21d7438\redhat.java\jdt_ws --stdio
java_class_path (initial): c:\Users\Avinash.kote\.vscode\extensions\redhat.java-1.25.1-win32-x64\server\plugins\org.eclipse.equinox.launcher_1.6.600.v20231106-1826.jar
Launcher Type: SUN_STANDARD

[Global flags]
    uintx AdaptiveSizePolicyWeight                 = 90                                        {product} {command line}
     intx CICompilerCount                          = 3                                         {product} {ergonomic}
    uintx GCTimeRatio                              = 4                                         {product} {command line}
     bool HeapDumpOnOutOfMemoryError               = true                                   {manageable} {command line}
    ccstr HeapDumpPath                             = c:\Users\Avinash.kote\AppData\Roaming\Code\User\workspaceStorage\531a7c8171398f6ade8ede72f21d7438\redhat.java         {manageable} {command line}
   size_t InitialHeapSize                          = 104857600                                 {product} {command line}
   size_t MaxHeapSize                              = 1073741824                                {product} {command line}
   size_t MaxNewSize                               = 357564416                                 {product} {ergonomic}
   size_t MinHeapDeltaBytes                        = 524288                                    {product} {ergonomic}
   size_t MinHeapSize                              = 104857600                                 {product} {command line}
   size_t NewSize                                  = 34603008                                  {product} {ergonomic}
    uintx NonNMethodCodeHeapSize                   = 5832780                                {pd product} {ergonomic}
    uintx NonProfiledCodeHeapSize                  = 122912730                              {pd product} {ergonomic}
   size_t OldSize                                  = 70254592                                  {product} {ergonomic}
    uintx ProfiledCodeHeapSize                     = 122912730                              {pd product} {ergonomic}
    uintx ReservedCodeCacheSize                    = 251658240                              {pd product} {ergonomic}
     bool SegmentedCodeCache                       = true                                      {product} {ergonomic}
   size_t SoftMaxHeapSize                          = 1073741824                             {manageable} {ergonomic}
     bool UseCompressedClassPointers               = true                           {product lp64_product} {ergonomic}
     bool UseCompressedOops                        = true                           {product lp64_product} {ergonomic}
     bool UseLargePagesIndividualAllocation        = false                                  {pd product} {ergonomic}
     bool UseParallelGC                            = true                                      {product} {command line}

Logging:
Log output configuration:
 #0: stdout all=off uptime,level,tags
 #1: stderr all=off uptime,level,tags

Environment Variables:
JAVA_HOME=C:\Program Files\Java\jdk-14.0.2
PATH=C:\Program Files (x86)\Intel\Intel(R) Management Engine Components\iCLS\;C:\Program Files\Intel\Intel(R) Management Engine Components\iCLS\;C:\WINDOWS\system32;C:\WINDOWS;C:\WINDOWS\System32\Wbem;C:\WINDOWS\System32\WindowsPowerShell\v1.0\;C:\WINDOWS\System32\OpenSSH\;C:\Program Files (x86)\Intel\Intel(R) Management Engine Components\DAL;C:\Program Files\Intel\Intel(R) Management Engine Components\DAL;C:\Program Files\Java\jdk-14.0.2\bin;C:\Program Files\Java\jdk-14.0.2\bin;C:\Program Files\nodejs\;C:\ProgramData\chocolatey\bin;C:\Users\Avinash.kote\AppData\Local\Microsoft\WindowsApps;C:\Users\Avinash.kote\AppData\Local\Programs\Microsoft VS Code\bin;C:\Users\Avinash.kote\AppData\Local\Programs\Git\cmd
USERNAME=Avinash.kote
OS=Windows_NT
PROCESSOR_IDENTIFIER=Intel64 Family 6 Model 142 Stepping 10, GenuineIntel
TMP=C:\Users\AVINAS~1.KOT\AppData\Local\Temp
TEMP=C:\Users\AVINAS~1.KOT\AppData\Local\Temp



Periodic native trim disabled


---------------  S Y S T E M  ---------------

OS:
 Windows 10 , 64 bit Build 19041 (10.0.19041.1806)
OS uptime: 18 days 5:26 hours

CPU: total 4 (initial active 4) (2 cores per cpu, 2 threads per core) family 6 model 142 stepping 10 microcode 0xb4, cx8, cmov, fxsr, ht, mmx, 3dnowpref, sse, sse2, sse3, ssse3, sse4.1, sse4.2, popcnt, lzcnt, tsc, tscinvbit, avx, avx2, aes, erms, clmul, bmi1, bmi2, adx, fma, vzeroupper, clflush, clflushopt
Processor Information for all 4 processors :
  Max Mhz: 2208, Current Mhz: 2208, Mhz Limit: 2208

Memory: 4k page, system-wide physical 8048M (259M free)
TotalPageFile size 32624M (AvailPageFile size 0M)
current process WorkingSet (physical memory assigned to process): 65M, peak: 65M
current process commit charge ("private bytes"): 184M, peak: 184M

vm_info: OpenJDK 64-Bit Server VM (17.0.9+9) for windows-amd64 JRE (17.0.9+9), built on Oct 26 2023 14:01:42 by "admin" with MS VC++ 16.10 / 16.11 (VS2019)

END.
