#
# There is insufficient memory for the Java Runtime Environment to continue.
# Native memory allocation (malloc) failed to allocate 81776 bytes for Chunk::new
# Possible reasons:
#   The system is out of physical RAM or swap space
#   The process is running with CompressedOops enabled, and the Java Heap may be blocking the growth of the native heap
# Possible solutions:
#   Reduce memory load on the system
#   Increase physical memory or swap space
#   Check if swap backing store is full
#   Decrease Java heap size (-Xmx/-Xms)
#   Decrease number of Java threads
#   Decrease Java thread stack sizes (-Xss)
#   Set larger code cache with -XX:ReservedCodeCacheSize=
#   JVM is running with Unscaled Compressed Oops mode in which the Java heap is
#     placed in the first 4GB address space. The Java Heap base address is the
#     maximum limit for the native heap growth. Please use -XX:HeapBaseMinAddress
#     to set the Java Heap base and to place the Java Heap above 4GB virtual address.
# This output file may be truncated or incomplete.
#
#  Out of Memory Error (arena.cpp:191), pid=7544, tid=23252
#
# JRE version: OpenJDK Runtime Environment Temurin-17.0.9+9 (17.0.9+9) (build 17.0.9+9)
# Java VM: OpenJDK 64-Bit Server VM Temurin-17.0.9+9 (17.0.9+9, mixed mode, tiered, compressed oops, compressed class ptrs, parallel gc, windows-amd64)
# No core dump will be written. Minidumps are not enabled by default on client versions of Windows
#

---------------  S U M M A R Y ------------

Command Line: --add-modules=ALL-SYSTEM --add-opens=java.base/java.util=ALL-UNNAMED --add-opens=java.base/java.lang=ALL-UNNAMED --add-opens=java.base/sun.nio.fs=ALL-UNNAMED -Declipse.application=org.eclipse.jdt.ls.core.id1 -Dosgi.bundles.defaultStartLevel=4 -Declipse.product=org.eclipse.jdt.ls.core.product -Djava.import.generatesMetadataFilesAtProjectRoot=false -DDetectVMInstallationsJob.disabled=true -Dfile.encoding=utf8 -XX:+UseParallelGC -XX:GCTimeRatio=4 -XX:AdaptiveSizePolicyWeight=90 -Dsun.zip.disableMemoryMapping=true -Xmx1G -Xms100m -Xlog:disable -javaagent:c:\Users\Avinash.kote\.vscode\extensions\redhat.java-1.25.1-win32-x64\lombok\lombok-1.18.30.jar -XX:+HeapDumpOnOutOfMemoryError -XX:HeapDumpPath=c:\Users\Avinash.kote\AppData\Roaming\Code\User\workspaceStorage\531a7c8171398f6ade8ede72f21d7438\redhat.java -Daether.dependencyCollector.impl=bf c:\Users\Avinash.kote\.vscode\extensions\redhat.java-1.25.1-win32-x64\server\plugins\org.eclipse.equinox.launcher_1.6.600.v20231106-1826.jar -configuration c:\Users\Avinash.kote\AppData\Roaming\Code\User\globalStorage\redhat.java\1.25.1\config_win -data c:\Users\Avinash.kote\AppData\Roaming\Code\User\workspaceStorage\531a7c8171398f6ade8ede72f21d7438\redhat.java\jdt_ws --stdio

Host: Intel(R) Core(TM) i3-8130U CPU @ 2.20GHz, 4 cores, 7G,  Windows 10 , 64 bit Build 19041 (10.0.19041.1806)
Time: Sat Dec 23 16:01:49 2023 India Standard Time elapsed time: 0.245454 seconds (0d 0h 0m 0s)

---------------  T H R E A D  ---------------

Current thread (0x0000022553e0ab80):  JavaThread "C2 CompilerThread0" daemon [_thread_in_native, id=23252, stack(0x0000008463400000,0x0000008463500000)]


Current CompileTask:
C2:    245  171       4       java.util.HashMap::putVal (300 bytes)

Stack: [0x0000008463400000,0x0000008463500000]
Native frames: (J=compiled Java code, j=interpreted, Vv=VM code, C=native code)
V  [jvm.dll+0x67cf49]
V  [jvm.dll+0x83478a]
V  [jvm.dll+0x83624e]
V  [jvm.dll+0x8368b3]
V  [jvm.dll+0x247f1f]
V  [jvm.dll+0xac43c]
V  [jvm.dll+0xaca8c]
V  [jvm.dll+0x2af45f]
V  [jvm.dll+0x5853f7]
V  [jvm.dll+0x222f62]
V  [jvm.dll+0x21bc8d]
V  [jvm.dll+0x2198c1]
V  [jvm.dll+0x1a57cd]
V  [jvm.dll+0x2297ae]
V  [jvm.dll+0x22797c]
V  [jvm.dll+0x7e9877]
V  [jvm.dll+0x7e3c3a]
V  [jvm.dll+0x67be35]
C  [ucrtbase.dll+0x21bb2]
C  [KERNEL32.DLL+0x17034]
C  [ntdll.dll+0x52651]


---------------  P R O C E S S  ---------------

Threads class SMR info:
_java_thread_list=0x00000225590d2430, length=11, elements={
0x000002253ff99da0, 0x000002254004e6b0, 0x0000022553ddb190, 0x0000022553e04140,
0x0000022553e04c10, 0x0000022553e075f0, 0x0000022553e09ed0, 0x0000022553e0ab80,
0x0000022558fe8070, 0x0000022553e2d6e0, 0x00000225590b4690
}

Java Threads: ( => current thread )
  0x000002253ff99da0 JavaThread "main" [_thread_in_vm, id=25540, stack(0x0000008462b00000,0x0000008462c00000)]
  0x000002254004e6b0 JavaThread "Reference Handler" daemon [_thread_blocked, id=28380, stack(0x0000008462e00000,0x0000008462f00000)]
  0x0000022553ddb190 JavaThread "Finalizer" daemon [_thread_blocked, id=28608, stack(0x0000008462f00000,0x0000008463000000)]
  0x0000022553e04140 JavaThread "Signal Dispatcher" daemon [_thread_blocked, id=18828, stack(0x0000008463000000,0x0000008463100000)]
  0x0000022553e04c10 JavaThread "Attach Listener" daemon [_thread_blocked, id=23292, stack(0x0000008463100000,0x0000008463200000)]
  0x0000022553e075f0 JavaThread "Service Thread" daemon [_thread_blocked, id=19796, stack(0x0000008463200000,0x0000008463300000)]
  0x0000022553e09ed0 JavaThread "Monitor Deflation Thread" daemon [_thread_blocked, id=19384, stack(0x0000008463300000,0x0000008463400000)]
=>0x0000022553e0ab80 JavaThread "C2 CompilerThread0" daemon [_thread_in_native, id=23252, stack(0x0000008463400000,0x0000008463500000)]
  0x0000022558fe8070 JavaThread "C1 CompilerThread0" daemon [_thread_blocked, id=22548, stack(0x0000008463500000,0x0000008463600000)]
  0x0000022553e2d6e0 JavaThread "Sweeper thread" daemon [_thread_blocked, id=11072, stack(0x0000008463600000,0x0000008463700000)]
  0x00000225590b4690 JavaThread "Common-Cleaner" daemon [_thread_blocked, id=20032, stack(0x0000008463700000,0x0000008463800000)]

Other Threads:
  0x0000022553dc6780 VMThread "VM Thread" [stack: 0x0000008462d00000,0x0000008462e00000] [id=26552]
  0x000002253ffae550 GCTaskThread "GC Thread#0" [stack: 0x0000008462c00000,0x0000008462d00000] [id=26756]

Threads with active compile tasks:
C2 CompilerThread0      419  171       4       java.util.HashMap::putVal (300 bytes)

VM state: not at safepoint (normal execution)

VM Mutex/Monitor currently owned by a thread:  ([mutex/lock_event])
[0x000002253defb540] Metaspace_lock - owner thread: 0x000002253ff99da0

Heap address: 0x00000000c0000000, size: 1024 MB, Compressed Oops mode: 32-bit

CDS archive(s) not mapped
Compressed class space mapped at: 0x0000000100000000-0x0000000140000000, reserved size: 1073741824
Narrow klass base: 0x0000000000000000, Narrow klass shift: 3, Narrow klass range: 0x140000000

GC Precious Log:
 CPUs: 4 total, 4 available
 Memory: 8048M
 Large Page Support: Disabled
 NUMA Support: Disabled
 Compressed Oops: Enabled (32-bit)
 Alignments: Space 512K, Generation 512K, Heap 2M
 Heap Min Capacity: 100M
 Heap Initial Capacity: 100M
 Heap Max Capacity: 1G
 Pre-touch: Disabled
 Parallel Workers: 4

Heap:
 PSYoungGen      total 29696K, used 2560K [0x00000000eab00000, 0x00000000ecc00000, 0x0000000100000000)
  eden space 25600K, 10% used [0x00000000eab00000,0x00000000ead801e0,0x00000000ec400000)
  from space 4096K, 0% used [0x00000000ec800000,0x00000000ec800000,0x00000000ecc00000)
  to   space 4096K, 0% used [0x00000000ec400000,0x00000000ec400000,0x00000000ec800000)
 ParOldGen       total 68608K, used 0K [0x00000000c0000000, 0x00000000c4300000, 0x00000000eab00000)
  object space 68608K, 0% used [0x00000000c0000000,0x00000000c0000000,0x00000000c4300000)
 Metaspace       used 4445K, committed 4608K, reserved 1114112K
  class space    used 411K, committed 512K, reserved 1048576K

Card table byte_map: [0x000002253f930000,0x000002253fb40000] _byte_map_base: 0x000002253f330000

Marking Bits: (ParMarkBitMap*) 0x00007fffc507d0b0
 Begin Bits: [0x0000022551c30000, 0x0000022552c30000)
 End Bits:   [0x0000022552c30000, 0x0000022553c30000)

Polling page: 0x000002253df20000

Metaspace:

Usage:
  Non-class:      3.94 MB used.
      Class:    411.20 KB used.
       Both:      4.34 MB used.

Virtual space:
  Non-class space:       64.00 MB reserved,       4.00 MB (  6%) committed,  1 nodes.
      Class space:        1.00 GB reserved,     512.00 KB ( <1%) committed,  1 nodes.
             Both:        1.06 GB reserved,       4.50 MB ( <1%) committed. 

Chunk freelists:
   Non-Class:  12.00 MB
       Class:  15.56 MB
        Both:  27.56 MB

MaxMetaspaceSize: unlimited
CompressedClassSpaceSize: 1.00 GB
Initial GC threshold: 21.00 MB
Current GC threshold: 21.00 MB
CDS: off
MetaspaceReclaimPolicy: balanced
 - commit_granule_bytes: 65536.
 - commit_granule_words: 8192.
 - virtual_space_node_default_size: 8388608.
 - enlarge_chunks_in_place: 1.
 - new_chunks_are_fully_committed: 0.
 - uncommit_free_chunks: 1.
 - use_allocation_guard: 0.
 - handle_deallocations: 1.


Internal statistics:

num_allocs_failed_limit: 0.
num_arena_births: 6.
num_arena_deaths: 0.
num_vsnodes_births: 2.
num_vsnodes_deaths: 0.
num_space_committed: 72.
num_space_uncommitted: 0.
num_chunks_returned_to_freelist: 0.
num_chunks_taken_from_freelist: 9.
num_chunk_merges: 0.
num_chunk_splits: 5.
num_chunks_enlarged: 2.
num_inconsistent_stats: 0.

CodeHeap 'non-profiled nmethods': size=120000Kb used=54Kb max_used=54Kb free=119945Kb
 bounds [0x000002254a700000, 0x000002254a970000, 0x0000022551c30000]
CodeHeap 'profiled nmethods': size=120000Kb used=208Kb max_used=208Kb free=119792Kb
 bounds [0x0000022542c30000, 0x0000022542ea0000, 0x000002254a160000]
CodeHeap 'non-nmethods': size=5760Kb used=1067Kb max_used=1081Kb free=4692Kb
 bounds [0x000002254a160000, 0x000002254a3d0000, 0x000002254a700000]
 total_blobs=524 nmethods=188 adapters=251
 compilation: enabled
              stopped_count=0, restarted_count=0
 full_count=0

Compilation events (20 events):
Event: 0.239 Thread 0x0000022558fe8070 nmethod 177 0x0000022542c5ff10 code [0x0000022542c600a0, 0x0000022542c601e8]
Event: 0.239 Thread 0x0000022558fe8070  178       3       java.util.HashSet::iterator (13 bytes)
Event: 0.239 Thread 0x0000022558fe8070 nmethod 178 0x0000022542c60290 code [0x0000022542c60440, 0x0000022542c606d8]
Event: 0.239 Thread 0x0000022558fe8070  179       1       java.lang.module.ResolvedModule::configuration (5 bytes)
Event: 0.239 Thread 0x0000022553e0ab80 nmethod 155 0x000002254a70c810 code [0x000002254a70c980, 0x000002254a70cb58]
Event: 0.239 Thread 0x0000022558fe8070 nmethod 179 0x000002254a70cc10 code [0x000002254a70cda0, 0x000002254a70ce78]
Event: 0.239 Thread 0x0000022553e0ab80  171       4       java.util.HashMap::putVal (300 bytes)
Event: 0.239 Thread 0x0000022558fe8070  180       1       java.lang.module.ModuleDescriptor::isOpen (5 bytes)
Event: 0.240 Thread 0x0000022558fe8070 nmethod 180 0x000002254a70cf10 code [0x000002254a70d0a0, 0x000002254a70d178]
Event: 0.240 Thread 0x0000022558fe8070  181       1       java.util.HashMap::size (5 bytes)
Event: 0.240 Thread 0x0000022558fe8070 nmethod 181 0x000002254a70d210 code [0x000002254a70d3a0, 0x000002254a70d478]
Event: 0.240 Thread 0x0000022558fe8070  182       1       java.lang.module.ModuleDescriptor$Provides::service (5 bytes)
Event: 0.240 Thread 0x0000022558fe8070 nmethod 182 0x000002254a70d510 code [0x000002254a70d6a0, 0x000002254a70d778]
Event: 0.240 Thread 0x0000022558fe8070  183       3       jdk.internal.org.objectweb.asm.Symbol::<init> (38 bytes)
Event: 0.240 Thread 0x0000022558fe8070 nmethod 183 0x0000022542c60810 code [0x0000022542c609a0, 0x0000022542c60b58]
Event: 0.241 Thread 0x0000022558fe8070  184       3       java.lang.String::indexOf (29 bytes)
Event: 0.241 Thread 0x0000022558fe8070 nmethod 184 0x0000022542c60c10 code [0x0000022542c60de0, 0x0000022542c61078]
Event: 0.241 Thread 0x0000022558fe8070  185       3       java.lang.StringLatin1::indexOf (36 bytes)
Event: 0.241 Thread 0x0000022558fe8070 nmethod 185 0x0000022542c61190 code [0x0000022542c61360, 0x0000022542c61798]
Event: 0.241 Thread 0x0000022558fe8070  188       3       jdk.internal.org.objectweb.asm.SymbolTable::addConstantUtf8 (98 bytes)

GC Heap History (0 events):
No events

Dll operation events (1 events):
Event: 0.027 Loaded shared library c:\Users\Avinash.kote\.vscode\extensions\redhat.java-1.25.1-win32-x64\jre\17.0.9-win32-x86_64\bin\java.dll

Deoptimization events (0 events):
No events

Classes unloaded (0 events):
No events

Classes redefined (0 events):
No events

Internal exceptions (1 events):
Event: 0.217 Thread 0x000002253ff99da0 Exception <a 'java/lang/NoSuchMethodError'{0x00000000eacb2538}: 'void java.lang.invoke.DirectMethodHandle$Holder.invokeStatic(java.lang.Object, java.lang.Object, java.lang.Object)'> (0x00000000eacb2538) 
thrown [s\src\hotspot\share\interpreter\linkResolver.cpp, line 759]

VM Operations (2 events):
Event: 0.224 Executing VM operation: HandshakeAllThreads
Event: 0.224 Executing VM operation: HandshakeAllThreads done

Events (20 events):
Event: 0.225 loading class java/util/Collections$UnmodifiableCollection$1 done
Event: 0.225 loading class java/lang/module/ResolvedModule
Event: 0.225 loading class java/lang/module/ResolvedModule done
Event: 0.234 loading class jdk/internal/module/ModuleLoaderMap
Event: 0.234 loading class jdk/internal/module/ModuleLoaderMap done
Event: 0.234 loading class jdk/internal/module/ModuleLoaderMap$Mapper
Event: 0.234 loading class jdk/internal/module/ModuleLoaderMap$Mapper done
Event: 0.234 loading class jdk/internal/module/ModuleLoaderMap$Modules
Event: 0.234 loading class jdk/internal/module/ModuleLoaderMap$Modules done
Event: 0.239 loading class jdk/internal/loader/AbstractClassLoaderValue$Memoizer
Event: 0.239 loading class jdk/internal/loader/AbstractClassLoaderValue$Memoizer done
Event: 0.239 loading class jdk/internal/module/ServicesCatalog$ServiceProvider
Event: 0.239 loading class jdk/internal/module/ServicesCatalog$ServiceProvider done
Event: 0.239 loading class java/util/concurrent/CopyOnWriteArrayList
Event: 0.240 loading class java/util/concurrent/CopyOnWriteArrayList done
Event: 0.240 loading class java/lang/ModuleLayer$Controller
Event: 0.240 loading class java/lang/ModuleLayer$Controller done
Event: 0.241 loading class java/util/ArrayList$SubList
Event: 0.241 loading class java/util/ArrayList$SubList done
Event: 0.241 loading class java/lang/WeakPairMap$Pair$Weak


Dynamic libraries:
0x00007ff7b4b20000 - 0x00007ff7b4b2e000 	c:\Users\Avinash.kote\.vscode\extensions\redhat.java-1.25.1-win32-x64\jre\17.0.9-win32-x86_64\bin\java.exe
0x00007ff83f330000 - 0x00007ff83f528000 	C:\WINDOWS\SYSTEM32\ntdll.dll
0x00007ff83dd10000 - 0x00007ff83ddcd000 	C:\WINDOWS\System32\KERNEL32.DLL
0x00007ff83cd00000 - 0x00007ff83cfce000 	C:\WINDOWS\System32\KERNELBASE.dll
0x0000000056790000 - 0x0000000056825000 	C:\WINDOWS\System32\SYSFER.DLL
0x00007ff83eb00000 - 0x00007ff83ebae000 	C:\WINDOWS\System32\ADVAPI32.dll
0x00007ff83dee0000 - 0x00007ff83df7e000 	C:\WINDOWS\System32\msvcrt.dll
0x00007ff83e920000 - 0x00007ff83e9bc000 	C:\WINDOWS\System32\sechost.dll
0x00007ff83e700000 - 0x00007ff83e825000 	C:\WINDOWS\System32\RPCRT4.dll
0x00007ff83cc00000 - 0x00007ff83cd00000 	C:\WINDOWS\System32\ucrtbase.dll
0x00007ff832470000 - 0x00007ff832487000 	c:\Users\Avinash.kote\.vscode\extensions\redhat.java-1.25.1-win32-x64\jre\17.0.9-win32-x86_64\bin\jli.dll
0x00007ff83dae0000 - 0x00007ff83dc80000 	C:\WINDOWS\System32\USER32.dll
0x00007ff83d2e0000 - 0x00007ff83d302000 	C:\WINDOWS\System32\win32u.dll
0x00007ff83dc80000 - 0x00007ff83dcaa000 	C:\WINDOWS\System32\GDI32.dll
0x00007ff83caf0000 - 0x00007ff83cbfb000 	C:\WINDOWS\System32\gdi32full.dll
0x00007ff83ca50000 - 0x00007ff83caed000 	C:\WINDOWS\System32\msvcp_win.dll
0x00007ff81fcf0000 - 0x00007ff81ff8a000 	C:\WINDOWS\WinSxS\amd64_microsoft.windows.common-controls_6595b64144ccf1df_6.0.19041.1110_none_60b5254171f9507e\COMCTL32.dll
0x00007ff825880000 - 0x00007ff82589b000 	c:\Users\Avinash.kote\.vscode\extensions\redhat.java-1.25.1-win32-x64\jre\17.0.9-win32-x86_64\bin\VCRUNTIME140.dll
0x00007ff83df80000 - 0x00007ff83dfb0000 	C:\WINDOWS\System32\IMM32.DLL
0x00007ff825980000 - 0x00007ff82598c000 	c:\Users\Avinash.kote\.vscode\extensions\redhat.java-1.25.1-win32-x64\jre\17.0.9-win32-x86_64\bin\vcruntime140_1.dll
0x00007ff807bc0000 - 0x00007ff807c4d000 	c:\Users\Avinash.kote\.vscode\extensions\redhat.java-1.25.1-win32-x64\jre\17.0.9-win32-x86_64\bin\msvcp140.dll
0x00007fffc44e0000 - 0x00007fffc5141000 	c:\Users\Avinash.kote\.vscode\extensions\redhat.java-1.25.1-win32-x64\jre\17.0.9-win32-x86_64\bin\server\jvm.dll
0x00007ff83c8c0000 - 0x00007ff83c90b000 	C:\WINDOWS\SYSTEM32\POWRPROF.dll
0x00007ff837610000 - 0x00007ff837619000 	C:\WINDOWS\SYSTEM32\WSOCK32.dll
0x00007ff83e830000 - 0x00007ff83e89b000 	C:\WINDOWS\System32\WS2_32.dll
0x00007ff820250000 - 0x00007ff820277000 	C:\WINDOWS\SYSTEM32\WINMM.dll
0x00007ff8371b0000 - 0x00007ff8371ba000 	C:\WINDOWS\SYSTEM32\VERSION.dll
0x00007ff83c8a0000 - 0x00007ff83c8b2000 	C:\WINDOWS\SYSTEM32\UMPDC.dll
0x00007ff83a970000 - 0x00007ff83a982000 	C:\WINDOWS\SYSTEM32\kernel.appcore.dll
0x00007ff825950000 - 0x00007ff82595a000 	c:\Users\Avinash.kote\.vscode\extensions\redhat.java-1.25.1-win32-x64\jre\17.0.9-win32-x86_64\bin\jimage.dll
0x00007ff81e230000 - 0x00007ff81e414000 	C:\WINDOWS\SYSTEM32\DBGHELP.DLL
0x00007ff81e830000 - 0x00007ff81e85c000 	C:\WINDOWS\SYSTEM32\dbgcore.DLL
0x00007ff83d250000 - 0x00007ff83d2d2000 	C:\WINDOWS\System32\bcryptPrimitives.dll
0x00007ff825650000 - 0x00007ff82565e000 	c:\Users\Avinash.kote\.vscode\extensions\redhat.java-1.25.1-win32-x64\jre\17.0.9-win32-x86_64\bin\instrument.dll
0x00007ff81a370000 - 0x00007ff81a395000 	c:\Users\Avinash.kote\.vscode\extensions\redhat.java-1.25.1-win32-x64\jre\17.0.9-win32-x86_64\bin\java.dll
0x00007ff8224d0000 - 0x00007ff8224e8000 	c:\Users\Avinash.kote\.vscode\extensions\redhat.java-1.25.1-win32-x64\jre\17.0.9-win32-x86_64\bin\zip.dll
0x00007ff83d390000 - 0x00007ff83dad4000 	C:\WINDOWS\System32\SHELL32.dll
0x00007ff83ab70000 - 0x00007ff83b304000 	C:\WINDOWS\SYSTEM32\windows.storage.dll
0x00007ff83e3a0000 - 0x00007ff83e6f4000 	C:\WINDOWS\System32\combase.dll
0x00007ff83c3e0000 - 0x00007ff83c410000 	C:\WINDOWS\SYSTEM32\Wldp.dll
0x00007ff83e0f0000 - 0x00007ff83e19d000 	C:\WINDOWS\System32\SHCORE.dll
0x00007ff83e8c0000 - 0x00007ff83e915000 	C:\WINDOWS\System32\shlwapi.dll
0x00007ff83c990000 - 0x00007ff83c9af000 	C:\WINDOWS\SYSTEM32\profapi.dll

dbghelp: loaded successfully - version: 4.0.5 - missing functions: none
symbol engine: initialized successfully - sym options: 0x614 - pdb path: .;c:\Users\Avinash.kote\.vscode\extensions\redhat.java-1.25.1-win32-x64\jre\17.0.9-win32-x86_64\bin;C:\WINDOWS\SYSTEM32;C:\WINDOWS\WinSxS\amd64_microsoft.windows.common-controls_6595b64144ccf1df_6.0.19041.1110_none_60b5254171f9507e;c:\Users\Avinash.kote\.vscode\extensions\redhat.java-1.25.1-win32-x64\jre\17.0.9-win32-x86_64\bin\server

VM Arguments:
jvm_args: --add-modules=ALL-SYSTEM --add-opens=java.base/java.util=ALL-UNNAMED --add-opens=java.base/java.lang=ALL-UNNAMED --add-opens=java.base/sun.nio.fs=ALL-UNNAMED -Declipse.application=org.eclipse.jdt.ls.core.id1 -Dosgi.bundles.defaultStartLevel=4 -Declipse.product=org.eclipse.jdt.ls.core.product -Djava.import.generatesMetadataFilesAtProjectRoot=false -DDetectVMInstallationsJob.disabled=true -Dfile.encoding=utf8 -XX:+UseParallelGC -XX:GCTimeRatio=4 -XX:AdaptiveSizePolicyWeight=90 -Dsun.zip.disableMemoryMapping=true -Xmx1G -Xms100m -Xlog:disable -javaagent:c:\Users\Avinash.kote\.vscode\extensions\redhat.java-1.25.1-win32-x64\lombok\lombok-1.18.30.jar -XX:+HeapDumpOnOutOfMemoryError -XX:HeapDumpPath=c:\Users\Avinash.kote\AppData\Roaming\Code\User\workspaceStorage\531a7c8171398f6ade8ede72f21d7438\redhat.java -Daether.dependencyCollector.impl=bf 
java_command: c:\Users\Avinash.kote\.vscode\extensions\redhat.java-1.25.1-win32-x64\server\plugins\org.eclipse.equinox.launcher_1.6.600.v20231106-1826.jar -configuration c:\Users\Avinash.kote\AppData\Roaming\Code\User\globalStorage\redhat.java\1.25.1\config_win -data c:\Users\Avinash.kote\AppData\Roaming\Code\User\workspaceStorage\531a7c8171398f6ade8ede72f21d7438\redhat.java\jdt_ws --stdio
java_class_path (initial): c:\Users\Avinash.kote\.vscode\extensions\redhat.java-1.25.1-win32-x64\server\plugins\org.eclipse.equinox.launcher_1.6.600.v20231106-1826.jar
Launcher Type: SUN_STANDARD

[Global flags]
    uintx AdaptiveSizePolicyWeight                 = 90                                        {product} {command line}
     intx CICompilerCount                          = 3                                         {product} {ergonomic}
    uintx GCTimeRatio                              = 4                                         {product} {command line}
     bool HeapDumpOnOutOfMemoryError               = true                                   {manageable} {command line}
    ccstr HeapDumpPath                             = c:\Users\Avinash.kote\AppData\Roaming\Code\User\workspaceStorage\531a7c8171398f6ade8ede72f21d7438\redhat.java         {manageable} {command line}
   size_t InitialHeapSize                          = 104857600                                 {product} {command line}
   size_t MaxHeapSize                              = 1073741824                                {product} {command line}
   size_t MaxNewSize                               = 357564416                                 {product} {ergonomic}
   size_t MinHeapDeltaBytes                        = 524288                                    {product} {ergonomic}
   size_t MinHeapSize                              = 104857600                                 {product} {command line}
   size_t NewSize                                  = 34603008                                  {product} {ergonomic}
    uintx NonNMethodCodeHeapSize                   = 5832780                                {pd product} {ergonomic}
    uintx NonProfiledCodeHeapSize                  = 122912730                              {pd product} {ergonomic}
   size_t OldSize                                  = 70254592                                  {product} {ergonomic}
    uintx ProfiledCodeHeapSize                     = 122912730                              {pd product} {ergonomic}
    uintx ReservedCodeCacheSize                    = 251658240                              {pd product} {ergonomic}
     bool SegmentedCodeCache                       = true                                      {product} {ergonomic}
   size_t SoftMaxHeapSize                          = 1073741824                             {manageable} {ergonomic}
     bool UseCompressedClassPointers               = true                           {product lp64_product} {ergonomic}
     bool UseCompressedOops                        = true                           {product lp64_product} {ergonomic}
     bool UseLargePagesIndividualAllocation        = false                                  {pd product} {ergonomic}
     bool UseParallelGC                            = true                                      {product} {command line}

Logging:
Log output configuration:
 #0: stdout all=off uptime,level,tags
 #1: stderr all=off uptime,level,tags

Environment Variables:
JAVA_HOME=C:\Program Files\Java\jdk-14.0.2
PATH=C:\Program Files (x86)\Intel\Intel(R) Management Engine Components\iCLS\;C:\Program Files\Intel\Intel(R) Management Engine Components\iCLS\;C:\WINDOWS\system32;C:\WINDOWS;C:\WINDOWS\System32\Wbem;C:\WINDOWS\System32\WindowsPowerShell\v1.0\;C:\WINDOWS\System32\OpenSSH\;C:\Program Files (x86)\Intel\Intel(R) Management Engine Components\DAL;C:\Program Files\Intel\Intel(R) Management Engine Components\DAL;C:\Program Files\Java\jdk-14.0.2\bin;C:\Program Files\Java\jdk-14.0.2\bin;C:\Program Files\nodejs\;C:\ProgramData\chocolatey\bin;C:\Users\Avinash.kote\AppData\Local\Microsoft\WindowsApps;C:\Users\Avinash.kote\AppData\Local\Programs\Microsoft VS Code\bin;C:\Users\Avinash.kote\AppData\Local\Programs\Git\cmd
USERNAME=Avinash.kote
OS=Windows_NT
PROCESSOR_IDENTIFIER=Intel64 Family 6 Model 142 Stepping 10, GenuineIntel
TMP=C:\Users\AVINAS~1.KOT\AppData\Local\Temp
TEMP=C:\Users\AVINAS~1.KOT\AppData\Local\Temp



Periodic native trim disabled


---------------  S Y S T E M  ---------------

OS:
 Windows 10 , 64 bit Build 19041 (10.0.19041.1806)
OS uptime: 18 days 5:26 hours

CPU: total 4 (initial active 4) (2 cores per cpu, 2 threads per core) family 6 model 142 stepping 10 microcode 0xb4, cx8, cmov, fxsr, ht, mmx, 3dnowpref, sse, sse2, sse3, ssse3, sse4.1, sse4.2, popcnt, lzcnt, tsc, tscinvbit, avx, avx2, aes, erms, clmul, bmi1, bmi2, adx, fma, vzeroupper, clflush, clflushopt
Processor Information for all 4 processors :
  Max Mhz: 2208, Current Mhz: 2208, Mhz Limit: 2208

Memory: 4k page, system-wide physical 8048M (315M free)
TotalPageFile size 32624M (AvailPageFile size 150M)
current process WorkingSet (physical memory assigned to process): 30M, peak: 30M
current process commit charge ("private bytes"): 171M, peak: 171M

vm_info: OpenJDK 64-Bit Server VM (17.0.9+9) for windows-amd64 JRE (17.0.9+9), built on Oct 26 2023 14:01:42 by "admin" with MS VC++ 16.10 / 16.11 (VS2019)

END.
