#
# There is insufficient memory for the Java Runtime Environment to continue.
# Native memory allocation (malloc) failed to allocate 32744 bytes for ChunkPool::allocate
# Possible reasons:
#   The system is out of physical RAM or swap space
#   The process is running with CompressedOops enabled, and the Java Heap may be blocking the growth of the native heap
# Possible solutions:
#   Reduce memory load on the system
#   Increase physical memory or swap space
#   Check if swap backing store is full
#   Decrease Java heap size (-Xmx/-Xms)
#   Decrease number of Java threads
#   Decrease Java thread stack sizes (-Xss)
#   Set larger code cache with -XX:ReservedCodeCacheSize=
#   JVM is running with Unscaled Compressed Oops mode in which the Java heap is
#     placed in the first 4GB address space. The Java Heap base address is the
#     maximum limit for the native heap growth. Please use -XX:HeapBaseMinAddress
#     to set the Java Heap base and to place the Java Heap above 4GB virtual address.
# This output file may be truncated or incomplete.
#
#  Out of Memory Error (arena.cpp:79), pid=19024, tid=28372
#
# JRE version: OpenJDK Runtime Environment Temurin-17.0.9+9 (17.0.9+9) (build 17.0.9+9)
# Java VM: OpenJDK 64-Bit Server VM Temurin-17.0.9+9 (17.0.9+9, mixed mode, tiered, compressed oops, compressed class ptrs, parallel gc, windows-amd64)
# No core dump will be written. Minidumps are not enabled by default on client versions of Windows
#

---------------  S U M M A R Y ------------

Command Line: --add-modules=ALL-SYSTEM --add-opens=java.base/java.util=ALL-UNNAMED --add-opens=java.base/java.lang=ALL-UNNAMED --add-opens=java.base/sun.nio.fs=ALL-UNNAMED -Declipse.application=org.eclipse.jdt.ls.core.id1 -Dosgi.bundles.defaultStartLevel=4 -Declipse.product=org.eclipse.jdt.ls.core.product -Djava.import.generatesMetadataFilesAtProjectRoot=false -DDetectVMInstallationsJob.disabled=true -Dfile.encoding=utf8 -XX:+UseParallelGC -XX:GCTimeRatio=4 -XX:AdaptiveSizePolicyWeight=90 -Dsun.zip.disableMemoryMapping=true -Xmx1G -Xms100m -Xlog:disable -javaagent:c:\Users\Avinash.kote\.vscode\extensions\redhat.java-1.25.1-win32-x64\lombok\lombok-1.18.30.jar c:\Users\Avinash.kote\.vscode\extensions\redhat.java-1.25.1-win32-x64\server\plugins\org.eclipse.equinox.launcher_1.6.600.v20231106-1826.jar -configuration c:\Users\Avinash.kote\AppData\Roaming\Code\User\globalStorage\redhat.java\1.25.1\config_ss_win -data c:\Users\Avinash.kote\AppData\Roaming\Code\User\workspaceStorage\531a7c8171398f6ade8ede72f21d7438\redhat.java\ss_ws --stdio

Host: Intel(R) Core(TM) i3-8130U CPU @ 2.20GHz, 4 cores, 7G,  Windows 10 , 64 bit Build 19041 (10.0.19041.1806)
Time: Sat Dec 23 16:01:50 2023 India Standard Time elapsed time: 0.495292 seconds (0d 0h 0m 0s)

---------------  T H R E A D  ---------------

Current thread (0x000002c7580261d0):  JavaThread "C1 CompilerThread0" daemon [_thread_in_native, id=28372, stack(0x000000d46d000000,0x000000d46d100000)]


Current CompileTask:
C1:    495  392   !   3       java.io.WinNTFileSystem::resolve (362 bytes)

Stack: [0x000000d46d000000,0x000000d46d100000]
Native frames: (J=compiled Java code, j=interpreted, Vv=VM code, C=native code)
V  [jvm.dll+0x67cf49]
V  [jvm.dll+0x83478a]
V  [jvm.dll+0x83624e]
V  [jvm.dll+0x8368b3]
V  [jvm.dll+0x247f1f]
V  [jvm.dll+0xac65c]
V  [jvm.dll+0xaca8c]
V  [jvm.dll+0x177734]
V  [jvm.dll+0x177a0d]
V  [jvm.dll+0x177a8d]
V  [jvm.dll+0x17a271]
V  [jvm.dll+0x17bd91]
V  [jvm.dll+0x136313]
V  [jvm.dll+0x135c1f]
V  [jvm.dll+0x135e56]
V  [jvm.dll+0x1352ea]
V  [jvm.dll+0x136fa1]
V  [jvm.dll+0x2297ae]
V  [jvm.dll+0x22797c]
V  [jvm.dll+0x7e9877]
V  [jvm.dll+0x7e3c3a]
V  [jvm.dll+0x67be35]
C  [ucrtbase.dll+0x21bb2]
C  [KERNEL32.DLL+0x17034]
C  [ntdll.dll+0x52651]


---------------  P R O C E S S  ---------------

Threads class SMR info:
_java_thread_list=0x000002c7580ca090, length=11, elements={
0x000002c73d078c50, 0x000002c73d12e170, 0x000002c752dfb9f0, 0x000002c752e22270,
0x000002c752e22e00, 0x000002c752e23a80, 0x000002c752e245a0, 0x000002c752e28270,
0x000002c7580261d0, 0x000002c758045710, 0x000002c7580ab3d0
}

Java Threads: ( => current thread )
  0x000002c73d078c50 JavaThread "main" [_thread_in_vm, id=27344, stack(0x000000d46c600000,0x000000d46c700000)]
  0x000002c73d12e170 JavaThread "Reference Handler" daemon [_thread_blocked, id=28600, stack(0x000000d46c900000,0x000000d46ca00000)]
  0x000002c752dfb9f0 JavaThread "Finalizer" daemon [_thread_blocked, id=24500, stack(0x000000d46ca00000,0x000000d46cb00000)]
  0x000002c752e22270 JavaThread "Signal Dispatcher" daemon [_thread_blocked, id=25088, stack(0x000000d46cb00000,0x000000d46cc00000)]
  0x000002c752e22e00 JavaThread "Attach Listener" daemon [_thread_blocked, id=21372, stack(0x000000d46cc00000,0x000000d46cd00000)]
  0x000002c752e23a80 JavaThread "Service Thread" daemon [_thread_blocked, id=27180, stack(0x000000d46cd00000,0x000000d46ce00000)]
  0x000002c752e245a0 JavaThread "Monitor Deflation Thread" daemon [_thread_blocked, id=22824, stack(0x000000d46ce00000,0x000000d46cf00000)]
  0x000002c752e28270 JavaThread "C2 CompilerThread0" daemon [_thread_blocked, id=23224, stack(0x000000d46cf00000,0x000000d46d000000)]
=>0x000002c7580261d0 JavaThread "C1 CompilerThread0" daemon [_thread_in_native, id=28372, stack(0x000000d46d000000,0x000000d46d100000)]
  0x000002c758045710 JavaThread "Sweeper thread" daemon [_thread_blocked, id=9280, stack(0x000000d46d100000,0x000000d46d200000)]
  0x000002c7580ab3d0 JavaThread "Common-Cleaner" daemon [_thread_blocked, id=27304, stack(0x000000d46d200000,0x000000d46d300000)]

Other Threads:
  0x000002c752de67c0 VMThread "VM Thread" [stack: 0x000000d46c800000,0x000000d46c900000] [id=28528]
  0x000002c73d08ea40 GCTaskThread "GC Thread#0" [stack: 0x000000d46c700000,0x000000d46c800000] [id=24824]

Threads with active compile tasks:
C1 CompilerThread0      548  392   !   3       java.io.WinNTFileSystem::resolve (362 bytes)

VM state: not at safepoint (normal execution)

VM Mutex/Monitor currently owned by a thread: None

Heap address: 0x00000000c0000000, size: 1024 MB, Compressed Oops mode: 32-bit

CDS archive(s) not mapped
Compressed class space mapped at: 0x0000000100000000-0x0000000140000000, reserved size: 1073741824
Narrow klass base: 0x0000000000000000, Narrow klass shift: 3, Narrow klass range: 0x140000000

GC Precious Log:
 CPUs: 4 total, 4 available
 Memory: 8048M
 Large Page Support: Disabled
 NUMA Support: Disabled
 Compressed Oops: Enabled (32-bit)
 Alignments: Space 512K, Generation 512K, Heap 2M
 Heap Min Capacity: 100M
 Heap Initial Capacity: 100M
 Heap Max Capacity: 1G
 Pre-touch: Disabled
 Parallel Workers: 4

Heap:
 PSYoungGen      total 29696K, used 7076K [0x00000000eab00000, 0x00000000ecc00000, 0x0000000100000000)
  eden space 25600K, 27% used [0x00000000eab00000,0x00000000eb1e92a0,0x00000000ec400000)
  from space 4096K, 0% used [0x00000000ec800000,0x00000000ec800000,0x00000000ecc00000)
  to   space 4096K, 0% used [0x00000000ec400000,0x00000000ec400000,0x00000000ec800000)
 ParOldGen       total 68608K, used 0K [0x00000000c0000000, 0x00000000c4300000, 0x00000000eab00000)
  object space 68608K, 0% used [0x00000000c0000000,0x00000000c0000000,0x00000000c4300000)
 Metaspace       used 6225K, committed 6400K, reserved 1114112K
  class space    used 606K, committed 704K, reserved 1048576K

Card table byte_map: [0x000002c7506c0000,0x000002c7508d0000] _byte_map_base: 0x000002c7500c0000

Marking Bits: (ParMarkBitMap*) 0x00007fffc507d0b0
 Begin Bits: [0x000002c750a30000, 0x000002c751a30000)
 End Bits:   [0x000002c751a30000, 0x000002c752a30000)

Polling page: 0x000002c73ce40000

Metaspace:

Usage:
  Non-class:      5.49 MB used.
      Class:    606.65 KB used.
       Both:      6.08 MB used.

Virtual space:
  Non-class space:       64.00 MB reserved,       5.56 MB (  9%) committed,  1 nodes.
      Class space:        1.00 GB reserved,     704.00 KB ( <1%) committed,  1 nodes.
             Both:        1.06 GB reserved,       6.25 MB ( <1%) committed. 

Chunk freelists:
   Non-Class:  10.27 MB
       Class:  15.22 MB
        Both:  25.48 MB

MaxMetaspaceSize: unlimited
CompressedClassSpaceSize: 1.00 GB
Initial GC threshold: 21.00 MB
Current GC threshold: 21.00 MB
CDS: off
MetaspaceReclaimPolicy: balanced
 - commit_granule_bytes: 65536.
 - commit_granule_words: 8192.
 - virtual_space_node_default_size: 8388608.
 - enlarge_chunks_in_place: 1.
 - new_chunks_are_fully_committed: 0.
 - uncommit_free_chunks: 1.
 - use_allocation_guard: 0.
 - handle_deallocations: 1.


Internal statistics:

num_allocs_failed_limit: 0.
num_arena_births: 10.
num_arena_deaths: 0.
num_vsnodes_births: 2.
num_vsnodes_deaths: 0.
num_space_committed: 100.
num_space_uncommitted: 0.
num_chunks_returned_to_freelist: 0.
num_chunks_taken_from_freelist: 33.
num_chunk_merges: 0.
num_chunk_splits: 20.
num_chunks_enlarged: 20.
num_inconsistent_stats: 0.

CodeHeap 'non-profiled nmethods': size=120000Kb used=119Kb max_used=119Kb free=119880Kb
 bounds [0x000002c748fb0000, 0x000002c749220000, 0x000002c7504e0000]
CodeHeap 'profiled nmethods': size=120000Kb used=507Kb max_used=507Kb free=119493Kb
 bounds [0x000002c7414e0000, 0x000002c741750000, 0x000002c748a10000]
CodeHeap 'non-nmethods': size=5760Kb used=1096Kb max_used=1111Kb free=4663Kb
 bounds [0x000002c748a10000, 0x000002c748c80000, 0x000002c748fb0000]
 total_blobs=766 nmethods=392 adapters=289
 compilation: enabled
              stopped_count=0, restarted_count=0
 full_count=0

Compilation events (20 events):
Event: 0.442 Thread 0x000002c7580261d0  382       3       java.util.zip.ZipFile$Source::getEntryHash (7 bytes)
Event: 0.442 Thread 0x000002c7580261d0 nmethod 382 0x000002c74155a790 code [0x000002c74155a920, 0x000002c74155aa58]
Event: 0.450 Thread 0x000002c7580261d0  383       3       java.io.WinNTFileSystem::prefixLength (91 bytes)
Event: 0.451 Thread 0x000002c7580261d0 nmethod 383 0x000002c74155ab10 code [0x000002c74155ae20, 0x000002c74155c198]
Event: 0.451 Thread 0x000002c7580261d0  384   !   3       jdk.internal.loader.BuiltinClassLoader$2::run (114 bytes)
Event: 0.452 Thread 0x000002c7580261d0 nmethod 384 0x000002c74155c890 code [0x000002c74155cb20, 0x000002c74155d898]
Event: 0.452 Thread 0x000002c7580261d0  385       1       java.util.Collections$EmptyList::isEmpty (2 bytes)
Event: 0.453 Thread 0x000002c7580261d0 nmethod 385 0x000002c748fcc810 code [0x000002c748fcc9a0, 0x000002c748fcca78]
Event: 0.453 Thread 0x000002c7580261d0  386       1       java.net.URL::getAuthority (5 bytes)
Event: 0.453 Thread 0x000002c7580261d0 nmethod 386 0x000002c748fccb10 code [0x000002c748fccca0, 0x000002c748fccd78]
Event: 0.453 Thread 0x000002c7580261d0  387       1       java.net.URL::getPath (5 bytes)
Event: 0.453 Thread 0x000002c7580261d0 nmethod 387 0x000002c748fcce10 code [0x000002c748fccfa0, 0x000002c748fcd078]
Event: 0.453 Thread 0x000002c7580261d0  388       1       java.net.URL::getQuery (5 bytes)
Event: 0.453 Thread 0x000002c7580261d0 nmethod 388 0x000002c748fcd110 code [0x000002c748fcd2a0, 0x000002c748fcd378]
Event: 0.453 Thread 0x000002c7580261d0  389       3       java.lang.ClassLoader::getResource (41 bytes)
Event: 0.453 Thread 0x000002c7580261d0 nmethod 389 0x000002c74155de10 code [0x000002c74155e000, 0x000002c74155e5f8]
Event: 0.453 Thread 0x000002c7580261d0  390       3       java.io.FileSystem::hasBooleanAttributes (17 bytes)
Event: 0.454 Thread 0x000002c7580261d0 nmethod 390 0x000002c74155e810 code [0x000002c74155e9c0, 0x000002c74155eb68]
Event: 0.454 Thread 0x000002c7580261d0  392   !   3       java.io.WinNTFileSystem::resolve (362 bytes)
Event: 0.455 Thread 0x000002c752e28270  393 %     4       java.lang.StringLatin1::replace @ 79 (198 bytes)

GC Heap History (0 events):
No events

Dll operation events (8 events):
Event: 0.053 Loaded shared library c:\Users\Avinash.kote\.vscode\extensions\redhat.java-1.25.1-win32-x64\jre\17.0.9-win32-x86_64\bin\java.dll
Event: 0.246 Loaded shared library c:\Users\Avinash.kote\.vscode\extensions\redhat.java-1.25.1-win32-x64\jre\17.0.9-win32-x86_64\bin\zip.dll
Event: 0.249 Loaded shared library C:\Users\Avinash.kote\.vscode\extensions\redhat.java-1.25.1-win32-x64\jre\17.0.9-win32-x86_64\bin\instrument.dll
Event: 0.261 Loaded shared library C:\Users\Avinash.kote\.vscode\extensions\redhat.java-1.25.1-win32-x64\jre\17.0.9-win32-x86_64\bin\net.dll
Event: 0.263 Loaded shared library C:\Users\Avinash.kote\.vscode\extensions\redhat.java-1.25.1-win32-x64\jre\17.0.9-win32-x86_64\bin\nio.dll
Event: 0.271 Loaded shared library C:\Users\Avinash.kote\.vscode\extensions\redhat.java-1.25.1-win32-x64\jre\17.0.9-win32-x86_64\bin\zip.dll
Event: 0.300 Loaded shared library C:\Users\Avinash.kote\.vscode\extensions\redhat.java-1.25.1-win32-x64\jre\17.0.9-win32-x86_64\bin\jimage.dll
Event: 0.372 Loaded shared library c:\Users\Avinash.kote\.vscode\extensions\redhat.java-1.25.1-win32-x64\jre\17.0.9-win32-x86_64\bin\verify.dll

Deoptimization events (6 events):
Event: 0.370 Thread 0x000002c73d078c50 Uncommon trap: trap_request=0xffffff45 fr.pc=0x000002c748fc5b7c relative=0x000000000000053c
Event: 0.370 Thread 0x000002c73d078c50 Uncommon trap: reason=unstable_if action=reinterpret pc=0x000002c748fc5b7c method=java.lang.String.<init>([CIILjava/lang/Void;)V @ 5 c2
Event: 0.370 Thread 0x000002c73d078c50 DEOPT PACKING pc=0x000002c748fc5b7c sp=0x000000d46c6fc950
Event: 0.370 Thread 0x000002c73d078c50 DEOPT UNPACKING pc=0x000002c748a666a3 sp=0x000000d46c6fc7e0 mode 2
Event: 0.428 Thread 0x000002c73d078c50 DEOPT PACKING pc=0x000002c74152f622 sp=0x000000d46c6f8860
Event: 0.428 Thread 0x000002c73d078c50 DEOPT UNPACKING pc=0x000002c748a66e43 sp=0x000000d46c6f7cc0 mode 0

Classes unloaded (0 events):
No events

Classes redefined (0 events):
No events

Internal exceptions (2 events):
Event: 0.220 Thread 0x000002c73d078c50 Exception <a 'java/lang/NoSuchMethodError'{0x00000000eacb24e8}: 'void java.lang.invoke.DirectMethodHandle$Holder.invokeStatic(java.lang.Object, java.lang.Object, java.lang.Object)'> (0x00000000eacb24e8) 
thrown [s\src\hotspot\share\interpreter\linkResolver.cpp, line 759]
Event: 0.400 Thread 0x000002c73d078c50 Exception <a 'java/lang/reflect/InvocationTargetException'{0x00000000eafe3e40}> (0x00000000eafe3e40) 
thrown [s\src\hotspot\share\runtime\reflection.cpp, line 1121]

VM Operations (4 events):
Event: 0.225 Executing VM operation: HandshakeAllThreads
Event: 0.225 Executing VM operation: HandshakeAllThreads done
Event: 0.315 Executing VM operation: HandshakeAllThreads
Event: 0.315 Executing VM operation: HandshakeAllThreads done

Events (20 events):
Event: 0.420 loading class java/util/regex/Pattern$Branch
Event: 0.421 loading class java/util/regex/Pattern$Branch done
Event: 0.421 loading class java/util/regex/Pattern$StartS
Event: 0.421 loading class java/util/regex/Pattern$StartS done
Event: 0.421 loading class java/util/regex/Pattern$Curly
Event: 0.421 loading class java/util/regex/Pattern$Curly done
Event: 0.421 loading class java/util/regex/Pattern$Ques
Event: 0.421 loading class java/util/regex/Pattern$Ques done
Event: 0.421 loading class java/util/regex/Pattern$Loop
Event: 0.421 loading class java/util/regex/Pattern$Loop done
Event: 0.421 loading class java/util/regex/Pattern$Prolog
Event: 0.421 loading class java/util/regex/Pattern$Prolog done
Event: 0.421 loading class java/util/regex/Pattern$Dollar
Event: 0.422 loading class java/util/regex/Pattern$Dollar done
Event: 0.422 loading class java/util/regex/Pattern$GroupCurly
Event: 0.422 loading class java/util/regex/Pattern$GroupCurly done
Event: 0.440 loading class java/util/Collections$SingletonSet
Event: 0.441 loading class java/util/Collections$SingletonSet done
Event: 0.441 loading class java/util/Collections$1
Event: 0.441 loading class java/util/Collections$1 done


Dynamic libraries:
0x00007ff7b4b20000 - 0x00007ff7b4b2e000 	c:\Users\Avinash.kote\.vscode\extensions\redhat.java-1.25.1-win32-x64\jre\17.0.9-win32-x86_64\bin\java.exe
0x00007ff83f330000 - 0x00007ff83f528000 	C:\WINDOWS\SYSTEM32\ntdll.dll
0x00007ff83dd10000 - 0x00007ff83ddcd000 	C:\WINDOWS\System32\KERNEL32.DLL
0x00007ff83cd00000 - 0x00007ff83cfce000 	C:\WINDOWS\System32\KERNELBASE.dll
0x0000000056790000 - 0x0000000056825000 	C:\WINDOWS\System32\SYSFER.DLL
0x00007ff83eb00000 - 0x00007ff83ebae000 	C:\WINDOWS\System32\ADVAPI32.dll
0x00007ff83dee0000 - 0x00007ff83df7e000 	C:\WINDOWS\System32\msvcrt.dll
0x00007ff83e920000 - 0x00007ff83e9bc000 	C:\WINDOWS\System32\sechost.dll
0x00007ff83e700000 - 0x00007ff83e825000 	C:\WINDOWS\System32\RPCRT4.dll
0x00007ff83cc00000 - 0x00007ff83cd00000 	C:\WINDOWS\System32\ucrtbase.dll
0x00007ff832470000 - 0x00007ff832487000 	c:\Users\Avinash.kote\.vscode\extensions\redhat.java-1.25.1-win32-x64\jre\17.0.9-win32-x86_64\bin\jli.dll
0x00007ff83dae0000 - 0x00007ff83dc80000 	C:\WINDOWS\System32\USER32.dll
0x00007ff83d2e0000 - 0x00007ff83d302000 	C:\WINDOWS\System32\win32u.dll
0x00007ff83dc80000 - 0x00007ff83dcaa000 	C:\WINDOWS\System32\GDI32.dll
0x00007ff83caf0000 - 0x00007ff83cbfb000 	C:\WINDOWS\System32\gdi32full.dll
0x00007ff83ca50000 - 0x00007ff83caed000 	C:\WINDOWS\System32\msvcp_win.dll
0x00007ff825880000 - 0x00007ff82589b000 	c:\Users\Avinash.kote\.vscode\extensions\redhat.java-1.25.1-win32-x64\jre\17.0.9-win32-x86_64\bin\VCRUNTIME140.dll
0x00007ff81fcf0000 - 0x00007ff81ff8a000 	C:\WINDOWS\WinSxS\amd64_microsoft.windows.common-controls_6595b64144ccf1df_6.0.19041.1110_none_60b5254171f9507e\COMCTL32.dll
0x00007ff83df80000 - 0x00007ff83dfb0000 	C:\WINDOWS\System32\IMM32.DLL
0x00007ff825980000 - 0x00007ff82598c000 	c:\Users\Avinash.kote\.vscode\extensions\redhat.java-1.25.1-win32-x64\jre\17.0.9-win32-x86_64\bin\vcruntime140_1.dll
0x00007ff807bc0000 - 0x00007ff807c4d000 	c:\Users\Avinash.kote\.vscode\extensions\redhat.java-1.25.1-win32-x64\jre\17.0.9-win32-x86_64\bin\msvcp140.dll
0x00007fffc44e0000 - 0x00007fffc5141000 	c:\Users\Avinash.kote\.vscode\extensions\redhat.java-1.25.1-win32-x64\jre\17.0.9-win32-x86_64\bin\server\jvm.dll
0x00007ff83c8c0000 - 0x00007ff83c90b000 	C:\WINDOWS\SYSTEM32\POWRPROF.dll
0x00007ff837610000 - 0x00007ff837619000 	C:\WINDOWS\SYSTEM32\WSOCK32.dll
0x00007ff83e830000 - 0x00007ff83e89b000 	C:\WINDOWS\System32\WS2_32.dll
0x00007ff820250000 - 0x00007ff820277000 	C:\WINDOWS\SYSTEM32\WINMM.dll
0x00007ff8371b0000 - 0x00007ff8371ba000 	C:\WINDOWS\SYSTEM32\VERSION.dll
0x00007ff83c8a0000 - 0x00007ff83c8b2000 	C:\WINDOWS\SYSTEM32\UMPDC.dll
0x00007ff83a970000 - 0x00007ff83a982000 	C:\WINDOWS\SYSTEM32\kernel.appcore.dll
0x00007ff825950000 - 0x00007ff82595a000 	c:\Users\Avinash.kote\.vscode\extensions\redhat.java-1.25.1-win32-x64\jre\17.0.9-win32-x86_64\bin\jimage.dll
0x00007ff81e230000 - 0x00007ff81e414000 	C:\WINDOWS\SYSTEM32\DBGHELP.DLL
0x00007ff81e830000 - 0x00007ff81e85c000 	C:\WINDOWS\SYSTEM32\dbgcore.DLL
0x00007ff83d250000 - 0x00007ff83d2d2000 	C:\WINDOWS\System32\bcryptPrimitives.dll
0x00007ff825650000 - 0x00007ff82565e000 	c:\Users\Avinash.kote\.vscode\extensions\redhat.java-1.25.1-win32-x64\jre\17.0.9-win32-x86_64\bin\instrument.dll
0x00007ff81a370000 - 0x00007ff81a395000 	c:\Users\Avinash.kote\.vscode\extensions\redhat.java-1.25.1-win32-x64\jre\17.0.9-win32-x86_64\bin\java.dll
0x00007ff8224d0000 - 0x00007ff8224e8000 	c:\Users\Avinash.kote\.vscode\extensions\redhat.java-1.25.1-win32-x64\jre\17.0.9-win32-x86_64\bin\zip.dll
0x00007ff83d390000 - 0x00007ff83dad4000 	C:\WINDOWS\System32\SHELL32.dll
0x00007ff83ab70000 - 0x00007ff83b304000 	C:\WINDOWS\SYSTEM32\windows.storage.dll
0x00007ff83e3a0000 - 0x00007ff83e6f4000 	C:\WINDOWS\System32\combase.dll
0x00007ff83c3e0000 - 0x00007ff83c410000 	C:\WINDOWS\SYSTEM32\Wldp.dll
0x00007ff83e0f0000 - 0x00007ff83e19d000 	C:\WINDOWS\System32\SHCORE.dll
0x00007ff83e8c0000 - 0x00007ff83e915000 	C:\WINDOWS\System32\shlwapi.dll
0x00007ff83c990000 - 0x00007ff83c9af000 	C:\WINDOWS\SYSTEM32\profapi.dll
0x00007ff81e980000 - 0x00007ff81e999000 	C:\Users\Avinash.kote\.vscode\extensions\redhat.java-1.25.1-win32-x64\jre\17.0.9-win32-x86_64\bin\net.dll
0x00007ff834b60000 - 0x00007ff834c6a000 	C:\WINDOWS\SYSTEM32\WINHTTP.dll
0x00007ff83c140000 - 0x00007ff83c1aa000 	C:\WINDOWS\system32\mswsock.dll
0x00007ff81cd50000 - 0x00007ff81cd66000 	C:\Users\Avinash.kote\.vscode\extensions\redhat.java-1.25.1-win32-x64\jre\17.0.9-win32-x86_64\bin\nio.dll
0x00007ff8255b0000 - 0x00007ff8255c0000 	c:\Users\Avinash.kote\.vscode\extensions\redhat.java-1.25.1-win32-x64\jre\17.0.9-win32-x86_64\bin\verify.dll

dbghelp: loaded successfully - version: 4.0.5 - missing functions: none
symbol engine: initialized successfully - sym options: 0x614 - pdb path: .;c:\Users\Avinash.kote\.vscode\extensions\redhat.java-1.25.1-win32-x64\jre\17.0.9-win32-x86_64\bin;C:\WINDOWS\SYSTEM32;C:\WINDOWS\WinSxS\amd64_microsoft.windows.common-controls_6595b64144ccf1df_6.0.19041.1110_none_60b5254171f9507e;c:\Users\Avinash.kote\.vscode\extensions\redhat.java-1.25.1-win32-x64\jre\17.0.9-win32-x86_64\bin\server

VM Arguments:
jvm_args: --add-modules=ALL-SYSTEM --add-opens=java.base/java.util=ALL-UNNAMED --add-opens=java.base/java.lang=ALL-UNNAMED --add-opens=java.base/sun.nio.fs=ALL-UNNAMED -Declipse.application=org.eclipse.jdt.ls.core.id1 -Dosgi.bundles.defaultStartLevel=4 -Declipse.product=org.eclipse.jdt.ls.core.product -Djava.import.generatesMetadataFilesAtProjectRoot=false -DDetectVMInstallationsJob.disabled=true -Dfile.encoding=utf8 -XX:+UseParallelGC -XX:GCTimeRatio=4 -XX:AdaptiveSizePolicyWeight=90 -Dsun.zip.disableMemoryMapping=true -Xmx1G -Xms100m -Xlog:disable -javaagent:c:\Users\Avinash.kote\.vscode\extensions\redhat.java-1.25.1-win32-x64\lombok\lombok-1.18.30.jar 
java_command: c:\Users\Avinash.kote\.vscode\extensions\redhat.java-1.25.1-win32-x64\server\plugins\org.eclipse.equinox.launcher_1.6.600.v20231106-1826.jar -configuration c:\Users\Avinash.kote\AppData\Roaming\Code\User\globalStorage\redhat.java\1.25.1\config_ss_win -data c:\Users\Avinash.kote\AppData\Roaming\Code\User\workspaceStorage\531a7c8171398f6ade8ede72f21d7438\redhat.java\ss_ws --stdio
java_class_path (initial): c:\Users\Avinash.kote\.vscode\extensions\redhat.java-1.25.1-win32-x64\server\plugins\org.eclipse.equinox.launcher_1.6.600.v20231106-1826.jar
Launcher Type: SUN_STANDARD

[Global flags]
    uintx AdaptiveSizePolicyWeight                 = 90                                        {product} {command line}
     intx CICompilerCount                          = 3                                         {product} {ergonomic}
    uintx GCTimeRatio                              = 4                                         {product} {command line}
   size_t InitialHeapSize                          = 104857600                                 {product} {command line}
   size_t MaxHeapSize                              = 1073741824                                {product} {command line}
   size_t MaxNewSize                               = 357564416                                 {product} {ergonomic}
   size_t MinHeapDeltaBytes                        = 524288                                    {product} {ergonomic}
   size_t MinHeapSize                              = 104857600                                 {product} {command line}
   size_t NewSize                                  = 34603008                                  {product} {ergonomic}
    uintx NonNMethodCodeHeapSize                   = 5832780                                {pd product} {ergonomic}
    uintx NonProfiledCodeHeapSize                  = 122912730                              {pd product} {ergonomic}
   size_t OldSize                                  = 70254592                                  {product} {ergonomic}
    uintx ProfiledCodeHeapSize                     = 122912730                              {pd product} {ergonomic}
    uintx ReservedCodeCacheSize                    = 251658240                              {pd product} {ergonomic}
     bool SegmentedCodeCache                       = true                                      {product} {ergonomic}
   size_t SoftMaxHeapSize                          = 1073741824                             {manageable} {ergonomic}
     bool UseCompressedClassPointers               = true                           {product lp64_product} {ergonomic}
     bool UseCompressedOops                        = true                           {product lp64_product} {ergonomic}
     bool UseLargePagesIndividualAllocation        = false                                  {pd product} {ergonomic}
     bool UseParallelGC                            = true                                      {product} {command line}

Logging:
Log output configuration:
 #0: stdout all=off uptime,level,tags
 #1: stderr all=off uptime,level,tags

Environment Variables:
JAVA_HOME=C:\Program Files\Java\jdk-14.0.2
PATH=C:\Program Files (x86)\Intel\Intel(R) Management Engine Components\iCLS\;C:\Program Files\Intel\Intel(R) Management Engine Components\iCLS\;C:\WINDOWS\system32;C:\WINDOWS;C:\WINDOWS\System32\Wbem;C:\WINDOWS\System32\WindowsPowerShell\v1.0\;C:\WINDOWS\System32\OpenSSH\;C:\Program Files (x86)\Intel\Intel(R) Management Engine Components\DAL;C:\Program Files\Intel\Intel(R) Management Engine Components\DAL;C:\Program Files\Java\jdk-14.0.2\bin;C:\Program Files\Java\jdk-14.0.2\bin;C:\Program Files\nodejs\;C:\ProgramData\chocolatey\bin;C:\Users\Avinash.kote\AppData\Local\Microsoft\WindowsApps;C:\Users\Avinash.kote\AppData\Local\Programs\Microsoft VS Code\bin;C:\Users\Avinash.kote\AppData\Local\Programs\Git\cmd
USERNAME=Avinash.kote
OS=Windows_NT
PROCESSOR_IDENTIFIER=Intel64 Family 6 Model 142 Stepping 10, GenuineIntel
TMP=C:\Users\AVINAS~1.KOT\AppData\Local\Temp
TEMP=C:\Users\AVINAS~1.KOT\AppData\Local\Temp



Periodic native trim disabled


---------------  S Y S T E M  ---------------

OS:
 Windows 10 , 64 bit Build 19041 (10.0.19041.1806)
OS uptime: 18 days 5:26 hours

CPU: total 4 (initial active 4) (2 cores per cpu, 2 threads per core) family 6 model 142 stepping 10 microcode 0xb4, cx8, cmov, fxsr, ht, mmx, 3dnowpref, sse, sse2, sse3, ssse3, sse4.1, sse4.2, popcnt, lzcnt, tsc, tscinvbit, avx, avx2, aes, erms, clmul, bmi1, bmi2, adx, fma, vzeroupper, clflush, clflushopt
Processor Information for all 4 processors :
  Max Mhz: 2208, Current Mhz: 2208, Mhz Limit: 2208

Memory: 4k page, system-wide physical 8048M (305M free)
TotalPageFile size 32624M (AvailPageFile size 0M)
current process WorkingSet (physical memory assigned to process): 40M, peak: 40M
current process commit charge ("private bytes"): 174M, peak: 174M

vm_info: OpenJDK 64-Bit Server VM (17.0.9+9) for windows-amd64 JRE (17.0.9+9), built on Oct 26 2023 14:01:42 by "admin" with MS VC++ 16.10 / 16.11 (VS2019)

END.
