#
# There is insufficient memory for the Java Runtime Environment to continue.
# Native memory allocation (mmap) failed to map 65536 bytes for Failed to commit metaspace.
# Possible reasons:
#   The system is out of physical RAM or swap space
#   The process is running with CompressedOops enabled, and the Java Heap may be blocking the growth of the native heap
# Possible solutions:
#   Reduce memory load on the system
#   Increase physical memory or swap space
#   Check if swap backing store is full
#   Decrease Java heap size (-Xmx/-Xms)
#   Decrease number of Java threads
#   Decrease Java thread stack sizes (-Xss)
#   Set larger code cache with -XX:ReservedCodeCacheSize=
#   JVM is running with Unscaled Compressed Oops mode in which the Java heap is
#     placed in the first 4GB address space. The Java Heap base address is the
#     maximum limit for the native heap growth. Please use -XX:HeapBaseMinAddress
#     to set the Java Heap base and to place the Java Heap above 4GB virtual address.
# This output file may be truncated or incomplete.
#
#  Out of Memory Error (virtualSpaceNode.cpp:110), pid=28548, tid=29428
#
# JRE version: OpenJDK Runtime Environment Temurin-17.0.9+9 (17.0.9+9) (build 17.0.9+9)
# Java VM: OpenJDK 64-Bit Server VM Temurin-17.0.9+9 (17.0.9+9, mixed mode, tiered, compressed oops, compressed class ptrs, parallel gc, windows-amd64)
# No core dump will be written. Minidumps are not enabled by default on client versions of Windows
#

---------------  S U M M A R Y ------------

Command Line: --add-modules=ALL-SYSTEM --add-opens=java.base/java.util=ALL-UNNAMED --add-opens=java.base/java.lang=ALL-UNNAMED --add-opens=java.base/sun.nio.fs=ALL-UNNAMED -Declipse.application=org.eclipse.jdt.ls.core.id1 -Dosgi.bundles.defaultStartLevel=4 -Declipse.product=org.eclipse.jdt.ls.core.product -Djava.import.generatesMetadataFilesAtProjectRoot=false -DDetectVMInstallationsJob.disabled=true -Dfile.encoding=utf8 -XX:+UseParallelGC -XX:GCTimeRatio=4 -XX:AdaptiveSizePolicyWeight=90 -Dsun.zip.disableMemoryMapping=true -Xmx1G -Xms100m -Xlog:disable -javaagent:c:\Users\Avinash.kote\.vscode\extensions\redhat.java-1.25.1-win32-x64\lombok\lombok-1.18.30.jar c:\Users\Avinash.kote\.vscode\extensions\redhat.java-1.25.1-win32-x64\server\plugins\org.eclipse.equinox.launcher_1.6.600.v20231106-1826.jar -configuration c:\Users\Avinash.kote\AppData\Roaming\Code\User\globalStorage\redhat.java\1.25.1\config_ss_win -data c:\Users\Avinash.kote\AppData\Roaming\Code\User\workspaceStorage\531a7c8171398f6ade8ede72f21d7438\redhat.java\ss_ws --stdio

Host: Intel(R) Core(TM) i3-8130U CPU @ 2.20GHz, 4 cores, 7G,  Windows 10 , 64 bit Build 19041 (10.0.19041.1806)
Time: Tue Dec 26 10:33:59 2023 India Standard Time elapsed time: 17.018104 seconds (0d 0h 0m 17s)

---------------  T H R E A D  ---------------

Current thread (0x0000020068acb960):  JavaThread "pool-1-thread-1" [_thread_in_vm, id=29428, stack(0x000000531e800000,0x000000531e900000)]

Stack: [0x000000531e800000,0x000000531e900000]
Native frames: (J=compiled Java code, j=interpreted, Vv=VM code, C=native code)
V  [jvm.dll+0x67cf49]
V  [jvm.dll+0x83478a]
V  [jvm.dll+0x83624e]
V  [jvm.dll+0x8368b3]
V  [jvm.dll+0x247f1f]
V  [jvm.dll+0x83044b]
V  [jvm.dll+0x621776]
V  [jvm.dll+0x1c1fee]
V  [jvm.dll+0x6240d1]
V  [jvm.dll+0x622116]
V  [jvm.dll+0x24588c]
V  [jvm.dll+0x6d3dfd]
V  [jvm.dll+0x6d483f]
V  [jvm.dll+0x373e84]
V  [jvm.dll+0x41bc57]
C  0x0000020059aed581

The last pc belongs to method entry point (kind = native) (printed below).
Java frames: (J=compiled Java code, j=interpreted, Vv=VM code)
j  java.lang.Class.getDeclaredFields0(Z)[Ljava/lang/reflect/Field;+0 java.base@17.0.9
j  java.lang.Class.privateGetDeclaredFields(Z)[Ljava/lang/reflect/Field;+34 java.base@17.0.9
j  java.lang.Class.getDeclaredField(Ljava/lang/String;)Ljava/lang/reflect/Field;+25 java.base@17.0.9
j  org.eclipse.lsp4j.jsonrpc.json.adapters.EnumTypeAdapter.<init>(Ljava/lang/Class;)V+41
j  org.eclipse.lsp4j.jsonrpc.json.adapters.EnumTypeAdapter$Factory.create(Lcom/google/gson/Gson;Lcom/google/gson/reflect/TypeToken;)Lcom/google/gson/TypeAdapter;+39
j  com.google.gson.Gson.getAdapter(Lcom/google/gson/reflect/TypeToken;)Lcom/google/gson/TypeAdapter;+148
j  org.eclipse.lsp4j.jsonrpc.json.adapters.CollectionTypeAdapter$Factory.create(Lcom/google/gson/Gson;Lcom/google/gson/reflect/TypeToken;)Lcom/google/gson/TypeAdapter;+60
j  com.google.gson.Gson.getAdapter(Lcom/google/gson/reflect/TypeToken;)Lcom/google/gson/TypeAdapter;+148
j  com.google.gson.internal.bind.ReflectiveTypeAdapterFactory.createBoundField(Lcom/google/gson/Gson;Ljava/lang/reflect/Field;Ljava/lang/reflect/Method;Ljava/lang/String;Lcom/google/gson/reflect/TypeToken;ZZZ)Lcom/google/gson/internal/bind/ReflectiveTypeAdapterFactory$BoundField;+96
j  com.google.gson.internal.bind.ReflectiveTypeAdapterFactory.getBoundFields(Lcom/google/gson/Gson;Lcom/google/gson/reflect/TypeToken;Ljava/lang/Class;ZZ)Ljava/util/Map;+383
j  com.google.gson.internal.bind.ReflectiveTypeAdapterFactory.create(Lcom/google/gson/Gson;Lcom/google/gson/reflect/TypeToken;)Lcom/google/gson/TypeAdapter;+136
j  com.google.gson.Gson.getAdapter(Lcom/google/gson/reflect/TypeToken;)Lcom/google/gson/TypeAdapter;+148
j  com.google.gson.internal.bind.ReflectiveTypeAdapterFactory.createBoundField(Lcom/google/gson/Gson;Ljava/lang/reflect/Field;Ljava/lang/reflect/Method;Ljava/lang/String;Lcom/google/gson/reflect/TypeToken;ZZZ)Lcom/google/gson/internal/bind/ReflectiveTypeAdapterFactory$BoundField;+96
j  com.google.gson.internal.bind.ReflectiveTypeAdapterFactory.getBoundFields(Lcom/google/gson/Gson;Lcom/google/gson/reflect/TypeToken;Ljava/lang/Class;ZZ)Ljava/util/Map;+383
j  com.google.gson.internal.bind.ReflectiveTypeAdapterFactory.create(Lcom/google/gson/Gson;Lcom/google/gson/reflect/TypeToken;)Lcom/google/gson/TypeAdapter;+136
j  com.google.gson.Gson.getAdapter(Lcom/google/gson/reflect/TypeToken;)Lcom/google/gson/TypeAdapter;+148
j  com.google.gson.internal.bind.ReflectiveTypeAdapterFactory.createBoundField(Lcom/google/gson/Gson;Ljava/lang/reflect/Field;Ljava/lang/reflect/Method;Ljava/lang/String;Lcom/google/gson/reflect/TypeToken;ZZZ)Lcom/google/gson/internal/bind/ReflectiveTypeAdapterFactory$BoundField;+96
j  com.google.gson.internal.bind.ReflectiveTypeAdapterFactory.getBoundFields(Lcom/google/gson/Gson;Lcom/google/gson/reflect/TypeToken;Ljava/lang/Class;ZZ)Ljava/util/Map;+383
j  com.google.gson.internal.bind.ReflectiveTypeAdapterFactory.create(Lcom/google/gson/Gson;Lcom/google/gson/reflect/TypeToken;)Lcom/google/gson/TypeAdapter;+136
j  com.google.gson.Gson.getAdapter(Lcom/google/gson/reflect/TypeToken;)Lcom/google/gson/TypeAdapter;+148
j  com.google.gson.internal.bind.ReflectiveTypeAdapterFactory.createBoundField(Lcom/google/gson/Gson;Ljava/lang/reflect/Field;Ljava/lang/reflect/Method;Ljava/lang/String;Lcom/google/gson/reflect/TypeToken;ZZZ)Lcom/google/gson/internal/bind/ReflectiveTypeAdapterFactory$BoundField;+96
j  com.google.gson.internal.bind.ReflectiveTypeAdapterFactory.getBoundFields(Lcom/google/gson/Gson;Lcom/google/gson/reflect/TypeToken;Ljava/lang/Class;ZZ)Ljava/util/Map;+383
j  com.google.gson.internal.bind.ReflectiveTypeAdapterFactory.create(Lcom/google/gson/Gson;Lcom/google/gson/reflect/TypeToken;)Lcom/google/gson/TypeAdapter;+136
j  com.google.gson.Gson.getAdapter(Lcom/google/gson/reflect/TypeToken;)Lcom/google/gson/TypeAdapter;+148
j  com.google.gson.Gson.fromJson(Lcom/google/gson/stream/JsonReader;Lcom/google/gson/reflect/TypeToken;)Ljava/lang/Object;+22
j  com.google.gson.Gson.fromJson(Lcom/google/gson/stream/JsonReader;Ljava/lang/reflect/Type;)Ljava/lang/Object;+6
j  org.eclipse.lsp4j.adapters.InitializeParamsTypeAdapter.readCapabilities(Lcom/google/gson/stream/JsonReader;)Lorg/eclipse/lsp4j/ClientCapabilities;+7
j  org.eclipse.lsp4j.adapters.InitializeParamsTypeAdapter.read(Lcom/google/gson/stream/JsonReader;)Lorg/eclipse/lsp4j/InitializeParams;+419
j  org.eclipse.lsp4j.adapters.InitializeParamsTypeAdapter.read(Lcom/google/gson/stream/JsonReader;)Ljava/lang/Object;+2
j  com.google.gson.TypeAdapter$1.read(Lcom/google/gson/stream/JsonReader;)Ljava/lang/Object;+21
j  com.google.gson.Gson.fromJson(Lcom/google/gson/stream/JsonReader;Lcom/google/gson/reflect/TypeToken;)Ljava/lang/Object;+30
j  com.google.gson.Gson.fromJson(Lcom/google/gson/stream/JsonReader;Ljava/lang/reflect/Type;)Ljava/lang/Object;+6
j  org.eclipse.lsp4j.jsonrpc.json.adapters.MessageTypeAdapter.fromJson(Lcom/google/gson/stream/JsonReader;Ljava/lang/reflect/Type;)Ljava/lang/Object;+19
j  org.eclipse.lsp4j.jsonrpc.json.adapters.MessageTypeAdapter.parseParams(Lcom/google/gson/stream/JsonReader;Ljava/lang/String;)Ljava/lang/Object;+67
j  org.eclipse.lsp4j.jsonrpc.json.adapters.MessageTypeAdapter.read(Lcom/google/gson/stream/JsonReader;)Lorg/eclipse/lsp4j/jsonrpc/messages/Message;+308
j  org.eclipse.lsp4j.jsonrpc.json.adapters.MessageTypeAdapter.read(Lcom/google/gson/stream/JsonReader;)Ljava/lang/Object;+2
j  com.google.gson.Gson.fromJson(Lcom/google/gson/stream/JsonReader;Lcom/google/gson/reflect/TypeToken;)Ljava/lang/Object;+30
j  com.google.gson.Gson.fromJson(Lcom/google/gson/stream/JsonReader;Ljava/lang/reflect/Type;)Ljava/lang/Object;+6
j  org.eclipse.lsp4j.jsonrpc.json.MessageJsonHandler.parseMessage(Ljava/io/Reader;)Lorg/eclipse/lsp4j/jsonrpc/messages/Message;+16
j  org.eclipse.lsp4j.jsonrpc.json.MessageJsonHandler.parseMessage(Ljava/lang/CharSequence;)Lorg/eclipse/lsp4j/jsonrpc/messages/Message;+16
j  org.eclipse.lsp4j.jsonrpc.json.StreamMessageProducer.handleMessage(Ljava/io/InputStream;Lorg/eclipse/lsp4j/jsonrpc/json/StreamMessageProducer$Headers;)Z+88
j  org.eclipse.lsp4j.jsonrpc.json.StreamMessageProducer.listen(Lorg/eclipse/lsp4j/jsonrpc/MessageConsumer;)V+140
j  org.eclipse.lsp4j.jsonrpc.json.ConcurrentMessageProcessor.run()V+12
j  java.util.concurrent.Executors$RunnableAdapter.call()Ljava/lang/Object;+4 java.base@17.0.9
j  java.util.concurrent.FutureTask.run()V+39 java.base@17.0.9
j  java.util.concurrent.ThreadPoolExecutor.runWorker(Ljava/util/concurrent/ThreadPoolExecutor$Worker;)V+92 java.base@17.0.9
j  java.util.concurrent.ThreadPoolExecutor$Worker.run()V+5 java.base@17.0.9
j  java.lang.Thread.run()V+11 java.base@17.0.9
v  ~StubRoutines::call_stub
method entry point (kind = native)  [0x0000020059aed1a0, 0x0000020059aedac0]  2336 bytes
[MachCode]
  0x0000020059aed1a0: 488b 4b08 | 0fb7 492c | 584c 8d74 | ccf8 6800 | 0000 0068 | 0000 0000 | 5055 488b | ec41 5568 
  0x0000020059aed1c0: 0000 0000 | 4c8b 6b08 | 4d8d 6d30 | 5348 8b53 | 0848 8b52 | 0848 8b52 | 1848 8b52 | 7048 8b12 
  0x0000020059aed1e0: 5248 8b53 | 1048 85d2 | 0f84 0700 | 0000 4881 | c208 0100 | 0052 488b | 5308 488b | 5208 488b 
  0x0000020059aed200: 5210 5241 | 5668 0000 | 0000 6800 | 0000 0048 | 8924 2441 | c687 7903 | 0000 0148 | 8b43 1048 
  0x0000020059aed220: 85c0 7420 | 8b88 cc00 | 0000 83c1 | 0289 88cc | 0000 0023 | 88e0 0000 | 000f 84b5 | 0700 00e9 
  0x0000020059aed240: d100 0000 | 488b 4318 | 4885 c00f | 85b2 0000 | 00e8 0500 | 0000 e99b | 0000 0048 | 8bd3 488d 
  0x0000020059aed260: 4424 084c | 896d c049 | 8bcf c5f8 | 7749 89af | a802 0000 | 4989 8798 | 0200 0048 | 83ec 20f7 
  0x0000020059aed280: c40f 0000 | 000f 841a | 0000 0048 | 83ec 0849 | ba90 360d | c0ff 7f00 | 0041 ffd2 | 4883 c408 
  0x0000020059aed2a0: e90d 0000 | 0049 ba90 | 360d c0ff | 7f00 0041 | ffd2 4883 | c420 49c7 | 8798 0200 | 0000 0000 
  0x0000020059aed2c0: 0049 c787 | a802 0000 | 0000 0000 | 49c7 87a0 | 0200 0000 | 0000 00c5 | f877 4981 | 7f08 0000 
  0x0000020059aed2e0: 0000 0f84 | 0500 0000 | e913 3cff | ff4c 8b6d | c04c 8b75 | c8c3 488b | 4318 4885 | c00f 8412 
  0x0000020059aed300: 0000 008b | 4808 83c1 | 0289 4808 | 2348 200f | 84df 0600 | 0089 8424 | 0090 ffff | 41c6 8779 
  0x0000020059aed320: 0300 0000 | 49ba 2e35 | 8dc0 ff7f | 0000 4180 | 3a00 0f84 | 4200 0000 | 488b 55e8 | 498b cf48 
  0x0000020059aed340: 83ec 20f7 | c40f 0000 | 000f 841a | 0000 0048 | 83ec 0849 | bac0 2b43 | c0ff 7f00 | 0041 ffd2 
  0x0000020059aed360: 4883 c408 | e90d 0000 | 0049 bac0 | 2b43 c0ff | 7f00 0041 | ffd2 4883 | c420 488b | 5de8 4c8b 
  0x0000020059aed380: 5b08 450f | b75b 2c41 | c1e3 0349 | 2be3 4883 | ec20 4883 | e4f0 4c8b | 5b60 4d85 | db0f 85ad 
  0x0000020059aed3a0: 0000 00e8 | 0500 0000 | e99b 0000 | 0048 8bd3 | 488d 4424 | 084c 896d | c049 8bcf | c5f8 7749 
  0x0000020059aed3c0: 89af a802 | 0000 4989 | 8798 0200 | 0048 83ec | 20f7 c40f | 0000 000f | 841a 0000 | 0048 83ec 
  0x0000020059aed3e0: 0849 ba10 | 610d c0ff | 7f00 0041 | ffd2 4883 | c408 e90d | 0000 0049 | ba10 610d | c0ff 7f00 
  0x0000020059aed400: 0041 ffd2 | 4883 c420 | 49c7 8798 | 0200 0000 | 0000 0049 | c787 a802 | 0000 0000 | 0000 49c7 
  0x0000020059aed420: 87a0 0200 | 0000 0000 | 00c5 f877 | 4981 7f08 | 0000 0000 | 0f84 0500 | 0000 e9c1 | 3aff ff4c 
  0x0000020059aed440: 8b6d c04c | 8b75 c8c3 | 488b 5de8 | 4c8b 5b60 | 41ff d348 | 8b5d e848 | 8945 1844 | 8b5b 2841 
  0x0000020059aed460: f7c3 0800 | 0000 0f84 | 1b00 0000 | 4c8b 5b08 | 4d8b 5b08 | 4d8b 5b18 | 4d8b 5b70 | 4d8b 1b4c 
  0x0000020059aed480: 895d 1048 | 8d55 1048 | 8b43 5849 | ba70 7a43 | c0ff 7f00 | 0049 3bc2 | 0f85 ad00 | 0000 e805 
  0x0000020059aed4a0: 0000 00e9 | 9b00 0000 | 488b d348 | 8d44 2408 | 4c89 6dc0 | 498b cfc5 | f877 4989 | afa8 0200 
  0x0000020059aed4c0: 0049 8987 | 9802 0000 | 4883 ec20 | f7c4 0f00 | 0000 0f84 | 1a00 0000 | 4883 ec08 | 49ba 1061 
  0x0000020059aed4e0: 0dc0 ff7f | 0000 41ff | d248 83c4 | 08e9 0d00 | 0000 49ba | 1061 0dc0 | ff7f 0000 | 41ff d248 
  0x0000020059aed500: 83c4 2049 | c787 9802 | 0000 0000 | 0000 49c7 | 87a8 0200 | 0000 0000 | 0049 c787 | a002 0000 
  0x0000020059aed520: 0000 0000 | c5f8 7749 | 817f 0800 | 0000 000f | 8405 0000 | 00e9 c639 | ffff 4c8b | 6dc0 4c8b 
  0x0000020059aed540: 75c8 c348 | 8b5d e848 | 8b43 5849 | 8d8f b802 | 0000 c5f8 | 7749 89af | a802 0000 | 49ba 52d5 
  0x0000020059aed560: ae59 0002 | 0000 4d89 | 97a0 0200 | 0049 89a7 | 9802 0000 | 41c7 8748 | 0300 0004 | 0000 00ff 
  0x0000020059aed580: d0c5 f877 | 4883 ec10 | c5fb 1104 | 2448 83ec | 1048 8904 | 2448 c744 | 2408 0000 | 0000 41c7 
  0x0000020059aed5a0: 8748 0300 | 0005 0000 | 00f0 8344 | 24c0 0049 | 3baf 5003 | 0000 0f87 | 1100 0000 | 4181 bf38 
  0x0000020059aed5c0: 0300 0000 | 0000 000f | 8421 0000 | 0049 8bcf | 4c8b e448 | 83ec 2048 | 83e4 f049 | baf0 4053 
  0x0000020059aed5e0: c0ff 7f00 | 0041 ffd2 | 498b e44d | 33e4 41c7 | 8748 0300 | 0008 0000 | 0049 c787 | 9802 0000 
  0x0000020059aed600: 0000 0000 | 49c7 87a8 | 0200 0000 | 0000 0049 | c787 a002 | 0000 0000 | 0000 c5f8 | 774d 8b9f 
  0x0000020059aed620: d800 0000 | 41c7 8300 | 0100 0000 | 0000 0049 | bb5b afae | 5900 0200 | 004c 3b5d | 180f 853f 
  0x0000020059aed640: 0000 0048 | 8b04 2448 | 83c4 1048 | 85c0 0f84 | 1900 0000 | 48f7 c001 | 0000 000f | 8409 0000 
  0x0000020059aed660: 0048 8b40 | ffe9 0300 | 0000 488b | 0048 8945 | 1048 83ec | 1048 8904 | 2448 c744 | 2408 0000 
  0x0000020059aed680: 0000 4181 | bfb8 0300 | 0002 0000 | 000f 85c0 | 0000 0048 | 81ec 8000 | 0000 4889 | 4424 7848 
  0x0000020059aed6a0: 894c 2470 | 4889 5424 | 6848 895c | 2460 4889 | 6c24 5048 | 8974 2448 | 4889 7c24 | 404c 8944 
  0x0000020059aed6c0: 2438 4c89 | 4c24 304c | 8954 2428 | 4c89 5c24 | 204c 8964 | 2418 4c89 | 6c24 104c | 8974 2408 
  0x0000020059aed6e0: 4c89 3c24 | 4c8b e448 | 83ec 2048 | 83e4 f049 | ba50 5c43 | c0ff 7f00 | 0041 ffd2 | 498b e44c 
  0x0000020059aed700: 8b3c 244c | 8b74 2408 | 4c8b 6c24 | 104c 8b64 | 2418 4c8b | 5c24 204c | 8b54 2428 | 4c8b 4c24 
  0x0000020059aed720: 304c 8b44 | 2438 488b | 7c24 4048 | 8b74 2448 | 488b 6c24 | 5048 8b5c | 2460 488b | 5424 6848 
  0x0000020059aed740: 8b4c 2470 | 488b 4424 | 7848 81c4 | 8000 0000 | 4d33 e448 | 8b5d e84c | 8b6b 084d | 8d6d 3049 
  0x0000020059aed760: 817f 0800 | 0000 000f | 84be 0000 | 00e8 0500 | 0000 e998 | 0000 0048 | 8d44 2408 | 4c89 6dc0 
  0x0000020059aed780: 498b cfc5 | f877 4989 | afa8 0200 | 0049 8987 | 9802 0000 | 4883 ec20 | f7c4 0f00 | 0000 0f84 
  0x0000020059aed7a0: 1a00 0000 | 4883 ec08 | 49ba 307f | 0dc0 ff7f | 0000 41ff | d248 83c4 | 08e9 0d00 | 0000 49ba 
  0x0000020059aed7c0: 307f 0dc0 | ff7f 0000 | 41ff d248 | 83c4 2049 | c787 9802 | 0000 0000 | 0000 49c7 | 87a8 0200 
  0x0000020059aed7e0: 0000 0000 | 0049 c787 | a002 0000 | 0000 0000 | c5f8 7749 | 817f 0800 | 0000 000f | 8405 0000 
  0x0000020059aed800: 00e9 fa36 | ffff 4c8b | 6dc0 4c8b | 75c8 c348 | b940 9a67 | c0ff 7f00 | 0048 83e4 | f049 ba60 
  0x0000020059aed820: 2f30 c0ff | 7f00 0041 | ffd2 f444 | 8b5b 2841 | f7c3 2000 | 0000 0f84 | 3f01 0000 | 488d 55a8 
  0x0000020059aed840: 4c8b 5a08 | 4d85 db0f | 85be 0000 | 00e8 0500 | 0000 e998 | 0000 0048 | 8d44 2408 | 4c89 6dc0 
  0x0000020059aed860: 498b cfc5 | f877 4989 | afa8 0200 | 0049 8987 | 9802 0000 | 4883 ec20 | f7c4 0f00 | 0000 0f84 
  0x0000020059aed880: 1a00 0000 | 4883 ec08 | 49ba 507e | 0dc0 ff7f | 0000 41ff | d248 83c4 | 08e9 0d00 | 0000 49ba 
  0x0000020059aed8a0: 507e 0dc0 | ff7f 0000 | 41ff d248 | 83c4 2049 | c787 9802 | 0000 0000 | 0000 49c7 | 87a8 0200 
  0x0000020059aed8c0: 0000 0000 | 0049 c787 | a002 0000 | 0000 0000 | c5f8 7749 | 817f 0800 | 0000 000f | 8405 0000 
  0x0000020059aed8e0: 00e9 1a36 | ffff 4c8b | 6dc0 4c8b | 75c8 c348 | b940 9a67 | c0ff 7f00 | 0048 83e4 | f049 ba60 
  0x0000020059aed900: 2f30 c0ff | 7f00 0041 | ffd2 f44c | 896d c048 | 8d02 4c8b | 4a08 48c7 | 4208 0000 | 0000 4c8b 
  0x0000020059aed920: 004d 85c0 | 0f84 4d00 | 0000 f04d | 0fb1 010f | 8442 0000 | 004c 894a | 0848 8bca | 4883 ec20 
  0x0000020059aed940: f7c4 0f00 | 0000 0f84 | 1a00 0000 | 4883 ec08 | 49ba 8050 | 0dc0 ff7f | 0000 41ff | d248 83c4 
  0x0000020059aed960: 08e9 0d00 | 0000 49ba | 8050 0dc0 | ff7f 0000 | 41ff d248 | 83c4 204c | 8b6d c049 | ba2e 358d 
  0x0000020059aed980: c0ff 7f00 | 0041 803a | 000f 8442 | 0000 0048 | 8b55 e849 | 8bcf 4883 | ec20 f7c4 | 0f00 0000 
  0x0000020059aed9a0: 0f84 1a00 | 0000 4883 | ec08 49ba | c02b 43c0 | ff7f 0000 | 41ff d248 | 83c4 08e9 | 0d00 0000 
  0x0000020059aed9c0: 49ba c02b | 43c0 ff7f | 0000 41ff | d248 83c4 | 2048 8b04 | 2448 83c4 | 10c5 fb10 | 0424 4883 
  0x0000020059aed9e0: c410 4c8b | 5d18 41ff | d34c 8b5d | f8c9 5f49 | 8be3 ffe7 | ba00 0000 | 00e8 0500 | 0000 e998 
  0x0000020059aeda00: 0000 0048 | 8d44 2408 | 4c89 6dc0 | 498b cfc5 | f877 4989 | afa8 0200 | 0049 8987 | 9802 0000 
  0x0000020059aeda20: 4883 ec20 | f7c4 0f00 | 0000 0f84 | 1a00 0000 | 4883 ec08 | 49ba 8041 | 0dc0 ff7f | 0000 41ff 
  0x0000020059aeda40: d248 83c4 | 08e9 0d00 | 0000 49ba | 8041 0dc0 | ff7f 0000 | 41ff d248 | 83c4 2049 | c787 9802 
  0x0000020059aeda60: 0000 0000 | 0000 49c7 | 87a8 0200 | 0000 0000 | 0049 c787 | a002 0000 | 0000 0000 | c5f8 7749 
  0x0000020059aeda80: 817f 0800 | 0000 000f | 8405 0000 | 00e9 6e34 | ffff 4c8b | 6dc0 4c8b | 75c8 c348 | 8b5d e8e9 
  0x0000020059aedaa0: 71f8 ffff | 0f1f 4000 | 0000 0000 | 0000 0000 | 0000 0000 | 0000 0000 | 0000 0000 | 0000 0000 
[/MachCode]

---------------  P R O C E S S  ---------------

Threads class SMR info:
_java_thread_list=0x0000020068d89330, length=24, elements={
0x000002004f9186a0, 0x000002004f9c7670, 0x00000200637624f0, 0x0000020063787260,
0x0000020063787df0, 0x0000020063788980, 0x00000200637893b0, 0x000002006378bfc0,
0x00000200637ab250, 0x00000200637ae3a0, 0x000002004f97a270, 0x0000020068c2dae0,
0x0000020069122a80, 0x00000200693c5520, 0x00000200693c5a00, 0x00000200693f9860,
0x0000020068acaa30, 0x0000020068acc380, 0x0000020068aca520, 0x0000020068accda0,
0x0000020068acaf40, 0x0000020068bd5050, 0x0000020068acd7c0, 0x0000020068acb960
}

Java Threads: ( => current thread )
  0x000002004f9186a0 JavaThread "main" [_thread_blocked, id=26180, stack(0x000000531c900000,0x000000531ca00000)]
  0x000002004f9c7670 JavaThread "Reference Handler" daemon [_thread_blocked, id=20092, stack(0x000000531cc00000,0x000000531cd00000)]
  0x00000200637624f0 JavaThread "Finalizer" daemon [_thread_blocked, id=22852, stack(0x000000531cd00000,0x000000531ce00000)]
  0x0000020063787260 JavaThread "Signal Dispatcher" daemon [_thread_blocked, id=28908, stack(0x000000531ce00000,0x000000531cf00000)]
  0x0000020063787df0 JavaThread "Attach Listener" daemon [_thread_blocked, id=17572, stack(0x000000531cf00000,0x000000531d000000)]
  0x0000020063788980 JavaThread "Service Thread" daemon [_thread_blocked, id=18564, stack(0x000000531d000000,0x000000531d100000)]
  0x00000200637893b0 JavaThread "Monitor Deflation Thread" daemon [_thread_blocked, id=26528, stack(0x000000531d100000,0x000000531d200000)]
  0x000002006378bfc0 JavaThread "C2 CompilerThread0" daemon [_thread_blocked, id=14972, stack(0x000000531d200000,0x000000531d300000)]
  0x00000200637ab250 JavaThread "C1 CompilerThread0" daemon [_thread_blocked, id=24736, stack(0x000000531d300000,0x000000531d400000)]
  0x00000200637ae3a0 JavaThread "Sweeper thread" daemon [_thread_blocked, id=26540, stack(0x000000531d400000,0x000000531d500000)]
  0x000002004f97a270 JavaThread "Common-Cleaner" daemon [_thread_blocked, id=12392, stack(0x000000531d500000,0x000000531d600000)]
  0x0000020068c2dae0 JavaThread "Notification Thread" daemon [_thread_blocked, id=21516, stack(0x000000531d600000,0x000000531d700000)]
  0x0000020069122a80 JavaThread "Active Thread: Equinox Container: b6511608-a1ac-43e3-bfc6-a5538acd61c6" [_thread_blocked, id=4552, stack(0x000000531db00000,0x000000531dc00000)]
  0x00000200693c5520 JavaThread "Framework Event Dispatcher: Equinox Container: b6511608-a1ac-43e3-bfc6-a5538acd61c6" daemon [_thread_blocked, id=21088, stack(0x000000531dc00000,0x000000531dd00000)]
  0x00000200693c5a00 JavaThread "Start Level: Equinox Container: b6511608-a1ac-43e3-bfc6-a5538acd61c6" daemon [_thread_blocked, id=15836, stack(0x000000531dd00000,0x000000531de00000)]
  0x00000200693f9860 JavaThread "SCR Component Actor" daemon [_thread_blocked, id=25032, stack(0x000000531de00000,0x000000531df00000)]
  0x0000020068acaa30 JavaThread "Worker-JM" [_thread_blocked, id=13644, stack(0x000000531e000000,0x000000531e100000)]
  0x0000020068acc380 JavaThread "Worker-0" [_thread_blocked, id=19220, stack(0x000000531e100000,0x000000531e200000)]
  0x0000020068aca520 JavaThread "Worker-1" [_thread_blocked, id=25716, stack(0x000000531e200000,0x000000531e300000)]
  0x0000020068accda0 JavaThread "JNA Cleaner" daemon [_thread_blocked, id=7004, stack(0x000000531df00000,0x000000531e000000)]
  0x0000020068acaf40 JavaThread "pool-2-thread-1" [_thread_blocked, id=17852, stack(0x000000531e500000,0x000000531e600000)]
  0x0000020068bd5050 JavaThread "C2 CompilerThread1" daemon [_thread_blocked, id=26620, stack(0x000000531e600000,0x000000531e700000)]
  0x0000020068acd7c0 JavaThread "WorkspaceEventsHandler" [_thread_blocked, id=24232, stack(0x000000531e700000,0x000000531e800000)]
=>0x0000020068acb960 JavaThread "pool-1-thread-1" [_thread_in_vm, id=29428, stack(0x000000531e800000,0x000000531e900000)]

Other Threads:
  0x0000020063697930 VMThread "VM Thread" [stack: 0x000000531cb00000,0x000000531cc00000] [id=22296]
  0x0000020068dbbd80 WatcherThread [stack: 0x000000531d700000,0x000000531d800000] [id=23848]
  0x000002004f92d520 GCTaskThread "GC Thread#0" [stack: 0x000000531ca00000,0x000000531cb00000] [id=6100]
  0x00000200693151e0 GCTaskThread "GC Thread#1" [stack: 0x000000531d800000,0x000000531d900000] [id=13452]
  0x00000200692dc840 GCTaskThread "GC Thread#2" [stack: 0x000000531d900000,0x000000531da00000] [id=24648]
  0x00000200691384e0 GCTaskThread "GC Thread#3" [stack: 0x000000531da00000,0x000000531db00000] [id=16944]

Threads with active compile tasks:

VM state: not at safepoint (normal execution)

VM Mutex/Monitor currently owned by a thread:  ([mutex/lock_event])
[0x000002004f912710] Metaspace_lock - owner thread: 0x0000020068acb960

Heap address: 0x00000000c0000000, size: 1024 MB, Compressed Oops mode: 32-bit

CDS archive(s) not mapped
Compressed class space mapped at: 0x0000000100000000-0x0000000140000000, reserved size: 1073741824
Narrow klass base: 0x0000000000000000, Narrow klass shift: 3, Narrow klass range: 0x140000000

GC Precious Log:
 CPUs: 4 total, 4 available
 Memory: 8048M
 Large Page Support: Disabled
 NUMA Support: Disabled
 Compressed Oops: Enabled (32-bit)
 Alignments: Space 512K, Generation 512K, Heap 2M
 Heap Min Capacity: 100M
 Heap Initial Capacity: 100M
 Heap Max Capacity: 1G
 Pre-touch: Disabled
 Parallel Workers: 4

Heap:
 PSYoungGen      total 25600K, used 14370K [0x00000000eab00000, 0x00000000eca80000, 0x0000000100000000)
  eden space 24064K, 53% used [0x00000000eab00000,0x00000000eb789f50,0x00000000ec280000)
  from space 1536K, 99% used [0x00000000ec480000,0x00000000ec5fe900,0x00000000ec600000)
  to   space 4096K, 0% used [0x00000000ec680000,0x00000000ec680000,0x00000000eca80000)
 ParOldGen       total 68608K, used 8438K [0x00000000c0000000, 0x00000000c4300000, 0x00000000eab00000)
  object space 68608K, 12% used [0x00000000c0000000,0x00000000c083db58,0x00000000c4300000)
 Metaspace       used 34194K, committed 34816K, reserved 1114112K
  class space    used 3437K, committed 3712K, reserved 1048576K

Card table byte_map: [0x000002004f2b0000,0x000002004f4c0000] _byte_map_base: 0x000002004ecb0000

Marking Bits: (ParMarkBitMap*) 0x00007fffc08ed0b0
 Begin Bits: [0x00000200615b0000, 0x00000200625b0000)
 End Bits:   [0x00000200625b0000, 0x00000200635b0000)

Polling page: 0x000002004d7b0000

Metaspace:

Usage:
  Non-class:     30.04 MB used.
      Class:      3.36 MB used.
       Both:     33.39 MB used.

Virtual space:
  Non-class space:       64.00 MB reserved,      30.38 MB ( 47%) committed,  1 nodes.
      Class space:        1.00 GB reserved,       3.62 MB ( <1%) committed,  1 nodes.
             Both:        1.06 GB reserved,      34.00 MB (  3%) committed. 

Chunk freelists:
   Non-Class:  1.23 MB
       Class:  12.19 MB
        Both:  13.42 MB

MaxMetaspaceSize: unlimited
CompressedClassSpaceSize: 1.00 GB
Initial GC threshold: 21.00 MB
Current GC threshold: 35.00 MB
CDS: off
MetaspaceReclaimPolicy: balanced
 - commit_granule_bytes: 65536.
 - commit_granule_words: 8192.
 - virtual_space_node_default_size: 8388608.
 - enlarge_chunks_in_place: 1.
 - new_chunks_are_fully_committed: 0.
 - uncommit_free_chunks: 1.
 - use_allocation_guard: 0.
 - handle_deallocations: 1.


Internal statistics:

num_allocs_failed_limit: 3.
num_arena_births: 344.
num_arena_deaths: 14.
num_vsnodes_births: 2.
num_vsnodes_deaths: 0.
num_space_committed: 544.
num_space_uncommitted: 0.
num_chunks_returned_to_freelist: 24.
num_chunks_taken_from_freelist: 1353.
num_chunk_merges: 11.
num_chunk_splits: 881.
num_chunks_enlarged: 602.
num_inconsistent_stats: 0.

CodeHeap 'non-profiled nmethods': size=120000Kb used=1265Kb max_used=1265Kb free=118735Kb
 bounds [0x000002005a080000, 0x000002005a2f0000, 0x00000200615b0000]
CodeHeap 'profiled nmethods': size=120000Kb used=6012Kb max_used=6012Kb free=113987Kb
 bounds [0x00000200525b0000, 0x0000020052b90000, 0x0000020059ae0000]
CodeHeap 'non-nmethods': size=5760Kb used=1260Kb max_used=1296Kb free=4500Kb
 bounds [0x0000020059ae0000, 0x0000020059d50000, 0x000002005a080000]
 total_blobs=3511 nmethods=2932 adapters=493
 compilation: enabled
              stopped_count=0, restarted_count=0
 full_count=0

Compilation events (20 events):
Event: 16.912 Thread 0x00000200637ab250 2927       3       jdk.internal.reflect.ReflectionFactory::newConstructorAccessor (155 bytes)
Event: 16.913 Thread 0x00000200637ab250 nmethod 2927 0x0000020052b8a410 code [0x0000020052b8a760, 0x0000020052b8bcb8]
Event: 16.918 Thread 0x00000200637ab250 2928       3       sun.reflect.generics.parser.SignatureParser::parseTypeArguments (109 bytes)
Event: 16.919 Thread 0x00000200637ab250 nmethod 2928 0x0000020052b8c490 code [0x0000020052b8c740, 0x0000020052b8d3c8]
Event: 16.919 Thread 0x000002006378bfc0 2929       4       sun.reflect.generics.parser.SignatureParser::skipIdentifier (67 bytes)
Event: 16.926 Thread 0x000002006378bfc0 nmethod 2929 0x000002005a1bb890 code [0x000002005a1bba40, 0x000002005a1bbd98]
Event: 16.932 Thread 0x00000200637ab250 2930       3       java.nio.HeapByteBuffer::ix (7 bytes)
Event: 16.933 Thread 0x00000200637ab250 nmethod 2930 0x0000020052b8d890 code [0x0000020052b8da20, 0x0000020052b8db38]
Event: 16.933 Thread 0x00000200637ab250 2931       3       java.util.concurrent.ConcurrentHashMap::resizeStamp (9 bytes)
Event: 16.933 Thread 0x00000200637ab250 nmethod 2931 0x0000020052b8dc10 code [0x0000020052b8dda0, 0x0000020052b8dec8]
Event: 16.934 Thread 0x00000200637ab250 2932       3       jdk.internal.org.objectweb.asm.SymbolTable::addConstantString (8 bytes)
Event: 16.934 Thread 0x00000200637ab250 nmethod 2932 0x0000020052b8df90 code [0x0000020052b8e120, 0x0000020052b8e268]
Event: 16.936 Thread 0x00000200637ab250 2933       1       com.google.gson.reflect.TypeToken::getRawType (5 bytes)
Event: 16.936 Thread 0x00000200637ab250 nmethod 2933 0x000002005a1bc110 code [0x000002005a1bc2a0, 0x000002005a1bc378]
Event: 16.954 Thread 0x00000200637ab250 2934       3       sun.reflect.generics.visitor.Reifier::make (9 bytes)
Event: 16.954 Thread 0x00000200637ab250 nmethod 2934 0x0000020052b8e310 code [0x0000020052b8e4c0, 0x0000020052b8e6d8]
Event: 16.956 Thread 0x00000200637ab250 2935       3       sun.reflect.generics.visitor.Reifier::getResult (26 bytes)
Event: 16.956 Thread 0x00000200637ab250 nmethod 2935 0x0000020052b8e810 code [0x0000020052b8e9a0, 0x0000020052b8eab8]
Event: 16.969 Thread 0x00000200637ab250 2936   !   3       sun.reflect.annotation.AnnotationParser::parseAnnotations (37 bytes)
Event: 16.970 Thread 0x00000200637ab250 nmethod 2936 0x0000020052b8eb90 code [0x0000020052b8ed80, 0x0000020052b8f0a8]

GC Heap History (16 events):
Event: 2.614 GC heap before
{Heap before GC invocations=1 (full 0):
 PSYoungGen      total 29696K, used 25600K [0x00000000eab00000, 0x00000000ecc00000, 0x0000000100000000)
  eden space 25600K, 100% used [0x00000000eab00000,0x00000000ec400000,0x00000000ec400000)
  from space 4096K, 0% used [0x00000000ec800000,0x00000000ec800000,0x00000000ecc00000)
  to   space 4096K, 0% used [0x00000000ec400000,0x00000000ec400000,0x00000000ec800000)
 ParOldGen       total 68608K, used 0K [0x00000000c0000000, 0x00000000c4300000, 0x00000000eab00000)
  object space 68608K, 0% used [0x00000000c0000000,0x00000000c0000000,0x00000000c4300000)
 Metaspace       used 11037K, committed 11200K, reserved 1114112K
  class space    used 1100K, committed 1216K, reserved 1048576K
}
Event: 2.709 GC heap after
{Heap after GC invocations=1 (full 0):
 PSYoungGen      total 29696K, used 3155K [0x00000000eab00000, 0x00000000ecc00000, 0x0000000100000000)
  eden space 25600K, 0% used [0x00000000eab00000,0x00000000eab00000,0x00000000ec400000)
  from space 4096K, 77% used [0x00000000ec400000,0x00000000ec714c18,0x00000000ec800000)
  to   space 4096K, 0% used [0x00000000ec800000,0x00000000ec800000,0x00000000ecc00000)
 ParOldGen       total 68608K, used 0K [0x00000000c0000000, 0x00000000c4300000, 0x00000000eab00000)
  object space 68608K, 0% used [0x00000000c0000000,0x00000000c0000000,0x00000000c4300000)
 Metaspace       used 11037K, committed 11200K, reserved 1114112K
  class space    used 1100K, committed 1216K, reserved 1048576K
}
Event: 4.850 GC heap before
{Heap before GC invocations=2 (full 0):
 PSYoungGen      total 29696K, used 28755K [0x00000000eab00000, 0x00000000ecc00000, 0x0000000100000000)
  eden space 25600K, 100% used [0x00000000eab00000,0x00000000ec400000,0x00000000ec400000)
  from space 4096K, 77% used [0x00000000ec400000,0x00000000ec714c18,0x00000000ec800000)
  to   space 4096K, 0% used [0x00000000ec800000,0x00000000ec800000,0x00000000ecc00000)
 ParOldGen       total 68608K, used 0K [0x00000000c0000000, 0x00000000c4300000, 0x00000000eab00000)
  object space 68608K, 0% used [0x00000000c0000000,0x00000000c0000000,0x00000000c4300000)
 Metaspace       used 15165K, committed 15424K, reserved 1114112K
  class space    used 1541K, committed 1664K, reserved 1048576K
}
Event: 4.856 GC heap after
{Heap after GC invocations=2 (full 0):
 PSYoungGen      total 29696K, used 4088K [0x00000000eab00000, 0x00000000ecc00000, 0x0000000100000000)
  eden space 25600K, 0% used [0x00000000eab00000,0x00000000eab00000,0x00000000ec400000)
  from space 4096K, 99% used [0x00000000ec800000,0x00000000ecbfe138,0x00000000ecc00000)
  to   space 4096K, 0% used [0x00000000ec400000,0x00000000ec400000,0x00000000ec800000)
 ParOldGen       total 68608K, used 718K [0x00000000c0000000, 0x00000000c4300000, 0x00000000eab00000)
  object space 68608K, 1% used [0x00000000c0000000,0x00000000c00b3b60,0x00000000c4300000)
 Metaspace       used 15165K, committed 15424K, reserved 1114112K
  class space    used 1541K, committed 1664K, reserved 1048576K
}
Event: 6.727 GC heap before
{Heap before GC invocations=3 (full 0):
 PSYoungGen      total 29696K, used 29688K [0x00000000eab00000, 0x00000000ecc00000, 0x0000000100000000)
  eden space 25600K, 100% used [0x00000000eab00000,0x00000000ec400000,0x00000000ec400000)
  from space 4096K, 99% used [0x00000000ec800000,0x00000000ecbfe138,0x00000000ecc00000)
  to   space 4096K, 0% used [0x00000000ec400000,0x00000000ec400000,0x00000000ec800000)
 ParOldGen       total 68608K, used 718K [0x00000000c0000000, 0x00000000c4300000, 0x00000000eab00000)
  object space 68608K, 1% used [0x00000000c0000000,0x00000000c00b3b60,0x00000000c4300000)
 Metaspace       used 20175K, committed 20608K, reserved 1114112K
  class space    used 2065K, committed 2240K, reserved 1048576K
}
Event: 6.734 GC heap after
{Heap after GC invocations=3 (full 0):
 PSYoungGen      total 29696K, used 4071K [0x00000000eab00000, 0x00000000ecc00000, 0x0000000100000000)
  eden space 25600K, 0% used [0x00000000eab00000,0x00000000eab00000,0x00000000ec400000)
  from space 4096K, 99% used [0x00000000ec400000,0x00000000ec7f9f88,0x00000000ec800000)
  to   space 4096K, 0% used [0x00000000ec800000,0x00000000ec800000,0x00000000ecc00000)
 ParOldGen       total 68608K, used 2509K [0x00000000c0000000, 0x00000000c4300000, 0x00000000eab00000)
  object space 68608K, 3% used [0x00000000c0000000,0x00000000c0273698,0x00000000c4300000)
 Metaspace       used 20175K, committed 20608K, reserved 1114112K
  class space    used 2065K, committed 2240K, reserved 1048576K
}
Event: 7.249 GC heap before
{Heap before GC invocations=4 (full 0):
 PSYoungGen      total 29696K, used 9592K [0x00000000eab00000, 0x00000000ecc00000, 0x0000000100000000)
  eden space 25600K, 21% used [0x00000000eab00000,0x00000000eb064200,0x00000000ec400000)
  from space 4096K, 99% used [0x00000000ec400000,0x00000000ec7f9f88,0x00000000ec800000)
  to   space 4096K, 0% used [0x00000000ec800000,0x00000000ec800000,0x00000000ecc00000)
 ParOldGen       total 68608K, used 2509K [0x00000000c0000000, 0x00000000c4300000, 0x00000000eab00000)
  object space 68608K, 3% used [0x00000000c0000000,0x00000000c0273698,0x00000000c4300000)
 Metaspace       used 21067K, committed 21504K, reserved 1114112K
  class space    used 2159K, committed 2368K, reserved 1048576K
}
Event: 7.252 GC heap after
{Heap after GC invocations=4 (full 0):
 PSYoungGen      total 29696K, used 4071K [0x00000000eab00000, 0x00000000ecc00000, 0x0000000100000000)
  eden space 25600K, 0% used [0x00000000eab00000,0x00000000eab00000,0x00000000ec400000)
  from space 4096K, 99% used [0x00000000ec800000,0x00000000ecbf9f88,0x00000000ecc00000)
  to   space 4096K, 0% used [0x00000000ec400000,0x00000000ec400000,0x00000000ec800000)
 ParOldGen       total 68608K, used 2713K [0x00000000c0000000, 0x00000000c4300000, 0x00000000eab00000)
  object space 68608K, 3% used [0x00000000c0000000,0x00000000c02a66a8,0x00000000c4300000)
 Metaspace       used 21067K, committed 21504K, reserved 1114112K
  class space    used 2159K, committed 2368K, reserved 1048576K
}
Event: 7.253 GC heap before
{Heap before GC invocations=5 (full 1):
 PSYoungGen      total 29696K, used 4071K [0x00000000eab00000, 0x00000000ecc00000, 0x0000000100000000)
  eden space 25600K, 0% used [0x00000000eab00000,0x00000000eab00000,0x00000000ec400000)
  from space 4096K, 99% used [0x00000000ec800000,0x00000000ecbf9f88,0x00000000ecc00000)
  to   space 4096K, 0% used [0x00000000ec400000,0x00000000ec400000,0x00000000ec800000)
 ParOldGen       total 68608K, used 2713K [0x00000000c0000000, 0x00000000c4300000, 0x00000000eab00000)
  object space 68608K, 3% used [0x00000000c0000000,0x00000000c02a66a8,0x00000000c4300000)
 Metaspace       used 21067K, committed 21504K, reserved 1114112K
  class space    used 2159K, committed 2368K, reserved 1048576K
}
Event: 7.280 GC heap after
{Heap after GC invocations=5 (full 1):
 PSYoungGen      total 29696K, used 0K [0x00000000eab00000, 0x00000000ecc00000, 0x0000000100000000)
  eden space 25600K, 0% used [0x00000000eab00000,0x00000000eab00000,0x00000000ec400000)
  from space 4096K, 0% used [0x00000000ec800000,0x00000000ec800000,0x00000000ecc00000)
  to   space 4096K, 0% used [0x00000000ec400000,0x00000000ec400000,0x00000000ec800000)
 ParOldGen       total 68608K, used 6634K [0x00000000c0000000, 0x00000000c4300000, 0x00000000eab00000)
  object space 68608K, 9% used [0x00000000c0000000,0x00000000c067aaa0,0x00000000c4300000)
 Metaspace       used 21053K, committed 21504K, reserved 1114112K
  class space    used 2155K, committed 2368K, reserved 1048576K
}
Event: 7.929 GC heap before
{Heap before GC invocations=6 (full 1):
 PSYoungGen      total 29696K, used 25600K [0x00000000eab00000, 0x00000000ecc00000, 0x0000000100000000)
  eden space 25600K, 100% used [0x00000000eab00000,0x00000000ec400000,0x00000000ec400000)
  from space 4096K, 0% used [0x00000000ec800000,0x00000000ec800000,0x00000000ecc00000)
  to   space 4096K, 0% used [0x00000000ec400000,0x00000000ec400000,0x00000000ec800000)
 ParOldGen       total 68608K, used 6634K [0x00000000c0000000, 0x00000000c4300000, 0x00000000eab00000)
  object space 68608K, 9% used [0x00000000c0000000,0x00000000c067aaa0,0x00000000c4300000)
 Metaspace       used 24471K, committed 24960K, reserved 1114112K
  class space    used 2389K, committed 2624K, reserved 1048576K
}
Event: 7.930 GC heap after
{Heap after GC invocations=6 (full 1):
 PSYoungGen      total 26112K, used 651K [0x00000000eab00000, 0x00000000ec880000, 0x0000000100000000)
  eden space 25088K, 0% used [0x00000000eab00000,0x00000000eab00000,0x00000000ec380000)
  from space 1024K, 63% used [0x00000000ec400000,0x00000000ec4a2ee0,0x00000000ec500000)
  to   space 2560K, 0% used [0x00000000ec600000,0x00000000ec600000,0x00000000ec880000)
 ParOldGen       total 68608K, used 6634K [0x00000000c0000000, 0x00000000c4300000, 0x00000000eab00000)
  object space 68608K, 9% used [0x00000000c0000000,0x00000000c067aaa0,0x00000000c4300000)
 Metaspace       used 24471K, committed 24960K, reserved 1114112K
  class space    used 2389K, committed 2624K, reserved 1048576K
}
Event: 14.529 GC heap before
{Heap before GC invocations=7 (full 1):
 PSYoungGen      total 26112K, used 25739K [0x00000000eab00000, 0x00000000ec880000, 0x0000000100000000)
  eden space 25088K, 100% used [0x00000000eab00000,0x00000000ec380000,0x00000000ec380000)
  from space 1024K, 63% used [0x00000000ec400000,0x00000000ec4a2ee0,0x00000000ec500000)
  to   space 2560K, 0% used [0x00000000ec600000,0x00000000ec600000,0x00000000ec880000)
 ParOldGen       total 68608K, used 6634K [0x00000000c0000000, 0x00000000c4300000, 0x00000000eab00000)
  object space 68608K, 9% used [0x00000000c0000000,0x00000000c067aaa0,0x00000000c4300000)
 Metaspace       used 27365K, committed 27968K, reserved 1114112K
  class space    used 2637K, committed 2880K, reserved 1048576K
}
Event: 14.530 GC heap after
{Heap after GC invocations=7 (full 1):
 PSYoungGen      total 26112K, used 1084K [0x00000000eab00000, 0x00000000ec780000, 0x0000000100000000)
  eden space 24576K, 0% used [0x00000000eab00000,0x00000000eab00000,0x00000000ec300000)
  from space 1536K, 70% used [0x00000000ec600000,0x00000000ec70f3e8,0x00000000ec780000)
  to   space 1536K, 0% used [0x00000000ec480000,0x00000000ec480000,0x00000000ec600000)
 ParOldGen       total 68608K, used 6642K [0x00000000c0000000, 0x00000000c4300000, 0x00000000eab00000)
  object space 68608K, 9% used [0x00000000c0000000,0x00000000c067caa0,0x00000000c4300000)
 Metaspace       used 27365K, committed 27968K, reserved 1114112K
  class space    used 2637K, committed 2880K, reserved 1048576K
}
Event: 16.469 GC heap before
{Heap before GC invocations=8 (full 1):
 PSYoungGen      total 26112K, used 25660K [0x00000000eab00000, 0x00000000ec780000, 0x0000000100000000)
  eden space 24576K, 100% used [0x00000000eab00000,0x00000000ec300000,0x00000000ec300000)
  from space 1536K, 70% used [0x00000000ec600000,0x00000000ec70f3e8,0x00000000ec780000)
  to   space 1536K, 0% used [0x00000000ec480000,0x00000000ec480000,0x00000000ec600000)
 ParOldGen       total 68608K, used 6642K [0x00000000c0000000, 0x00000000c4300000, 0x00000000eab00000)
  object space 68608K, 9% used [0x00000000c0000000,0x00000000c067caa0,0x00000000c4300000)
 Metaspace       used 32040K, committed 32704K, reserved 1114112K
  class space    used 3160K, committed 3456K, reserved 1048576K
}
Event: 16.471 GC heap after
{Heap after GC invocations=8 (full 1):
 PSYoungGen      total 25600K, used 1530K [0x00000000eab00000, 0x00000000eca80000, 0x0000000100000000)
  eden space 24064K, 0% used [0x00000000eab00000,0x00000000eab00000,0x00000000ec280000)
  from space 1536K, 99% used [0x00000000ec480000,0x00000000ec5fe900,0x00000000ec600000)
  to   space 4096K, 0% used [0x00000000ec680000,0x00000000ec680000,0x00000000eca80000)
 ParOldGen       total 68608K, used 8438K [0x00000000c0000000, 0x00000000c4300000, 0x00000000eab00000)
  object space 68608K, 12% used [0x00000000c0000000,0x00000000c083db58,0x00000000c4300000)
 Metaspace       used 32040K, committed 32704K, reserved 1114112K
  class space    used 3160K, committed 3456K, reserved 1048576K
}

Dll operation events (10 events):
Event: 0.124 Loaded shared library c:\Users\Avinash.kote\.vscode\extensions\redhat.java-1.25.1-win32-x64\jre\17.0.9-win32-x86_64\bin\java.dll
Event: 0.574 Loaded shared library c:\Users\Avinash.kote\.vscode\extensions\redhat.java-1.25.1-win32-x64\jre\17.0.9-win32-x86_64\bin\zip.dll
Event: 0.578 Loaded shared library C:\Users\Avinash.kote\.vscode\extensions\redhat.java-1.25.1-win32-x64\jre\17.0.9-win32-x86_64\bin\instrument.dll
Event: 0.593 Loaded shared library C:\Users\Avinash.kote\.vscode\extensions\redhat.java-1.25.1-win32-x64\jre\17.0.9-win32-x86_64\bin\net.dll
Event: 0.601 Loaded shared library C:\Users\Avinash.kote\.vscode\extensions\redhat.java-1.25.1-win32-x64\jre\17.0.9-win32-x86_64\bin\nio.dll
Event: 0.609 Loaded shared library C:\Users\Avinash.kote\.vscode\extensions\redhat.java-1.25.1-win32-x64\jre\17.0.9-win32-x86_64\bin\zip.dll
Event: 0.627 Loaded shared library C:\Users\Avinash.kote\.vscode\extensions\redhat.java-1.25.1-win32-x64\jre\17.0.9-win32-x86_64\bin\jimage.dll
Event: 0.741 Loaded shared library c:\Users\Avinash.kote\.vscode\extensions\redhat.java-1.25.1-win32-x64\jre\17.0.9-win32-x86_64\bin\verify.dll
Event: 4.392 Loaded shared library C:\Users\Avinash.kote\AppData\Roaming\Code\User\globalStorage\redhat.java\1.25.1\config_ss_win\org.eclipse.equinox.launcher\org.eclipse.equinox.launcher.win32.win32.x86_64_1.2.800.v20231003-1442\eclipse_11802.dll
Event: 16.149 Loaded shared library C:\Users\Avinash.kote\AppData\Local\Temp\jna-1358800263\jna14145831176233794789.dll

Deoptimization events (20 events):
Event: 16.814 Thread 0x000002004f9186a0 Uncommon trap: trap_request=0xffffff45 fr.pc=0x000002005a13d9b4 relative=0x0000000000000114
Event: 16.814 Thread 0x000002004f9186a0 Uncommon trap: reason=unstable_if action=reinterpret pc=0x000002005a13d9b4 method=jdk.internal.org.objectweb.asm.SymbolTable.put(Ljdk/internal/org/objectweb/asm/SymbolTable$Entry;)Ljdk/internal/org/objectweb/asm/SymbolTable$Entry; @ 13 c2
Event: 16.814 Thread 0x000002004f9186a0 DEOPT PACKING pc=0x000002005a13d9b4 sp=0x000000531c9fd660
Event: 16.814 Thread 0x000002004f9186a0 DEOPT UNPACKING pc=0x0000020059b366a3 sp=0x000000531c9fd5c0 mode 2
Event: 16.835 Thread 0x000002004f9186a0 Uncommon trap: trap_request=0xffffff45 fr.pc=0x000002005a0aad48 relative=0x0000000000000048
Event: 16.835 Thread 0x000002004f9186a0 Uncommon trap: reason=unstable_if action=reinterpret pc=0x000002005a0aad48 method=java.lang.CharacterData.of(I)Ljava/lang/CharacterData; @ 4 c2
Event: 16.835 Thread 0x000002004f9186a0 DEOPT PACKING pc=0x000002005a0aad48 sp=0x000000531c9fd210
Event: 16.835 Thread 0x000002004f9186a0 DEOPT UNPACKING pc=0x0000020059b366a3 sp=0x000000531c9fd1a8 mode 2
Event: 16.866 Thread 0x000002004f9186a0 Uncommon trap: trap_request=0xffffff45 fr.pc=0x000002005a0994a4 relative=0x0000000000000384
Event: 16.866 Thread 0x000002004f9186a0 Uncommon trap: reason=unstable_if action=reinterpret pc=0x000002005a0994a4 method=java.lang.StringLatin1.canEncode(I)Z @ 4 c2
Event: 16.866 Thread 0x000002004f9186a0 DEOPT PACKING pc=0x000002005a0994a4 sp=0x000000531c9fda70
Event: 16.866 Thread 0x000002004f9186a0 DEOPT UNPACKING pc=0x0000020059b366a3 sp=0x000000531c9fd998 mode 2
Event: 16.866 Thread 0x000002004f9186a0 Uncommon trap: trap_request=0xffffff45 fr.pc=0x000002005a0c1680 relative=0x0000000000000360
Event: 16.866 Thread 0x000002004f9186a0 Uncommon trap: reason=unstable_if action=reinterpret pc=0x000002005a0c1680 method=java.lang.AbstractStringBuilder.isLatin1()Z @ 10 c2
Event: 16.866 Thread 0x000002004f9186a0 DEOPT PACKING pc=0x000002005a0c1680 sp=0x000000531c9fda90
Event: 16.866 Thread 0x000002004f9186a0 DEOPT UNPACKING pc=0x0000020059b366a3 sp=0x000000531c9fda10 mode 2
Event: 16.866 Thread 0x000002004f9186a0 Uncommon trap: trap_request=0xffffff45 fr.pc=0x000002005a0a7a5c relative=0x000000000000005c
Event: 16.866 Thread 0x000002004f9186a0 Uncommon trap: reason=unstable_if action=reinterpret pc=0x000002005a0a7a5c method=java.lang.AbstractStringBuilder.isLatin1()Z @ 10 c2
Event: 16.866 Thread 0x000002004f9186a0 DEOPT PACKING pc=0x000002005a0a7a5c sp=0x000000531c9fda70
Event: 16.866 Thread 0x000002004f9186a0 DEOPT UNPACKING pc=0x0000020059b366a3 sp=0x000000531c9fda00 mode 2

Classes unloaded (7 events):
Event: 7.257 Thread 0x0000020063697930 Unloading class 0x000000010021a400 'java/lang/invoke/LambdaForm$MH+0x000000010021a400'
Event: 7.257 Thread 0x0000020063697930 Unloading class 0x000000010021a000 'java/lang/invoke/LambdaForm$MH+0x000000010021a000'
Event: 7.257 Thread 0x0000020063697930 Unloading class 0x0000000100219c00 'java/lang/invoke/LambdaForm$MH+0x0000000100219c00'
Event: 7.257 Thread 0x0000020063697930 Unloading class 0x0000000100219800 'java/lang/invoke/LambdaForm$MH+0x0000000100219800'
Event: 7.257 Thread 0x0000020063697930 Unloading class 0x0000000100219400 'java/lang/invoke/LambdaForm$BMH+0x0000000100219400'
Event: 7.257 Thread 0x0000020063697930 Unloading class 0x0000000100219000 'java/lang/invoke/LambdaForm$DMH+0x0000000100219000'
Event: 7.257 Thread 0x0000020063697930 Unloading class 0x0000000100210400 'java/lang/invoke/LambdaForm$DMH+0x0000000100210400'

Classes redefined (0 events):
No events

Internal exceptions (20 events):
Event: 8.862 Thread 0x00000200693c5a00 Exception <a 'java/lang/ClassNotFoundException'{0x00000000ec279070}: com/sun/org/apache/xerces/internal/impl/msg/spi/DOMMessagesProvider> (0x00000000ec279070) 
thrown [s\src\hotspot\share\classfile\systemDictionary.cpp, line 256]
Event: 8.958 Thread 0x00000200693c5a00 Exception <a 'java/lang/ClassNotFoundException'{0x00000000ec2a5200}: com/sun/org/apache/xerces/internal/impl/msg/spi/XMLSerializerMessagesProvider> (0x00000000ec2a5200) 
thrown [s\src\hotspot\share\classfile\systemDictionary.cpp, line 256]
Event: 8.959 Thread 0x00000200693c5a00 Exception <a 'java/lang/ClassNotFoundException'{0x00000000ec2b2488}: com/sun/org/apache/xerces/internal/impl/msg/spi/XMLMessagesProvider> (0x00000000ec2b2488) 
thrown [s\src\hotspot\share\classfile\systemDictionary.cpp, line 256]
Event: 8.975 Thread 0x00000200693c5a00 Exception <a 'java/lang/NoSuchMethodError'{0x00000000ec35a070}: 'void java.lang.invoke.DirectMethodHandle$Holder.invokeVirtual(java.lang.Object, java.lang.Object)'> (0x00000000ec35a070) 
thrown [s\src\hotspot\share\interpreter\linkResolver.cpp, line 759]
Event: 15.054 Thread 0x00000200693c5a00 Exception <a 'java/lang/NoSuchMethodError'{0x00000000ead20020}: 'java.lang.Object java.lang.invoke.DirectMethodHandle$Holder.invokeStaticInit(java.lang.Object, int, int, int, int)'> (0x00000000ead20020) 
thrown [s\src\hotspot\share\interpreter\linkResolver.cpp, line 759]
Event: 15.352 Thread 0x00000200693c5a00 Exception <a 'java/lang/NoSuchMethodError'{0x00000000eadce870}: 'java.lang.Object java.lang.invoke.DirectMethodHandle$Holder.invokeStaticInit(java.lang.Object, java.lang.Object, int, int, int, int)'> (0x00000000eadce870) 
thrown [s\src\hotspot\share\interpreter\linkResolver.cpp, line 759]
Event: 15.435 Thread 0x00000200693c5a00 Exception <a 'sun/nio/fs/WindowsException'{0x00000000eaf62718}> (0x00000000eaf62718) 
thrown [s\src\hotspot\share\prims\jni.cpp, line 516]
Event: 15.582 Thread 0x00000200693c5a00 Implicit null exception at 0x000002005a17878d to 0x000002005a1794e0
Event: 15.664 Thread 0x00000200693c5a00 Exception <a 'java/lang/ClassNotFoundException'{0x00000000eb71c128}: com/sun/org/apache/xml/internal/serializer/spi/XMLEntitiesProvider> (0x00000000eb71c128) 
thrown [s\src\hotspot\share\classfile\systemDictionary.cpp, line 256]
Event: 15.910 Thread 0x00000200693c5a00 Exception <a 'java/io/FileNotFoundException'{0x00000000ebc156b0}> (0x00000000ebc156b0) 
thrown [s\src\hotspot\share\prims\jni.cpp, line 516]
Event: 16.182 Thread 0x00000200693c5a00 Exception <a 'java/lang/UnsatisfiedLinkError'{0x00000000ebf4f150}: The specified procedure could not be found.
> (0x00000000ebf4f150) 
thrown [s\src\hotspot\share\prims\jni.cpp, line 535]
Event: 16.216 Thread 0x00000200693c5a00 Exception <a 'java/io/FileNotFoundException'{0x00000000ebf72310}> (0x00000000ebf72310) 
thrown [s\src\hotspot\share\prims\jni.cpp, line 516]
Event: 16.229 Thread 0x00000200693c5a00 Exception <a 'java/io/FileNotFoundException'{0x00000000ebfe6e48}> (0x00000000ebfe6e48) 
thrown [s\src\hotspot\share\prims\jni.cpp, line 516]
Event: 16.243 Thread 0x00000200693c5a00 Exception <a 'java/lang/UnsatisfiedLinkError'{0x00000000ec072fe0}: The specified procedure could not be found.
> (0x00000000ec072fe0) 
thrown [s\src\hotspot\share\prims\jni.cpp, line 535]
Event: 16.318 Thread 0x000002004f9186a0 Exception <a 'java/lang/NoSuchMethodError'{0x00000000ec2239e0}: 'java.lang.Object java.lang.invoke.DirectMethodHandle$Holder.invokeStatic(java.lang.Object, java.lang.Object, long, java.lang.Object)'> (0x00000000ec2239e0) 
thrown [s\src\hotspot\share\interpreter\linkResolver.cpp, line 759]
Event: 16.318 Thread 0x000002004f9186a0 Exception <a 'java/lang/NoSuchMethodError'{0x00000000ec227478}: 'java.lang.Object java.lang.invoke.DirectMethodHandle$Holder.invokeStaticInit(java.lang.Object, java.lang.Object, long, java.lang.Object)'> (0x00000000ec227478) 
thrown [s\src\hotspot\share\interpreter\linkResolver.cpp, line 759]
Event: 16.319 Thread 0x000002004f9186a0 Exception <a 'java/lang/NoSuchMethodError'{0x00000000ec22da88}: 'java.lang.Object java.lang.invoke.DirectMethodHandle$Holder.newInvokeSpecial(java.lang.Object, java.lang.Object, long)'> (0x00000000ec22da88) 
thrown [s\src\hotspot\share\interpreter\linkResolver.cpp, line 759]
Event: 16.496 Thread 0x000002004f9186a0 Exception <a 'java/lang/NoSuchMethodError'{0x00000000eabe9698}: 'void java.lang.invoke.DirectMethodHandle$Holder.invokeStatic(java.lang.Object, java.lang.Object, java.lang.Object, java.lang.Object)'> (0x00000000eabe9698) 
thrown [s\src\hotspot\share\interpreter\linkResolver.cpp, line 759]
Event: 16.774 Thread 0x000002004f9186a0 Exception <a 'java/lang/NoSuchMethodError'{0x00000000eb3f98d8}: 'void java.lang.invoke.DirectMethodHandle$Holder.invokeSpecial(java.lang.Object, java.lang.Object, java.lang.Object, java.lang.Object, java.lang.Object, java.lang.Object)'> (0x00000000eb3f98d8) 
thrown [s\src\hotspot\share\interpreter\linkResolver.cpp, line 759]
Event: 16.775 Thread 0x000002004f9186a0 Exception <a 'java/lang/IncompatibleClassChangeError'{0x00000000eb403188}: Found class java.lang.Object, but interface was expected> (0x00000000eb403188) 
thrown [s\src\hotspot\share\interpreter\linkResolver.cpp, line 826]

VM Operations (20 events):
Event: 8.976 Executing VM operation: ParallelGCFailedAllocation
Event: 14.531 Executing VM operation: ParallelGCFailedAllocation done
Event: 14.540 Executing VM operation: HandshakeAllThreads
Event: 14.540 Executing VM operation: HandshakeAllThreads done
Event: 15.504 Executing VM operation: HandshakeAllThreads
Event: 15.504 Executing VM operation: HandshakeAllThreads done
Event: 15.594 Executing VM operation: HandshakeAllThreads
Event: 15.614 Executing VM operation: HandshakeAllThreads done
Event: 15.614 Executing VM operation: Cleanup
Event: 15.614 Executing VM operation: Cleanup done
Event: 15.736 Executing VM operation: HandshakeAllThreads
Event: 15.736 Executing VM operation: HandshakeAllThreads done
Event: 16.166 Executing VM operation: HandshakeAllThreads
Event: 16.166 Executing VM operation: HandshakeAllThreads done
Event: 16.296 Executing VM operation: HandshakeAllThreads
Event: 16.296 Executing VM operation: HandshakeAllThreads done
Event: 16.412 Executing VM operation: ParallelGCFailedAllocation
Event: 16.473 Executing VM operation: ParallelGCFailedAllocation done
Event: 16.859 Executing VM operation: HandshakeAllThreads
Event: 16.860 Executing VM operation: HandshakeAllThreads done

Events (20 events):
Event: 16.868 Thread 0x0000020068acd7c0 Thread added: 0x0000020068acd7c0
Event: 16.868 Thread 0x0000020068acb960 Thread added: 0x0000020068acb960
Event: 16.888 loading class java/util/concurrent/ForkJoinPool
Event: 16.890 loading class java/util/concurrent/ForkJoinPool done
Event: 16.890 loading class java/lang/invoke/VarHandleInts$FieldStaticReadWrite
Event: 16.891 loading class java/lang/invoke/VarHandleInts$FieldStaticReadOnly
Event: 16.891 loading class java/lang/invoke/VarHandleInts$FieldStaticReadOnly done
Event: 16.891 loading class java/lang/invoke/VarHandleInts$FieldStaticReadWrite done
Event: 16.891 loading class java/util/concurrent/ForkJoinPool$DefaultForkJoinWorkerThreadFactory
Event: 16.899 loading class java/util/concurrent/ForkJoinPool$ForkJoinWorkerThreadFactory
Event: 16.899 loading class java/util/concurrent/ForkJoinPool$ForkJoinWorkerThreadFactory done
Event: 16.899 loading class java/util/concurrent/ForkJoinPool$DefaultForkJoinWorkerThreadFactory done
Event: 16.899 loading class java/util/concurrent/ForkJoinPool$1
Event: 16.899 loading class java/util/concurrent/ForkJoinPool$1 done
Event: 16.899 loading class java/util/concurrent/ForkJoinPool$DefaultCommonPoolForkJoinWorkerThreadFactory
Event: 16.899 loading class java/util/concurrent/ForkJoinPool$DefaultCommonPoolForkJoinWorkerThreadFactory done
Event: 16.899 loading class java/util/concurrent/ForkJoinPool$WorkQueue
Event: 16.900 loading class java/util/concurrent/ForkJoinPool$WorkQueue done
Event: 16.953 loading class sun/reflect/generics/repository/FieldRepository
Event: 16.953 loading class sun/reflect/generics/repository/FieldRepository done


Dynamic libraries:
0x00007ff746720000 - 0x00007ff74672e000 	c:\Users\Avinash.kote\.vscode\extensions\redhat.java-1.25.1-win32-x64\jre\17.0.9-win32-x86_64\bin\java.exe
0x00007ff83f330000 - 0x00007ff83f528000 	C:\WINDOWS\SYSTEM32\ntdll.dll
0x00007ff83dd10000 - 0x00007ff83ddcd000 	C:\WINDOWS\System32\KERNEL32.DLL
0x00007ff83cd00000 - 0x00007ff83cfce000 	C:\WINDOWS\System32\KERNELBASE.dll
0x0000000056790000 - 0x0000000056825000 	C:\WINDOWS\System32\SYSFER.DLL
0x00007ff83eb00000 - 0x00007ff83ebae000 	C:\WINDOWS\System32\ADVAPI32.dll
0x00007ff83dee0000 - 0x00007ff83df7e000 	C:\WINDOWS\System32\msvcrt.dll
0x00007ff83e920000 - 0x00007ff83e9bc000 	C:\WINDOWS\System32\sechost.dll
0x00007ff83e700000 - 0x00007ff83e825000 	C:\WINDOWS\System32\RPCRT4.dll
0x00007ff83cc00000 - 0x00007ff83cd00000 	C:\WINDOWS\System32\ucrtbase.dll
0x00007ff833810000 - 0x00007ff833827000 	c:\Users\Avinash.kote\.vscode\extensions\redhat.java-1.25.1-win32-x64\jre\17.0.9-win32-x86_64\bin\jli.dll
0x00007ff83dae0000 - 0x00007ff83dc80000 	C:\WINDOWS\System32\USER32.dll
0x00007ff83d2e0000 - 0x00007ff83d302000 	C:\WINDOWS\System32\win32u.dll
0x00007ff83dc80000 - 0x00007ff83dcaa000 	C:\WINDOWS\System32\GDI32.dll
0x00007ff83caf0000 - 0x00007ff83cbfb000 	C:\WINDOWS\System32\gdi32full.dll
0x00007ff83ca50000 - 0x00007ff83caed000 	C:\WINDOWS\System32\msvcp_win.dll
0x00007ff8252e0000 - 0x00007ff8252fb000 	c:\Users\Avinash.kote\.vscode\extensions\redhat.java-1.25.1-win32-x64\jre\17.0.9-win32-x86_64\bin\VCRUNTIME140.dll
0x00007ff81fcf0000 - 0x00007ff81ff8a000 	C:\WINDOWS\WinSxS\amd64_microsoft.windows.common-controls_6595b64144ccf1df_6.0.19041.1110_none_60b5254171f9507e\COMCTL32.dll
0x00007ff83df80000 - 0x00007ff83dfb0000 	C:\WINDOWS\System32\IMM32.DLL
0x00007ff825c00000 - 0x00007ff825c0c000 	c:\Users\Avinash.kote\.vscode\extensions\redhat.java-1.25.1-win32-x64\jre\17.0.9-win32-x86_64\bin\vcruntime140_1.dll
0x00007ff801310000 - 0x00007ff80139d000 	c:\Users\Avinash.kote\.vscode\extensions\redhat.java-1.25.1-win32-x64\jre\17.0.9-win32-x86_64\bin\msvcp140.dll
0x00007fffbfd50000 - 0x00007fffc09b1000 	c:\Users\Avinash.kote\.vscode\extensions\redhat.java-1.25.1-win32-x64\jre\17.0.9-win32-x86_64\bin\server\jvm.dll
0x00007ff83c8c0000 - 0x00007ff83c90b000 	C:\WINDOWS\SYSTEM32\POWRPROF.dll
0x00007ff837610000 - 0x00007ff837619000 	C:\WINDOWS\SYSTEM32\WSOCK32.dll
0x00007ff83e830000 - 0x00007ff83e89b000 	C:\WINDOWS\System32\WS2_32.dll
0x00007ff820250000 - 0x00007ff820277000 	C:\WINDOWS\SYSTEM32\WINMM.dll
0x00007ff8371b0000 - 0x00007ff8371ba000 	C:\WINDOWS\SYSTEM32\VERSION.dll
0x00007ff83c8a0000 - 0x00007ff83c8b2000 	C:\WINDOWS\SYSTEM32\UMPDC.dll
0x00007ff83a970000 - 0x00007ff83a982000 	C:\WINDOWS\SYSTEM32\kernel.appcore.dll
0x00007ff825950000 - 0x00007ff82595a000 	c:\Users\Avinash.kote\.vscode\extensions\redhat.java-1.25.1-win32-x64\jre\17.0.9-win32-x86_64\bin\jimage.dll
0x00007ff81e230000 - 0x00007ff81e414000 	C:\WINDOWS\SYSTEM32\DBGHELP.DLL
0x00007ff81e830000 - 0x00007ff81e85c000 	C:\WINDOWS\SYSTEM32\dbgcore.DLL
0x00007ff83d250000 - 0x00007ff83d2d2000 	C:\WINDOWS\System32\bcryptPrimitives.dll
0x00007ff8255b0000 - 0x00007ff8255be000 	c:\Users\Avinash.kote\.vscode\extensions\redhat.java-1.25.1-win32-x64\jre\17.0.9-win32-x86_64\bin\instrument.dll
0x00007ff8223b0000 - 0x00007ff8223d5000 	c:\Users\Avinash.kote\.vscode\extensions\redhat.java-1.25.1-win32-x64\jre\17.0.9-win32-x86_64\bin\java.dll
0x00007ff8224d0000 - 0x00007ff8224e8000 	c:\Users\Avinash.kote\.vscode\extensions\redhat.java-1.25.1-win32-x64\jre\17.0.9-win32-x86_64\bin\zip.dll
0x00007ff83d390000 - 0x00007ff83dad4000 	C:\WINDOWS\System32\SHELL32.dll
0x00007ff83ab70000 - 0x00007ff83b304000 	C:\WINDOWS\SYSTEM32\windows.storage.dll
0x00007ff83e3a0000 - 0x00007ff83e6f4000 	C:\WINDOWS\System32\combase.dll
0x00007ff83c3e0000 - 0x00007ff83c410000 	C:\WINDOWS\SYSTEM32\Wldp.dll
0x00007ff83e0f0000 - 0x00007ff83e19d000 	C:\WINDOWS\System32\SHCORE.dll
0x00007ff83e8c0000 - 0x00007ff83e915000 	C:\WINDOWS\System32\shlwapi.dll
0x00007ff83c990000 - 0x00007ff83c9af000 	C:\WINDOWS\SYSTEM32\profapi.dll
0x00007ff81a3b0000 - 0x00007ff81a3c9000 	C:\Users\Avinash.kote\.vscode\extensions\redhat.java-1.25.1-win32-x64\jre\17.0.9-win32-x86_64\bin\net.dll
0x00007ff834b60000 - 0x00007ff834c6a000 	C:\WINDOWS\SYSTEM32\WINHTTP.dll
0x00007ff83c140000 - 0x00007ff83c1aa000 	C:\WINDOWS\system32\mswsock.dll
0x00007ff81a390000 - 0x00007ff81a3a6000 	C:\Users\Avinash.kote\.vscode\extensions\redhat.java-1.25.1-win32-x64\jre\17.0.9-win32-x86_64\bin\nio.dll
0x00007ff8223a0000 - 0x00007ff8223b0000 	c:\Users\Avinash.kote\.vscode\extensions\redhat.java-1.25.1-win32-x64\jre\17.0.9-win32-x86_64\bin\verify.dll
0x00007ff822400000 - 0x00007ff82243e000 	C:\Users\Avinash.kote\AppData\Roaming\Code\User\globalStorage\redhat.java\1.25.1\config_ss_win\org.eclipse.equinox.launcher\org.eclipse.equinox.launcher.win32.win32.x86_64_1.2.800.v20231003-1442\eclipse_11802.dll
0x00007ff83e9c0000 - 0x00007ff83eaea000 	C:\WINDOWS\System32\ole32.dll
0x00007ff83c330000 - 0x00007ff83c348000 	C:\WINDOWS\SYSTEM32\CRYPTSP.dll
0x00007ff83bac0000 - 0x00007ff83baf4000 	C:\WINDOWS\system32\rsaenh.dll
0x00007ff83d310000 - 0x00007ff83d337000 	C:\WINDOWS\System32\bcrypt.dll
0x00007ff83c910000 - 0x00007ff83c93e000 	C:\WINDOWS\SYSTEM32\USERENV.dll
0x00007ff83c350000 - 0x00007ff83c35c000 	C:\WINDOWS\SYSTEM32\CRYPTBASE.dll
0x00007ff83be30000 - 0x00007ff83be6b000 	C:\WINDOWS\SYSTEM32\IPHLPAPI.DLL
0x00007ff83e330000 - 0x00007ff83e338000 	C:\WINDOWS\System32\NSI.dll
0x00007ff837640000 - 0x00007ff837657000 	C:\WINDOWS\SYSTEM32\dhcpcsvc6.DLL
0x00007ff837530000 - 0x00007ff83754d000 	C:\WINDOWS\SYSTEM32\dhcpcsvc.DLL
0x00007ff83be80000 - 0x00007ff83bf4b000 	C:\WINDOWS\SYSTEM32\DNSAPI.dll
0x00007ff8092e0000 - 0x00007ff809325000 	C:\Users\Avinash.kote\AppData\Local\Temp\jna-1358800263\jna14145831176233794789.dll
0x00007ff83eaf0000 - 0x00007ff83eaf8000 	C:\WINDOWS\System32\PSAPI.DLL

dbghelp: loaded successfully - version: 4.0.5 - missing functions: none
symbol engine: initialized successfully - sym options: 0x614 - pdb path: .;c:\Users\Avinash.kote\.vscode\extensions\redhat.java-1.25.1-win32-x64\jre\17.0.9-win32-x86_64\bin;C:\WINDOWS\SYSTEM32;C:\WINDOWS\WinSxS\amd64_microsoft.windows.common-controls_6595b64144ccf1df_6.0.19041.1110_none_60b5254171f9507e;c:\Users\Avinash.kote\.vscode\extensions\redhat.java-1.25.1-win32-x64\jre\17.0.9-win32-x86_64\bin\server;C:\Users\Avinash.kote\AppData\Roaming\Code\User\globalStorage\redhat.java\1.25.1\config_ss_win\org.eclipse.equinox.launcher\org.eclipse.equinox.launcher.win32.win32.x86_64_1.2.800.v20231003-1442;C:\Users\Avinash.kote\AppData\Local\Temp\jna-1358800263

VM Arguments:
jvm_args: --add-modules=ALL-SYSTEM --add-opens=java.base/java.util=ALL-UNNAMED --add-opens=java.base/java.lang=ALL-UNNAMED --add-opens=java.base/sun.nio.fs=ALL-UNNAMED -Declipse.application=org.eclipse.jdt.ls.core.id1 -Dosgi.bundles.defaultStartLevel=4 -Declipse.product=org.eclipse.jdt.ls.core.product -Djava.import.generatesMetadataFilesAtProjectRoot=false -DDetectVMInstallationsJob.disabled=true -Dfile.encoding=utf8 -XX:+UseParallelGC -XX:GCTimeRatio=4 -XX:AdaptiveSizePolicyWeight=90 -Dsun.zip.disableMemoryMapping=true -Xmx1G -Xms100m -Xlog:disable -javaagent:c:\Users\Avinash.kote\.vscode\extensions\redhat.java-1.25.1-win32-x64\lombok\lombok-1.18.30.jar 
java_command: c:\Users\Avinash.kote\.vscode\extensions\redhat.java-1.25.1-win32-x64\server\plugins\org.eclipse.equinox.launcher_1.6.600.v20231106-1826.jar -configuration c:\Users\Avinash.kote\AppData\Roaming\Code\User\globalStorage\redhat.java\1.25.1\config_ss_win -data c:\Users\Avinash.kote\AppData\Roaming\Code\User\workspaceStorage\531a7c8171398f6ade8ede72f21d7438\redhat.java\ss_ws --stdio
java_class_path (initial): c:\Users\Avinash.kote\.vscode\extensions\redhat.java-1.25.1-win32-x64\server\plugins\org.eclipse.equinox.launcher_1.6.600.v20231106-1826.jar
Launcher Type: SUN_STANDARD

[Global flags]
    uintx AdaptiveSizePolicyWeight                 = 90                                        {product} {command line}
     intx CICompilerCount                          = 3                                         {product} {ergonomic}
    uintx GCTimeRatio                              = 4                                         {product} {command line}
   size_t InitialHeapSize                          = 104857600                                 {product} {command line}
   size_t MaxHeapSize                              = 1073741824                                {product} {command line}
   size_t MaxNewSize                               = 357564416                                 {product} {ergonomic}
   size_t MinHeapDeltaBytes                        = 524288                                    {product} {ergonomic}
   size_t MinHeapSize                              = 104857600                                 {product} {command line}
   size_t NewSize                                  = 34603008                                  {product} {ergonomic}
    uintx NonNMethodCodeHeapSize                   = 5832780                                {pd product} {ergonomic}
    uintx NonProfiledCodeHeapSize                  = 122912730                              {pd product} {ergonomic}
   size_t OldSize                                  = 70254592                                  {product} {ergonomic}
    uintx ProfiledCodeHeapSize                     = 122912730                              {pd product} {ergonomic}
    uintx ReservedCodeCacheSize                    = 251658240                              {pd product} {ergonomic}
     bool SegmentedCodeCache                       = true                                      {product} {ergonomic}
   size_t SoftMaxHeapSize                          = 1073741824                             {manageable} {ergonomic}
     bool UseCompressedClassPointers               = true                           {product lp64_product} {ergonomic}
     bool UseCompressedOops                        = true                           {product lp64_product} {ergonomic}
     bool UseLargePagesIndividualAllocation        = false                                  {pd product} {ergonomic}
     bool UseParallelGC                            = true                                      {product} {command line}

Logging:
Log output configuration:
 #0: stdout all=off uptime,level,tags
 #1: stderr all=off uptime,level,tags

Environment Variables:
JAVA_HOME=C:\Program Files\Java\jdk-14.0.2
PATH=C:\Program Files (x86)\Intel\Intel(R) Management Engine Components\iCLS\;C:\Program Files\Intel\Intel(R) Management Engine Components\iCLS\;C:\WINDOWS\system32;C:\WINDOWS;C:\WINDOWS\System32\Wbem;C:\WINDOWS\System32\WindowsPowerShell\v1.0\;C:\WINDOWS\System32\OpenSSH\;C:\Program Files (x86)\Intel\Intel(R) Management Engine Components\DAL;C:\Program Files\Intel\Intel(R) Management Engine Components\DAL;C:\Program Files\Java\jdk-14.0.2\bin;C:\Program Files\Java\jdk-14.0.2\bin;C:\Program Files\nodejs\;C:\ProgramData\chocolatey\bin;C:\Users\Avinash.kote\AppData\Local\Microsoft\WindowsApps;C:\Users\Avinash.kote\AppData\Local\Programs\Microsoft VS Code\bin;C:\Users\Avinash.kote\AppData\Local\Programs\Git\cmd
USERNAME=Avinash.kote
OS=Windows_NT
PROCESSOR_IDENTIFIER=Intel64 Family 6 Model 142 Stepping 10, GenuineIntel
TMP=C:\Users\AVINAS~1.KOT\AppData\Local\Temp
TEMP=C:\Users\AVINAS~1.KOT\AppData\Local\Temp



Periodic native trim disabled


---------------  S Y S T E M  ---------------

OS:
 Windows 10 , 64 bit Build 19041 (10.0.19041.1806)
OS uptime: 20 days 23:58 hours

CPU: total 4 (initial active 4) (2 cores per cpu, 2 threads per core) family 6 model 142 stepping 10 microcode 0xb4, cx8, cmov, fxsr, ht, mmx, 3dnowpref, sse, sse2, sse3, ssse3, sse4.1, sse4.2, popcnt, lzcnt, tsc, tscinvbit, avx, avx2, aes, erms, clmul, bmi1, bmi2, adx, fma, vzeroupper, clflush, clflushopt
Processor Information for all 4 processors :
  Max Mhz: 2208, Current Mhz: 2208, Mhz Limit: 2208

Memory: 4k page, system-wide physical 8048M (878M free)
TotalPageFile size 32624M (AvailPageFile size 217M)
current process WorkingSet (physical memory assigned to process): 134M, peak: 134M
current process commit charge ("private bytes"): 229M, peak: 229M

vm_info: OpenJDK 64-Bit Server VM (17.0.9+9) for windows-amd64 JRE (17.0.9+9), built on Oct 26 2023 14:01:42 by "admin" with MS VC++ 16.10 / 16.11 (VS2019)

END.
